TN:
SF:/ascendc-agent/ops-transformer/mc2/allto_all_all_gather_batch_mat_mul/op_graph/fallback_allto_all_all_gather_batch_mat_mul.cpp
FN:23,_ZN8fallbackL31AlltoAllAllGatherBmmExecuteFuncEPN4gert16OpExecuteContextE
FN:71,_ZZN8fallbackL31AlltoAllAllGatherBmmExecuteFuncEPN4gert16OpExecuteContextEENKUlvE_clEv
FNDA:0,_ZZN8fallbackL31AlltoAllAllGatherBmmExecuteFuncEPN4gert16OpExecuteContextEENKUlvE_clEv
FNDA:0,_ZN8fallbackL31AlltoAllAllGatherBmmExecuteFuncEPN4gert16OpExecuteContextE
FNF:2
FNH:0
DA:23,0
DA:24,0
DA:25,0
DA:27,0
DA:28,0
DA:30,0
DA:31,0
DA:33,0
DA:35,0
DA:36,0
DA:40,0
DA:41,0
DA:43,0
DA:44,0
DA:46,0
DA:47,0
DA:49,0
DA:50,0
DA:51,0
DA:52,0
DA:53,0
DA:54,0
DA:55,0
DA:57,0
DA:58,0
DA:59,0
DA:60,0
DA:61,0
DA:63,0
DA:64,0
DA:65,0
DA:68,0
DA:69,0
DA:71,0
DA:73,0
LF:35
LH:0
end_of_record
TN:
SF:/ascendc-agent/ops-transformer/mc2/allto_all_all_gather_batch_mat_mul/op_host/allto_all_all_gather_batch_mat_mul_infershape.cpp
FN:28,_ZN12_GLOBAL__N_117DynamicEmptyCheckEPKN4gert5ShapeES3_mRN6Mc2Moe12OutShapeInfoE
FN:54,_ZN12_GLOBAL__N_115OutputFlagCheckEPKcbS1_RN6Mc2Moe12OutShapeInfoE
FN:65,_ZN12_GLOBAL__N_112ActTypeCheckEPKclb
FN:83,_ZN12_GLOBAL__N_122CommonCheckTensorShapeEPKcPKN4gert5ShapeES5_m
FN:210,_ZN12_GLOBAL__N_122XShardCheckTensorShapeEPKcPKN4gert5ShapeES5_lllmm
FN:226,_ZN12_GLOBAL__N_114CheckBiasShapeEPKcPKN4gert5ShapeES5_m
FN:266,_ZN12_GLOBAL__N_116CheckTensorShapeEPKcPKN4gert5ShapeES5_S5_llmml
FN:308,_ZN12_GLOBAL__N_110CheckAttrsEPKN4gert17InferShapeContextERlS4_RbS4_S5_S5_
FN:407,_ZN3opsL14SetTensorShapeEPKcPKN4gert5ShapeES5_llmmlPS3_S6_S6_bb
FN:429,_ZN3opsL30InferShapeAlltoAllAllGatherBmmEPN4gert17InferShapeContextE
FN:484,_ZN3opsL33InferDataTypeAlltoAllAllGatherBmmEPN4gert20InferDataTypeContextE
FNDA:5,_ZN12_GLOBAL__N_117DynamicEmptyCheckEPKN4gert5ShapeES3_mRN6Mc2Moe12OutShapeInfoE
FNDA:15,_ZN12_GLOBAL__N_116CheckTensorShapeEPKcPKN4gert5ShapeES5_S5_llmml
FNDA:14,_ZN12_GLOBAL__N_122CommonCheckTensorShapeEPKcPKN4gert5ShapeES5_m
FNDA:10,_ZN12_GLOBAL__N_115OutputFlagCheckEPKcbS1_RN6Mc2Moe12OutShapeInfoE
FNDA:21,_ZN3opsL30InferShapeAlltoAllAllGatherBmmEPN4gert17InferShapeContextE
FNDA:7,_ZN12_GLOBAL__N_114CheckBiasShapeEPKcPKN4gert5ShapeES5_m
FNDA:16,_ZN12_GLOBAL__N_112ActTypeCheckEPKclb
FNDA:5,_ZN3opsL14SetTensorShapeEPKcPKN4gert5ShapeES5_llmmlPS3_S6_S6_bb
FNDA:11,_ZN12_GLOBAL__N_122XShardCheckTensorShapeEPKcPKN4gert5ShapeES5_lllmm
FNDA:8,_ZN3opsL33InferDataTypeAlltoAllAllGatherBmmEPN4gert20InferDataTypeContextE
FNDA:21,_ZN12_GLOBAL__N_110CheckAttrsEPKN4gert17InferShapeContextERlS4_RbS4_S5_S5_
FNF:11
FNH:11
DA:28,5
DA:32,5
DA:33,0
DA:35,5
DA:36,0
DA:38,10
DA:39,0
DA:43,5
DA:44,0
DA:46,5
DA:47,0
DA:50,5
DA:54,10
DA:56,10
DA:57,9
DA:58,9
DA:59,9
DA:60,9
DA:62,10
DA:65,16
DA:67,64
DA:68,32
DA:69,0
DA:70,0
DA:73,16
DA:74,1
DA:76,1
DA:77,1
DA:83,14
DA:87,14
DA:88,1
DA:91,1
DA:94,25
DA:95,1
DA:96,1
DA:99,12
DA:100,1
DA:101,1
DA:102,1
DA:108,1
DA:113,22
DA:114,0
DA:115,0
DA:120,0
DA:210,11
DA:215,11
DA:218,8
DA:219,1
DA:220,7
DA:221,7
DA:226,7
DA:230,7
DA:231,1
DA:232,1
DA:236,6
DA:237,0
DA:242,0
DA:245,6
DA:246,6
DA:247,6
DA:248,1
DA:249,1
DA:254,10
DA:255,0
DA:260,0
DA:266,15
DA:270,15
DA:271,15
DA:272,15
DA:273,15
DA:274,15
DA:275,1
DA:276,1
DA:279,14
DA:280,3
DA:281,3
DA:284,11
DA:285,11
DA:286,4
DA:287,4
DA:290,0
DA:291,0
DA:294,7
DA:295,7
DA:296,7
DA:297,7
DA:298,7
DA:299,2
DA:300,2
DA:304,5
DA:308,21
DA:312,21
DA:314,21
DA:315,21
DA:316,21
DA:320,21
DA:321,21
DA:322,21
DA:323,21
DA:324,21
DA:325,21
DA:326,21
DA:327,21
DA:328,21
DA:330,21
DA:331,21
DA:332,0
DA:333,0
DA:336,21
DA:337,21
DA:338,21
DA:339,21
DA:340,21
DA:341,21
DA:342,21
DA:344,21
DA:345,1
DA:346,1
DA:349,20
DA:350,2
DA:351,2
DA:354,18
DA:355,2
DA:356,2
DA:359,16
DA:360,1
DA:361,1
DA:364,15
DA:372,5
DA:376,5
DA:377,1
DA:378,1
DA:379,2
DA:380,4
DA:381,4
DA:382,4
DA:383,8
DA:385,5
DA:388,5
DA:392,5
DA:393,1
DA:394,1
DA:395,2
DA:396,4
DA:397,4
DA:398,4
DA:399,8
DA:401,5
DA:407,5
DA:412,5
DA:413,5
DA:415,5
DA:416,5
DA:417,5
DA:419,5
DA:420,5
DA:423,5
DA:424,5
DA:425,5
DA:426,5
DA:427,5
DA:429,21
DA:431,21
DA:433,21
DA:434,21
DA:437,21
DA:438,21
DA:439,21
DA:440,21
DA:441,21
DA:442,21
DA:443,21
DA:444,21
DA:445,21
DA:446,21
DA:447,21
DA:450,21
DA:451,21
DA:452,21
DA:453,21
DA:454,21
DA:455,21
DA:457,21
DA:458,6
DA:459,6
DA:462,15
DA:463,15
DA:465,15
DA:466,15
DA:469,15
DA:470,10
DA:471,10
DA:474,5
DA:476,5
DA:477,5
DA:478,5
DA:479,5
DA:480,5
DA:484,8
DA:486,8
DA:488,8
DA:489,8
DA:491,8
DA:492,8
DA:493,8
DA:494,8
DA:495,6
DA:496,6
DA:499,2
DA:500,2
DA:501,2
DA:503,2
DA:506,2
DA:509,2
DA:512,2
LF:215
LH:197
end_of_record
TN:
SF:/ascendc-agent/ops-transformer/mc2/allto_all_all_gather_batch_mat_mul/op_host/op_tiling/allto_all_all_gather_batch_mat_mul_tiling.cpp
FN:99,_ZN8optilingL26PrintCommonTilingVariablesEPNS_38AlltoAllAllGatherBatchMatMulTilingDataE
FN:145,_ZN8optilingL18PrintSliceTileInfoEPNS_38AlltoAllAllGatherBatchMatMulTilingDataE
FN:201,_ZN8optilingL26InitTileInfoInCommonTilingEPNS_38AlltoAllAllGatherBatchMatMulTilingDataE
FN:242,_ZN8optilingL34CheckTransposeUBAndUpdateTileShardERNS_15TransposeConfigEPNS_38AlltoAllAllGatherBatchMatMulTilingDataE
FN:278,_ZN8optilingL18CheckAddActivateUBERNS_16ActivationParamsEPNS_38AlltoAllAllGatherBatchMatMulTilingDataE
FN:323,_ZN8optilingL15UpdateTileShardERNS_15TileShardParamsEPNS_38AlltoAllAllGatherBatchMatMulTilingDataE
FN:360,_ZN8optilingL15UpdateTilingKeyEPNS_38AlltoAllAllGatherBatchMatMulTilingDataEbb
FN:394,_ZN8optilingL36GetAlltoAllAllGatherFormulateTileCntERN9mc2tiling10TilingArgsEPNS_38AlltoAllAllGatherBatchMatMulTilingDataE
FN:422,_ZN8optilingL42GetAlltoAllAllGatherFormulateTileCntShardHERN9mc2tiling10TilingArgsEPNS_38AlltoAllAllGatherBatchMatMulTilingDataE
FN:468,_ZN8optilingL24HandleLocalBmmTilingDataEPN4gert13TilingContextEPNS_38AlltoAllAllGatherBatchMatMulTilingDataENS_26AlltoAllAllGatherBatchInfoENS_27AlltoAllAllGatherMatmulInfoE
FN:515,_ZN8optilingL28HandleNoneLocalBmmTilingDataEPN4gert13TilingContextEPNS_38AlltoAllAllGatherBatchMatMulTilingDataENS_26AlltoAllAllGatherBatchInfoENS_27AlltoAllAllGatherMatmulInfoE
FN:567,_ZN8optilingL43SetMatmulTilingAlltoAllAllGatherBatchMatMulEPN4gert13TilingContextEPNS_38AlltoAllAllGatherBatchMatMulTilingDataENS_26AlltoAllAllGatherBatchInfoENS_27AlltoAllAllGatherMatmulInfoERN9mc2tiling10TilingArgsE
FN:609,_ZN8optilingL12ActTypeCheckEPKclb
FN:711,_ZN8optilingL14CheckBiasShapeEPKcPKN4gert5ShapeES5_m
FN:749,_ZN8optilingL16CheckTensorShapeEPKcPKN4gert5ShapeES5_S5_llmml
FN:785,_ZN8optilingL15CheckIsAttrNullEPKcPKlS3_S3_S3_PKbS5_
FN:806,_ZN8optilingL10CheckAttrsEPKN4gert13TilingContextERlS4_S4_RbS5_
FN:856,_ZN8optilingL39TilingCheckAlltoAllAllGatherBatchMatMulEPN4gert13TilingContextE
FN:919,_ZN8optilingL14GetCommOutSizeEPNS_38AlltoAllAllGatherBatchMatMulTilingDataE
FN:948,_ZN8optilingL15GetTransOutSizeEPNS_38AlltoAllAllGatherBatchMatMulTilingDataEmmm
FN:976,_ZN8optilingL13GetBmmOutSizeEPNS_38AlltoAllAllGatherBatchMatMulTilingDataEmmm
FN:1004,_ZN8optilingL20MC2SetWorkspaceShardEPN4gert13TilingContextEPNS_38AlltoAllAllGatherBatchMatMulTilingDataE
FN:1031,_ZN8optilingL35SetDataSliceInfoInCommmonTilingDataEPKN4gert13TilingContextEPNS_38AlltoAllAllGatherBatchMatMulTilingDataE
FN:1075,_ZN8optilingL41SetDataTypeAndSizeInfoInCommmonTilingDataEPKN4gert13TilingContextEPNS_38AlltoAllAllGatherBatchMatMulTilingDataE
FN:1100,_ZN8optilingL19SetCommonTilingDataEPN4gert13TilingContextEmmPNS_38AlltoAllAllGatherBatchMatMulTilingDataE
FN:1111,_ZN8optilingL23GetChipDataFromPlatformEPKN4gert13TilingContextERjRmS5_S5_
FN:1122,_ZN8optilingL13SetHcclTilingEPKN4gert13TilingContextEPNS_38AlltoAllAllGatherBatchMatMulTilingDataE
FN:1162,_ZN8optilingL24SetBatchMatMulTilingDataEPN4gert13TilingContextEmPNS_38AlltoAllAllGatherBatchMatMulTilingDataE
FN:1204,_ZN8optilingL29SetUbTilingDataInCommonTilingEPKN4gert13TilingContextEmPNS_38AlltoAllAllGatherBatchMatMulTilingDataE
FN:1263,_ZN8optilingL14SetContextDataEPN4gert13TilingContextEjPNS_38AlltoAllAllGatherBatchMatMulTilingDataE
FN:1273,_ZN8optiling38AlltoAllAllGatherBatchMatMulTilingFuncEPN4gert13TilingContextE
FN:1306,_ZN8optiling42TilingParseForAlltoAllAllGatherBatchMatMulEPN4gert18TilingParseContextE
FNDA:14,_ZN8optilingL18PrintSliceTileInfoEPNS_38AlltoAllAllGatherBatchMatMulTilingDataE
FNDA:14,_ZN8optilingL28HandleNoneLocalBmmTilingDataEPN4gert13TilingContextEPNS_38AlltoAllAllGatherBatchMatMulTilingDataENS_26AlltoAllAllGatherBatchInfoENS_27AlltoAllAllGatherMatmulInfoE
FNDA:14,_ZN8optilingL26PrintCommonTilingVariablesEPNS_38AlltoAllAllGatherBatchMatMulTilingDataE
FNDA:33,_ZN8optilingL15CheckIsAttrNullEPKcPKlS3_S3_S3_PKbS5_
FNDA:14,_ZN8optilingL13GetBmmOutSizeEPNS_38AlltoAllAllGatherBatchMatMulTilingDataEmmm
FNDA:14,_ZN8optilingL29SetUbTilingDataInCommonTilingEPKN4gert13TilingContextEmPNS_38AlltoAllAllGatherBatchMatMulTilingDataE
FNDA:14,_ZN8optilingL41SetDataTypeAndSizeInfoInCommmonTilingDataEPKN4gert13TilingContextEPNS_38AlltoAllAllGatherBatchMatMulTilingDataE
FNDA:14,_ZN8optilingL23GetChipDataFromPlatformEPKN4gert13TilingContextERjRmS5_S5_
FNDA:14,_ZN8optilingL43SetMatmulTilingAlltoAllAllGatherBatchMatMulEPN4gert13TilingContextEPNS_38AlltoAllAllGatherBatchMatMulTilingDataENS_26AlltoAllAllGatherBatchInfoENS_27AlltoAllAllGatherMatmulInfoERN9mc2tiling10TilingArgsE
FNDA:14,_ZN8optilingL26InitTileInfoInCommonTilingEPNS_38AlltoAllAllGatherBatchMatMulTilingDataE
FNDA:14,_ZN8optilingL15UpdateTilingKeyEPNS_38AlltoAllAllGatherBatchMatMulTilingDataEbb
FNDA:14,_ZN8optilingL14SetContextDataEPN4gert13TilingContextEjPNS_38AlltoAllAllGatherBatchMatMulTilingDataE
FNDA:14,_ZN8optilingL19SetCommonTilingDataEPN4gert13TilingContextEmmPNS_38AlltoAllAllGatherBatchMatMulTilingDataE
FNDA:4,_ZN8optilingL14CheckBiasShapeEPKcPKN4gert5ShapeES5_m
FNDA:14,_ZN8optilingL24SetBatchMatMulTilingDataEPN4gert13TilingContextEmPNS_38AlltoAllAllGatherBatchMatMulTilingDataE
FNDA:56,_ZN8optilingL15UpdateTileShardERNS_15TileShardParamsEPNS_38AlltoAllAllGatherBatchMatMulTilingDataE
FNDA:25,_ZN8optilingL16CheckTensorShapeEPKcPKN4gert5ShapeES5_S5_llmml
FNDA:56,_ZN8optilingL34CheckTransposeUBAndUpdateTileShardERNS_15TransposeConfigEPNS_38AlltoAllAllGatherBatchMatMulTilingDataE
FNDA:7,_ZN8optilingL36GetAlltoAllAllGatherFormulateTileCntERN9mc2tiling10TilingArgsEPNS_38AlltoAllAllGatherBatchMatMulTilingDataE
FNDA:14,_ZN8optilingL13SetHcclTilingEPKN4gert13TilingContextEPNS_38AlltoAllAllGatherBatchMatMulTilingDataE
FNDA:33,_ZN8optilingL10CheckAttrsEPKN4gert13TilingContextERlS4_S4_RbS5_
FNDA:33,_ZN8optiling38AlltoAllAllGatherBatchMatMulTilingFuncEPN4gert13TilingContextE
FNDA:33,_ZN8optilingL39TilingCheckAlltoAllAllGatherBatchMatMulEPN4gert13TilingContextE
FNDA:14,_ZN8optilingL35SetDataSliceInfoInCommmonTilingDataEPKN4gert13TilingContextEPNS_38AlltoAllAllGatherBatchMatMulTilingDataE
FNDA:30,_ZN8optilingL12ActTypeCheckEPKclb
FNDA:0,_ZN8optiling42TilingParseForAlltoAllAllGatherBatchMatMulEPN4gert18TilingParseContextE
FNDA:14,_ZN8optilingL15GetTransOutSizeEPNS_38AlltoAllAllGatherBatchMatMulTilingDataEmmm
FNDA:14,_ZN8optilingL20MC2SetWorkspaceShardEPN4gert13TilingContextEPNS_38AlltoAllAllGatherBatchMatMulTilingDataE
FNDA:14,_ZN8optilingL14GetCommOutSizeEPNS_38AlltoAllAllGatherBatchMatMulTilingDataE
FNDA:7,_ZN8optilingL42GetAlltoAllAllGatherFormulateTileCntShardHERN9mc2tiling10TilingArgsEPNS_38AlltoAllAllGatherBatchMatMulTilingDataE
FNDA:14,_ZN8optilingL24HandleLocalBmmTilingDataEPN4gert13TilingContextEPNS_38AlltoAllAllGatherBatchMatMulTilingDataENS_26AlltoAllAllGatherBatchInfoENS_27AlltoAllAllGatherMatmulInfoE
FNDA:56,_ZN8optilingL18CheckAddActivateUBERNS_16ActivationParamsEPNS_38AlltoAllAllGatherBatchMatMulTilingDataE
FNF:32
FNH:31
DA:99,14
DA:101,14
DA:103,14
DA:105,14
DA:107,14
DA:109,14
DA:110,14
DA:112,14
DA:113,14
DA:115,14
DA:117,14
DA:119,14
DA:121,14
DA:123,14
DA:125,14
DA:127,14
DA:129,14
DA:131,14
DA:133,14
DA:135,14
DA:137,14
DA:139,14
DA:141,14
DA:143,14
DA:145,14
DA:147,14
DA:149,14
DA:151,14
DA:153,14
DA:155,14
DA:157,14
DA:159,14
DA:161,14
DA:163,14
DA:165,14
DA:167,14
DA:169,14
DA:171,14
DA:173,14
DA:175,14
DA:177,14
DA:179,14
DA:181,56
DA:183,56
DA:185,56
DA:188,1
DA:192,70
DA:194,70
DA:197,1
DA:201,14
DA:203,14
DA:204,14
DA:205,14
DA:206,14
DA:208,14
DA:209,14
DA:210,14
DA:211,14
DA:213,14
DA:214,14
DA:215,7
DA:216,7
DA:218,7
DA:220,14
DA:221,14
DA:223,14
DA:224,14
DA:225,7
DA:226,7
DA:228,7
DA:230,14
DA:231,14
DA:232,14
DA:234,112
DA:236,112
DA:237,112
DA:238,112
DA:239,112
DA:242,56
DA:245,56
DA:246,56
DA:247,56
DA:248,56
DA:250,56
DA:251,56
DA:253,56
DA:254,28
DA:255,28
DA:256,28
DA:258,56
DA:259,28
DA:260,14
DA:261,14
DA:262,14
DA:265,56
DA:266,56
DA:267,56
DA:268,56
DA:270,84
DA:272,28
DA:274,56
DA:275,56
DA:278,56
DA:280,56
DA:281,56
DA:282,56
DA:283,56
DA:284,56
DA:285,56
DA:286,56
DA:288,56
DA:289,8
DA:293,8
DA:295,8
DA:298,56
DA:299,8
DA:303,8
DA:307,56
DA:308,8
DA:311,8
DA:315,56
DA:316,56
DA:317,56
DA:318,56
DA:319,56
DA:320,64
DA:321,56
DA:323,56
DA:325,56
DA:326,56
DA:327,56
DA:329,56
DA:330,28
DA:331,28
DA:332,28
DA:333,56
DA:334,28
DA:335,14
DA:336,14
DA:337,14
DA:340,56
DA:341,56
DA:342,56
DA:343,56
DA:345,112
DA:347,28
DA:348,28
DA:349,56
DA:350,56
DA:353,56
DA:356,56
DA:357,56
DA:360,14
DA:362,14
DA:363,14
DA:364,14
DA:366,28
DA:368,14
DA:369,14
DA:370,14
DA:371,14
DA:372,14
DA:374,14
DA:375,14
DA:378,32
DA:381,32
DA:382,32
DA:383,32
DA:384,32
DA:385,32
DA:386,32
DA:387,32
DA:388,32
DA:389,32
DA:391,32
DA:394,7
DA:397,7
DA:398,7
DA:399,14
DA:400,7
DA:402,7
DA:403,7
DA:404,7
DA:405,7
DA:407,7
DA:408,7
DA:409,7
DA:410,7
DA:412,7
DA:413,7
DA:414,7
DA:415,7
DA:416,7
DA:419,14
DA:422,7
DA:425,7
DA:426,7
DA:427,14
DA:428,7
DA:429,7
DA:430,6
DA:431,6
DA:432,6
DA:433,6
DA:435,1
DA:436,1
DA:437,1
DA:438,1
DA:441,7
DA:442,6
DA:443,6
DA:444,6
DA:445,6
DA:447,1
DA:448,1
DA:449,1
DA:450,1
DA:453,7
DA:454,6
DA:455,6
DA:456,6
DA:457,6
DA:459,1
DA:460,1
DA:461,1
DA:462,1
DA:465,14
DA:468,14
DA:475,14
DA:476,21
DA:477,7
DA:478,7
DA:479,7
DA:481,21
DA:482,7
DA:483,7
DA:485,14
DA:486,28
DA:487,14
DA:493,14
DA:494,1
DA:495,1
DA:496,0
DA:497,0
DA:498,0
DA:499,0
DA:501,2
DA:502,1
DA:505,1
DA:506,2
DA:507,1
DA:515,14
DA:521,14
DA:522,21
DA:523,7
DA:524,7
DA:525,7
DA:526,7
DA:528,21
DA:529,7
DA:530,7
DA:531,7
DA:532,7
DA:534,14
DA:535,28
DA:536,14
DA:542,14
DA:543,1
DA:544,1
DA:545,0
DA:546,0
DA:548,0
DA:549,0
DA:551,2
DA:552,1
DA:554,1
DA:555,1
DA:557,1
DA:558,2
DA:559,1
DA:567,14
DA:574,14
DA:575,7
DA:577,7
DA:580,14
DA:583,14
DA:589,14
DA:590,7
DA:591,6
DA:592,2
DA:593,2
DA:595,2
DA:597,2
DA:598,4
DA:599,2
DA:600,0
DA:601,0
DA:609,30
DA:611,120
DA:612,60
DA:613,1
DA:618,1
DA:621,29
DA:622,3
DA:624,3
DA:625,3
DA:711,4
DA:715,4
DA:716,1
DA:717,1
DA:721,3
DA:722,1
DA:726,1
DA:729,2
DA:730,2
DA:731,2
DA:732,0
DA:733,0
DA:738,4
DA:739,0
DA:743,0
DA:749,25
DA:753,25
DA:754,0
DA:755,0
DA:757,25
DA:758,1
DA:759,1
DA:762,24
DA:763,1
DA:764,1
DA:767,23
DA:768,23
DA:769,7
DA:770,7
DA:774,16
DA:775,4
DA:776,2
DA:777,2
DA:781,14
DA:785,33
DA:789,33
DA:790,0
DA:791,0
DA:794,33
DA:795,0
DA:796,0
DA:799,33
DA:800,0
DA:801,0
DA:806,33
DA:809,33
DA:810,33
DA:811,0
DA:813,33
DA:814,33
DA:815,33
DA:816,33
DA:817,33
DA:818,33
DA:819,33
DA:820,33
DA:822,33
DA:826,33
DA:827,33
DA:828,33
DA:829,33
DA:830,33
DA:831,33
DA:833,33
DA:834,2
DA:835,2
DA:837,31
DA:838,1
DA:840,1
DA:842,30
DA:843,0
DA:844,0
DA:846,30
DA:847,4
DA:848,4
DA:850,26
DA:856,33
DA:858,33
DA:860,33
DA:861,33
DA:864,33
DA:865,33
DA:866,33
DA:867,33
DA:868,33
DA:870,33
DA:871,33
DA:872,33
DA:875,33
DA:876,33
DA:877,33
DA:878,33
DA:879,33
DA:880,33
DA:881,7
DA:886,26
DA:887,1
DA:888,1
DA:889,1
DA:891,25
DA:892,0
DA:893,0
DA:894,0
DA:898,25
DA:899,25
DA:901,25
DA:902,25
DA:904,25
DA:905,25
DA:906,25
DA:907,25
DA:908,25
DA:911,25
DA:912,11
DA:919,14
DA:921,14
DA:922,14
DA:924,7
DA:925,7
DA:926,7
DA:927,7
DA:928,7
DA:929,7
DA:930,7
DA:933,7
DA:934,7
DA:935,7
DA:936,7
DA:937,7
DA:938,7
DA:939,7
DA:940,7
DA:941,7
DA:945,14
DA:948,14
DA:951,14
DA:952,14
DA:954,7
DA:955,7
DA:956,7
DA:957,7
DA:958,7
DA:959,14
DA:960,10
DA:963,7
DA:964,7
DA:965,7
DA:966,7
DA:967,7
DA:968,7
DA:969,7
DA:970,14
DA:971,14
DA:973,14
DA:976,14
DA:979,14
DA:981,14
DA:982,7
DA:983,7
DA:984,7
DA:985,7
DA:986,14
DA:987,10
DA:991,7
DA:992,7
DA:993,7
DA:994,7
DA:995,7
DA:996,7
DA:997,14
DA:998,14
DA:1000,14
DA:1004,14
DA:1007,14
DA:1008,0
DA:1012,14
DA:1014,14
DA:1015,14
DA:1016,14
DA:1017,14
DA:1018,14
DA:1019,14
DA:1020,14
DA:1021,14
DA:1023,14
DA:1024,14
DA:1031,14
DA:1034,14
DA:1035,14
DA:1036,14
DA:1037,14
DA:1038,14
DA:1039,14
DA:1040,14
DA:1041,14
DA:1042,14
DA:1043,14
DA:1044,14
DA:1045,14
DA:1046,14
DA:1048,14
DA:1049,14
DA:1051,14
DA:1052,1
DA:1053,1
DA:1054,1
DA:1055,1
DA:1057,14
DA:1058,14
DA:1059,14
DA:1061,14
DA:1062,14
DA:1063,14
DA:1064,14
DA:1065,14
DA:1066,14
DA:1067,14
DA:1068,14
DA:1069,14
DA:1070,14
DA:1071,14
DA:1072,14
DA:1075,14
DA:1078,14
DA:1079,14
DA:1080,2
DA:1081,14
DA:1082,14
DA:1083,14
DA:1085,28
DA:1086,14
DA:1087,14
DA:1088,14
DA:1089,14
DA:1091,14
DA:1092,14
DA:1093,14
DA:1094,14
DA:1095,14
DA:1096,14
DA:1097,14
DA:1100,14
DA:1103,14
DA:1104,14
DA:1105,14
DA:1106,14
DA:1107,14
DA:1108,14
DA:1111,14
DA:1114,28
DA:1115,14
DA:1116,14
DA:1117,14
DA:1118,14
DA:1119,14
DA:1122,14
DA:1124,28
DA:1125,28
DA:1127,14
DA:1128,0
DA:1130,14
DA:1131,14
DA:1133,14
DA:1134,14
DA:1135,14
DA:1136,28
DA:1137,28
DA:1138,28
DA:1143,28
DA:1149,14
DA:1150,14
DA:1152,28
DA:1153,14
DA:1154,14
DA:1155,28
DA:1156,14
DA:1157,14
DA:1158,14
DA:1159,14
DA:1162,14
DA:1165,14
DA:1166,14
DA:1167,14
DA:1169,14
DA:1170,2
DA:1171,28
DA:1172,14
DA:1173,14
DA:1175,14
DA:1176,14
DA:1177,14
DA:1178,14
DA:1179,14
DA:1180,14
DA:1181,14
DA:1183,14
DA:1185,14
DA:1186,14
DA:1187,14
DA:1188,14
DA:1189,14
DA:1190,14
DA:1191,14
DA:1192,14
DA:1193,14
DA:1194,14
DA:1197,14
DA:1204,14
DA:1207,28
DA:1208,14
DA:1209,14
DA:1211,14
DA:1212,14
DA:1214,14
DA:1215,14
DA:1216,14
DA:1217,14
DA:1219,14
DA:1220,14
DA:1222,14
DA:1223,14
DA:1224,14
DA:1228,14
DA:1230,14
DA:1231,14
DA:1232,14
DA:1236,14
DA:1238,14
DA:1239,14
DA:1240,14
DA:1244,14
DA:1246,14
DA:1247,14
DA:1248,14
DA:1249,14
DA:1250,14
DA:1252,14
DA:1253,14
DA:1255,14
DA:1256,14
DA:1258,14
DA:1260,14
DA:1263,14
DA:1266,14
DA:1267,14
DA:1268,14
DA:1269,14
DA:1270,14
DA:1273,33
DA:1276,52
DA:1279,14
DA:1280,14
DA:1281,14
DA:1282,14
DA:1283,14
DA:1284,14
DA:1285,14
DA:1287,14
DA:1288,14
DA:1291,14
DA:1294,14
DA:1295,14
DA:1299,14
DA:1300,14
DA:1301,14
DA:1306,0
DA:1308,0
DA:1309,0
LF:674
LH:641
end_of_record
TN:
SF:/ascendc-agent/ops-transformer/mc2/allto_all_all_gather_batch_mat_mul/op_host/op_tiling/allto_all_all_gather_batch_mat_mul_tiling.h
FN:63,_ZN8optiling34AlltoAllAllGatherBatchMatMulTilingC2EPN4gert13TilingContextER24Mc2BatchMatmulTilingDataRNS_26AlltoAllAllGatherBatchInfoERNS_27AlltoAllAllGatherMatmulInfoE
FN:70,_ZN8optiling34AlltoAllAllGatherBatchMatMulTiling17GetShapeAttrsInfoEv
FNDA:32,_ZN8optiling34AlltoAllAllGatherBatchMatMulTiling17GetShapeAttrsInfoEv
FNDA:32,_ZN8optiling34AlltoAllAllGatherBatchMatMulTilingC2EPN4gert13TilingContextER24Mc2BatchMatmulTilingDataRNS_26AlltoAllAllGatherBatchInfoERNS_27AlltoAllAllGatherMatmulInfoE
FNF:2
FNH:2
DA:61,30
DA:63,32
DA:66,32
DA:68,32
DA:70,32
DA:72,32
DA:73,32
DA:74,32
DA:76,32
DA:77,32
DA:78,32
DA:79,32
DA:81,32
DA:82,32
DA:83,32
DA:85,32
DA:86,32
DA:87,32
DA:89,32
DA:90,32
DA:91,32
DA:93,32
DA:94,32
DA:95,32
DA:96,32
DA:97,32
DA:98,32
DA:99,32
DA:100,32
DA:101,32
DA:102,32
DA:103,32
DA:104,32
DA:105,32
DA:106,32
DA:107,32
DA:109,32
DA:110,32
DA:111,32
DA:112,32
DA:113,32
DA:114,32
DA:115,32
DA:116,32
DA:117,32
DA:118,32
DA:119,32
DA:120,32
DA:121,32
DA:122,32
DA:123,32
DA:124,32
DA:125,32
LF:53
LH:53
end_of_record
TN:
SF:/ascendc-agent/ops-transformer/mc2/allto_all_all_gather_batch_mat_mul/op_host/op_tiling/allto_all_all_gather_formulaic_tiling.h
FN:46,_ZN25All2AllAllGatherBMMShardH24SetShortTilePositionFlagEdd
FNDA:7,_ZN25All2AllAllGatherBMMShardH24SetShortTilePositionFlagEdd
FNF:1
FNH:1
DA:22,7
DA:24,7
DA:26,7
DA:28,7
DA:29,7
DA:30,7
DA:31,7
DA:35,7
DA:37,7
DA:39,7
DA:41,7
DA:42,7
DA:43,7
DA:44,7
DA:46,7
DA:49,7
DA:50,2
LF:17
LH:17
end_of_record
