TN:
SF:/ascendc-agent/ops-transformer/mc2/all_gather_matmul/op_graph/fallback_all_gather_matmul.cpp
FN:18,_ZN8fallbackL26AllGatherMatmulExecuteFuncEPN4gert16OpExecuteContextE
FN:58,_ZZN8fallbackL26AllGatherMatmulExecuteFuncEPN4gert16OpExecuteContextEENKUlvE_clEv
FNDA:0,_ZN8fallbackL26AllGatherMatmulExecuteFuncEPN4gert16OpExecuteContextE
FNDA:0,_ZZN8fallbackL26AllGatherMatmulExecuteFuncEPN4gert16OpExecuteContextEENKUlvE_clEv
FNF:2
FNH:0
DA:18,0
DA:19,0
DA:20,0
DA:22,0
DA:23,0
DA:25,0
DA:26,0
DA:28,0
DA:30,0
DA:31,0
DA:33,0
DA:34,0
DA:36,0
DA:37,0
DA:39,0
DA:40,0
DA:42,0
DA:43,0
DA:44,0
DA:45,0
DA:47,0
DA:48,0
DA:49,0
DA:50,0
DA:52,0
DA:53,0
DA:55,0
DA:56,0
DA:57,0
DA:58,0
DA:60,0
LF:31
LH:0
end_of_record
TN:
SF:/ascendc-agent/ops-transformer/mc2/all_gather_matmul/op_host/all_gather_matmul_infershape.cpp
FN:23,_ZN3opsL25InferShapeAllGatherMatmulEPN4gert17InferShapeContextE
FN:31,_ZN3opsL28InferDataTypeAllGatherMatmulEPN4gert20InferDataTypeContextE
FNDA:3,_ZN3opsL25InferShapeAllGatherMatmulEPN4gert17InferShapeContextE
FNDA:1,_ZN3opsL28InferDataTypeAllGatherMatmulEPN4gert20InferDataTypeContextE
FNF:2
FNH:2
DA:23,3
DA:25,3
DA:31,1
DA:32,1
DA:33,1
DA:34,1
DA:35,1
LF:7
LH:7
end_of_record
TN:
SF:/ascendc-agent/ops-transformer/mc2/all_gather_matmul/op_host/op_tiling/all_gather_formulaic_tiling.cpp
FN:19,_ZN15AllGatherPlusMM29PrintEstimateKernelTimeResultEdd
FN:30,_ZN15AllGatherPlusMM18EstimateKernelTimeEv
FN:66,_ZN15AllGatherPlusMM22SetCommTimeFactorForA5Ev
FN:71,_ZN15AllGatherPlusMM25SetCommTimeFactorForOtherEv
FN:97,_ZN15AllGatherPlusMM17SetCommTimeFactorEv
FN:106,_ZN15AllGatherPlusMM18SelectTilingMethodEv
FNDA:20,_ZN15AllGatherPlusMM18SelectTilingMethodEv
FNDA:20,_ZN15AllGatherPlusMM18EstimateKernelTimeEv
FNDA:20,_ZN15AllGatherPlusMM17SetCommTimeFactorEv
FNDA:0,_ZN15AllGatherPlusMM22SetCommTimeFactorForA5Ev
FNDA:20,_ZN15AllGatherPlusMM25SetCommTimeFactorForOtherEv
FNDA:20,_ZN15AllGatherPlusMM29PrintEstimateKernelTimeResultEdd
FNF:6
FNH:5
DA:19,20
DA:21,20
DA:27,20
DA:30,20
DA:32,20
DA:35,20
DA:36,20
DA:37,25
DA:38,20
DA:39,20
DA:40,20
DA:41,5
DA:46,20
DA:48,20
DA:49,10
DA:50,20
DA:51,1
DA:52,20
DA:53,20
DA:54,7
DA:55,0
DA:57,7
DA:59,20
DA:60,20
DA:61,0
DA:63,20
DA:64,20
DA:66,0
DA:68,0
DA:69,0
DA:71,20
DA:74,20
DA:75,20
DA:76,20
DA:77,20
DA:78,20
DA:79,20
DA:80,20
DA:81,4
DA:82,4
DA:84,4
DA:85,16
DA:86,0
DA:87,0
DA:89,0
DA:91,20
DA:92,20
DA:93,20
DA:95,20
DA:97,20
DA:99,20
DA:100,0
DA:102,20
DA:104,20
DA:106,20
DA:108,20
DA:112,16
DA:113,4
DA:114,4
DA:115,4
DA:117,0
DA:120,12
DA:121,12
DA:122,2
DA:127,16
DA:128,0
DA:129,16
DA:130,16
DA:131,16
LF:69
LH:58
end_of_record
TN:
SF:/ascendc-agent/ops-transformer/mc2/all_gather_matmul/op_host/op_tiling/all_gather_formulaic_tiling.h
FN:37,_ZN15AllGatherPlusMMC2ERKN9mc2tiling10TilingArgsEj10KernelType10SocVersion
FNDA:20,_ZN15AllGatherPlusMMC2ERKN9mc2tiling10TilingArgsEj10KernelType10SocVersion
FNF:1
FNH:1
DA:29,40
DA:37,20
DA:39,20
DA:41,20
DA:42,20
DA:43,20
DA:44,20
DA:46,20
DA:47,0
DA:49,20
DA:51,20
LF:11
LH:10
end_of_record
TN:
SF:/ascendc-agent/ops-transformer/mc2/all_gather_matmul/op_host/op_tiling/all_gather_matmul_tiling.cpp
FN:38,_ZN12_GLOBAL__N_1L15PrintTilingDataERN7AscendC6tiling11TCubeTilingE
FN:70,_ZN12_GLOBAL__N_1L15PrintTilingDataERN9Mc2Tiling9RCSTilingE
FN:90,_ZN12_GLOBAL__N_1L15PrintTilingDataERN9Mc2Tiling12TileL2TilingE
FN:134,_ZN8optilingL20AllGatherParamsCheckEPKN4gert13TilingContextE
FN:176,_ZN8optilingL28GetAllGatherFormulateTileCntEPKN4gert13TilingContextERN9Mc2Tiling25AllGatherMatmulTilingDataERN9mc2tiling10TilingArgsE
FN:209,_ZN8optilingL9MCSpliteMEPN4gert13TilingContextERN9Mc2Tiling25AllGatherMatmulTilingDataERN9mc2tiling10TilingArgsE
FN:276,_ZN8optilingL30SetMatmulTilingAllGatherMatmulEPN4gert13TilingContextERN9Mc2Tiling25AllGatherMatmulTilingDataERN9mc2tiling10TilingArgsE
FN:372,_ZN8optilingL16CalcMatmulTilingERN9mc2tiling10TilingArgsERN7AscendC6tiling11TCubeTilingERN9Mc2Tiling12TileL2TilingE
FN:411,_ZN8optilingL12GetStorage_aERN9Mc2Tiling25AllGatherMatmulTilingDataERN9mc2tiling10TilingArgsE
FN:470,_ZN8optilingL15MC2SetWorkspaceEPN4gert13TilingContextERN9Mc2Tiling25AllGatherMatmulTilingDataERN9mc2tiling10TilingArgsE
FN:505,_ZN8optilingL13NeedGatherOutEPKN4gert13TilingContextE
FN:530,_ZN8optilingL13InitHcclParamEPKN4gert13TilingContextEPN9Mc2Tiling25AllGatherMatmulTilingDataEPKc
FN:547,_ZN8optilingL25AllGatherMatmulTilingFuncEPN4gert13TilingContextE
FN:608,_ZN8optilingL29TilingParseForAllGatherMatmulEPN4gert18TilingParseContextE
FNDA:20,_ZN8optilingL13NeedGatherOutEPKN4gert13TilingContextE
FNDA:20,_ZN8optilingL30SetMatmulTilingAllGatherMatmulEPN4gert13TilingContextERN9Mc2Tiling25AllGatherMatmulTilingDataERN9mc2tiling10TilingArgsE
FNDA:52,_ZN12_GLOBAL__N_1L15PrintTilingDataERN9Mc2Tiling12TileL2TilingE
FNDA:0,_ZN8optilingL29TilingParseForAllGatherMatmulEPN4gert18TilingParseContextE
FNDA:20,_ZN12_GLOBAL__N_1L15PrintTilingDataERN9Mc2Tiling9RCSTilingE
FNDA:52,_ZN8optilingL16CalcMatmulTilingERN9mc2tiling10TilingArgsERN7AscendC6tiling11TCubeTilingERN9Mc2Tiling12TileL2TilingE
FNDA:52,_ZN12_GLOBAL__N_1L15PrintTilingDataERN7AscendC6tiling11TCubeTilingE
FNDA:20,_ZN8optilingL15MC2SetWorkspaceEPN4gert13TilingContextERN9Mc2Tiling25AllGatherMatmulTilingDataERN9mc2tiling10TilingArgsE
FNDA:20,_ZN8optilingL28GetAllGatherFormulateTileCntEPKN4gert13TilingContextERN9Mc2Tiling25AllGatherMatmulTilingDataERN9mc2tiling10TilingArgsE
FNDA:20,_ZN8optilingL9MCSpliteMEPN4gert13TilingContextERN9Mc2Tiling25AllGatherMatmulTilingDataERN9mc2tiling10TilingArgsE
FNDA:20,_ZN8optilingL13InitHcclParamEPKN4gert13TilingContextEPN9Mc2Tiling25AllGatherMatmulTilingDataEPKc
FNDA:20,_ZN8optilingL25AllGatherMatmulTilingFuncEPN4gert13TilingContextE
FNDA:20,_ZN8optilingL12GetStorage_aERN9Mc2Tiling25AllGatherMatmulTilingDataERN9mc2tiling10TilingArgsE
FNDA:20,_ZN8optilingL20AllGatherParamsCheckEPKN4gert13TilingContextE
FNF:14
FNH:13
DA:38,52
DA:40,52
DA:41,52
DA:42,52
DA:43,52
DA:44,52
DA:45,52
DA:46,52
DA:47,52
DA:48,52
DA:49,52
DA:50,52
DA:51,52
DA:52,52
DA:53,52
DA:54,52
DA:55,52
DA:56,52
DA:57,52
DA:58,52
DA:59,52
DA:60,52
DA:61,52
DA:62,52
DA:63,52
DA:64,52
DA:65,52
DA:66,52
DA:67,52
DA:68,52
DA:70,20
DA:72,20
DA:73,20
DA:74,20
DA:75,20
DA:76,20
DA:77,20
DA:78,20
DA:79,20
DA:80,20
DA:81,20
DA:82,20
DA:83,20
DA:84,20
DA:85,20
DA:86,20
DA:87,20
DA:88,20
DA:90,52
DA:92,52
DA:93,52
DA:94,52
DA:95,52
DA:96,52
DA:97,52
DA:98,52
DA:99,52
DA:100,52
DA:101,52
DA:111,0
DA:114,0
DA:115,0
DA:118,0
DA:119,0
DA:120,0
DA:123,0
DA:124,0
DA:125,0
DA:126,0
DA:128,0
DA:129,0
DA:131,0
DA:134,20
DA:136,20
DA:139,20
DA:140,20
DA:141,20
DA:143,20
DA:146,20
DA:147,0
DA:149,20
DA:150,20
DA:154,40
DA:155,20
DA:158,20
DA:162,40
DA:163,20
DA:169,20
DA:171,20
DA:173,20
DA:176,20
DA:179,20
DA:180,0
DA:181,0
DA:184,20
DA:186,40
DA:187,20
DA:188,20
DA:189,20
DA:190,20
DA:191,20
DA:192,20
DA:193,20
DA:194,20
DA:195,20
DA:196,20
DA:197,12
DA:198,12
DA:199,12
DA:200,12
DA:201,12
DA:202,12
DA:204,20
DA:205,20
DA:209,20
DA:212,20
DA:214,20
DA:215,0
DA:216,0
DA:217,0
DA:219,0
DA:220,20
DA:221,0
DA:224,0
DA:225,0
DA:227,0
DA:228,0
DA:229,0
DA:230,0
DA:231,0
DA:232,0
DA:233,0
DA:234,0
DA:235,0
DA:237,0
DA:239,20
DA:241,20
DA:243,20
DA:276,20
DA:280,20
DA:281,20
DA:282,40
DA:283,20
DA:284,40
DA:285,40
DA:286,20
DA:287,20
DA:288,5
DA:289,15
DA:290,15
DA:293,10
DA:296,20
DA:297,20
DA:298,20
DA:299,20
DA:300,20
DA:302,20
DA:303,0
DA:305,0
DA:308,20
DA:309,20
DA:311,20
DA:312,20
DA:313,20
DA:314,20
DA:316,20
DA:317,20
DA:318,20
DA:319,20
DA:320,20
DA:321,20
DA:322,20
DA:323,20
DA:324,20
DA:325,20
DA:326,20
DA:327,20
DA:328,20
DA:329,20
DA:330,20
DA:331,20
DA:332,20
DA:333,20
DA:334,20
DA:335,20
DA:336,20
DA:339,20
DA:341,20
DA:342,20
DA:343,20
DA:344,20
DA:345,20
DA:346,20
DA:349,0
DA:354,20
DA:355,0
DA:356,0
DA:360,20
DA:362,20
DA:364,20
DA:365,20
DA:366,20
DA:367,20
DA:368,40
DA:372,52
DA:374,52
DA:375,52
DA:376,52
DA:378,104
DA:379,52
DA:380,52
DA:381,52
DA:382,52
DA:383,14
DA:384,14
DA:387,38
DA:389,52
DA:390,52
DA:391,52
DA:392,52
DA:393,52
DA:394,52
DA:395,2
DA:396,2
DA:397,2
DA:398,2
DA:400,50
DA:401,0
DA:406,104
DA:407,52
DA:408,52
DA:411,20
DA:413,20
DA:414,20
DA:415,20
DA:416,20
DA:417,20
DA:420,20
DA:422,20
DA:423,20
DA:424,20
DA:425,20
DA:428,0
DA:429,0
DA:430,0
DA:433,20
DA:434,20
DA:435,20
DA:436,20
DA:437,1
DA:438,1
DA:441,0
DA:443,1
DA:446,20
DA:447,20
DA:448,20
DA:450,20
DA:452,20
DA:470,20
DA:473,20
DA:474,0
DA:477,20
DA:479,20
DA:480,20
DA:481,5
DA:483,20
DA:484,20
DA:485,20
DA:486,20
DA:488,20
DA:490,20
DA:491,20
DA:493,20
DA:494,20
DA:495,20
DA:496,20
DA:497,12
DA:498,12
DA:499,12
DA:505,20
DA:506,20
DA:507,20
DA:508,20
DA:509,59
DA:510,39
DA:511,39
DA:515,20
DA:518,19
DA:522,20
DA:524,40
DA:525,20
DA:526,20
DA:527,20
DA:530,20
DA:533,20
DA:534,60
DA:535,60
DA:536,20
DA:539,20
DA:540,20
DA:542,20
DA:547,20
DA:549,20
DA:550,20
DA:551,20
DA:552,40
DA:553,20
DA:556,40
DA:557,40
DA:558,40
DA:559,40
DA:561,20
DA:562,20
DA:565,20
DA:567,20
DA:568,20
DA:569,20
DA:570,20
DA:571,20
DA:572,20
DA:573,20
DA:574,20
DA:576,20
DA:578,20
DA:581,20
DA:582,60
DA:583,40
DA:587,20
DA:588,20
DA:589,20
DA:590,20
DA:591,20
DA:592,20
DA:594,20
DA:595,19
DA:596,19
DA:598,1
DA:601,20
DA:602,20
DA:608,0
LF:340
LH:295
end_of_record
TN:
SF:/ascendc-agent/ops-transformer/mc2/all_gather_matmul_v2/op_graph/fallback_all_gather_matmul_v2.cpp
FN:18,_ZN8fallbackL28AllGatherMatmulV2ExecuteFuncEPN4gert16OpExecuteContextE
FN:76,_ZZN8fallbackL28AllGatherMatmulV2ExecuteFuncEPN4gert16OpExecuteContextEENKUlvE_clEv
FNDA:0,_ZN8fallbackL28AllGatherMatmulV2ExecuteFuncEPN4gert16OpExecuteContextE
FNDA:0,_ZZN8fallbackL28AllGatherMatmulV2ExecuteFuncEPN4gert16OpExecuteContextEENKUlvE_clEv
FNF:2
FNH:0
DA:18,0
DA:20,0
DA:21,0
DA:23,0
DA:24,0
DA:26,0
DA:27,0
DA:29,0
DA:31,0
DA:33,0
DA:35,0
DA:37,0
DA:38,0
DA:40,0
DA:41,0
DA:43,0
DA:45,0
DA:46,0
DA:48,0
DA:49,0
DA:51,0
DA:52,0
DA:54,0
DA:55,0
DA:56,0
DA:57,0
DA:59,0
DA:60,0
DA:61,0
DA:62,0
DA:64,0
DA:65,0
DA:67,0
DA:68,0
DA:69,0
DA:71,0
DA:72,0
DA:73,0
DA:74,0
DA:76,0
DA:79,0
LF:41
LH:0
end_of_record
TN:
SF:/ascendc-agent/ops-transformer/mc2/all_gather_matmul_v2/op_host/all_gather_matmul_v2_infershape.cpp
FN:25,_ZN3opsL27InferShapeAllGatherMatmulV2EPN4gert17InferShapeContextE
FN:44,_ZN3opsL30InferDataTypeAllGatherMatmulV2EPN4gert20InferDataTypeContextE
FNDA:0,_ZN3opsL30InferDataTypeAllGatherMatmulV2EPN4gert20InferDataTypeContextE
FNDA:0,_ZN3opsL27InferShapeAllGatherMatmulV2EPN4gert17InferShapeContextE
FNF:2
FNH:0
DA:25,0
DA:27,0
DA:30,0
DA:31,0
DA:32,0
DA:33,0
DA:34,0
DA:35,0
DA:36,0
DA:38,0
DA:39,0
DA:44,0
DA:47,0
DA:48,0
DA:49,0
DA:50,0
DA:52,0
DA:54,0
DA:55,0
DA:56,0
LF:20
LH:0
end_of_record
TN:
SF:/ascendc-agent/ops-transformer/mc2/all_gather_matmul_v2/op_host/op_tiling/all_gather_formulaic_tiling.cpp
FN:19,_ZN17AllGatherPlusMMV229PrintEstimateKernelTimeResultEdd
FN:30,_ZN17AllGatherPlusMMV218EstimateKernelTimeEv
FN:66,_ZN17AllGatherPlusMMV222SetCommTimeFactorForA5Ev
FN:71,_ZN17AllGatherPlusMMV225SetCommTimeFactorForOtherEv
FN:97,_ZN17AllGatherPlusMMV217SetCommTimeFactorEv
FN:106,_ZN17AllGatherPlusMMV218SelectTilingMethodEv
FNDA:0,_ZN17AllGatherPlusMMV218EstimateKernelTimeEv
FNDA:0,_ZN17AllGatherPlusMMV222SetCommTimeFactorForA5Ev
FNDA:0,_ZN17AllGatherPlusMMV217SetCommTimeFactorEv
FNDA:0,_ZN17AllGatherPlusMMV218SelectTilingMethodEv
FNDA:0,_ZN17AllGatherPlusMMV229PrintEstimateKernelTimeResultEdd
FNDA:0,_ZN17AllGatherPlusMMV225SetCommTimeFactorForOtherEv
FNF:6
FNH:0
DA:19,0
DA:21,0
DA:27,0
DA:30,0
DA:32,0
DA:35,0
DA:36,0
DA:37,0
DA:38,0
DA:39,0
DA:40,0
DA:41,0
DA:46,0
DA:48,0
DA:49,0
DA:50,0
DA:51,0
DA:52,0
DA:53,0
DA:54,0
DA:55,0
DA:57,0
DA:59,0
DA:60,0
DA:61,0
DA:63,0
DA:64,0
DA:66,0
DA:68,0
DA:69,0
DA:71,0
DA:74,0
DA:75,0
DA:76,0
DA:77,0
DA:78,0
DA:79,0
DA:80,0
DA:81,0
DA:82,0
DA:84,0
DA:85,0
DA:86,0
DA:87,0
DA:89,0
DA:91,0
DA:92,0
DA:93,0
DA:95,0
DA:97,0
DA:99,0
DA:100,0
DA:102,0
DA:104,0
DA:106,0
DA:108,0
DA:112,0
DA:113,0
DA:114,0
DA:115,0
DA:117,0
DA:120,0
DA:121,0
DA:122,0
DA:127,0
DA:128,0
DA:129,0
DA:130,0
DA:131,0
LF:69
LH:0
end_of_record
TN:
SF:/ascendc-agent/ops-transformer/mc2/all_gather_matmul_v2/op_host/op_tiling/all_gather_formulaic_tiling.h
FN:37,_ZN17AllGatherPlusMMV2C2ERKN9mc2tiling10TilingArgsEj10KernelType10SocVersion
FNDA:0,_ZN17AllGatherPlusMMV2C2ERKN9mc2tiling10TilingArgsEj10KernelType10SocVersion
FNF:1
FNH:0
DA:29,0
DA:37,0
DA:39,0
DA:41,0
DA:42,0
DA:43,0
DA:44,0
DA:46,0
DA:47,0
DA:49,0
DA:51,0
LF:11
LH:0
end_of_record
TN:
SF:/ascendc-agent/ops-transformer/mc2/all_gather_matmul_v2/op_host/op_tiling/all_gather_matmul_tiling_base.cpp
FN:47,_ZN8optilingL17CheckSupportDtypeEN2ge8DataTypeERKSt16initializer_listIS1_E
FN:52,_ZN8optiling25AllGatherMatmulTilingBase26CheckInputParaEmptyPointerEv
FN:82,_ZN8optiling25AllGatherMatmulTilingBase14CheckGroupSizeEv
FN:99,_ZN8optiling25AllGatherMatmulTilingBase15CheckInputScaleEv
FN:122,_ZN8optiling25AllGatherMatmulTilingBase23CheckInputParaArraySizeEv
FN:152,_ZN8optiling25AllGatherMatmulTilingBase29CheckInputAndOutputParaFormatEv
FN:173,_ZN8optiling25AllGatherMatmulTilingBase18CheckGatherOutParaEv
FN:206,_ZN8optiling25AllGatherMatmulTilingBase19CheckOutputParaDim0Ev
FN:222,_ZN8optiling25AllGatherMatmulTilingBase17CheckBiasParaDim0Ev
FN:241,_ZN8optiling25AllGatherMatmulTilingBase16CheckParaInvaildEv
FN:271,_ZN8optiling25AllGatherMatmulTilingBase16SetTilingArgsDimEv
FN:289,_ZN8optiling25AllGatherMatmulTilingBase21SetTilingArgsDataTypeEv
FN:321,_ZN8optiling25AllGatherMatmulTilingBase25SetTilingArgsGatherStatusEv
FN:341,_ZN8optiling25AllGatherMatmulTilingBase13AnalyzeInputsEv
FN:355,_ZN8optiling25AllGatherMatmulTilingBase16AnalyzeShapeAttrEv
FN:365,_ZN8optiling25AllGatherMatmulTilingBase23SetMC2AllGatherDataInfoERN9Mc2Tiling9RCSTilingERN7AscendC6tiling11TCubeTilingES7_j
FN:387,_ZN8optiling25AllGatherMatmulTilingBase17DoAllGatherTilingERN9Mc2Tiling9RCSTilingERN7AscendC6tiling11TCubeTilingES7_RjS8_
FN:404,_ZN8optiling25AllGatherMatmulTilingBase16SetRcsTilingDataERN9Mc2Tiling9RCSTilingE
FN:428,_ZN8optiling25AllGatherMatmulTilingBase11SetCommAlgoEv
FN:438,_ZN8optiling25AllGatherMatmulTilingBase15AllGatherSplitMERN9mc2tiling10TilingArgsEj
FN:461,_ZN8optiling25AllGatherMatmulTilingBase14DoSplitMTilingERN9Mc2Tiling9RCSTilingE
FN:508,_ZN8optiling25AllGatherMatmulTilingBase5ResetEv
FN:523,_ZN8optiling25AllGatherMatmulTilingBase12AnalyzeAttrsEv
FN:569,_ZN8optiling25AllGatherMatmulTilingBase15GetPlatformInfoEv
FN:582,_ZN8optiling25AllGatherMatmulTilingBase17GetShapeAttrsInfoEv
FN:586,_ZN8optiling25AllGatherMatmulTilingBase14DoLibApiTilingEv
FN:591,_ZN8optiling25AllGatherMatmulTilingBase11GetStorageAERN9Mc2Tiling9RCSTilingE
FN:634,_ZN8optiling25AllGatherMatmulTilingBase16GetWorkspaceSizeEv
FN:647,_ZNK8optiling25AllGatherMatmulTilingBase12GetTilingKeyEv
FNDA:0,_ZNK8optiling25AllGatherMatmulTilingBase12GetTilingKeyEv
FNDA:0,_ZN8optiling25AllGatherMatmulTilingBase13AnalyzeInputsEv
FNDA:0,_ZN8optiling25AllGatherMatmulTilingBase15CheckInputScaleEv
FNDA:0,_ZN8optiling25AllGatherMatmulTilingBase18CheckGatherOutParaEv
FNDA:0,_ZN8optiling25AllGatherMatmulTilingBase19CheckOutputParaDim0Ev
FNDA:0,_ZN8optiling25AllGatherMatmulTilingBase17DoAllGatherTilingERN9Mc2Tiling9RCSTilingERN7AscendC6tiling11TCubeTilingES7_RjS8_
FNDA:0,_ZN8optiling25AllGatherMatmulTilingBase12AnalyzeAttrsEv
FNDA:0,_ZN8optiling25AllGatherMatmulTilingBase29CheckInputAndOutputParaFormatEv
FNDA:0,_ZN8optiling25AllGatherMatmulTilingBase26CheckInputParaEmptyPointerEv
FNDA:0,_ZN8optilingL17CheckSupportDtypeEN2ge8DataTypeERKSt16initializer_listIS1_E
FNDA:0,_ZN8optiling25AllGatherMatmulTilingBase16AnalyzeShapeAttrEv
FNDA:0,_ZN8optiling25AllGatherMatmulTilingBase17CheckBiasParaDim0Ev
FNDA:0,_ZN8optiling25AllGatherMatmulTilingBase23CheckInputParaArraySizeEv
FNDA:0,_ZN8optiling25AllGatherMatmulTilingBase16SetRcsTilingDataERN9Mc2Tiling9RCSTilingE
FNDA:0,_ZN8optiling25AllGatherMatmulTilingBase14CheckGroupSizeEv
FNDA:0,_ZN8optiling25AllGatherMatmulTilingBase16CheckParaInvaildEv
FNDA:0,_ZN8optiling25AllGatherMatmulTilingBase14DoLibApiTilingEv
FNDA:0,_ZN8optiling25AllGatherMatmulTilingBase14DoSplitMTilingERN9Mc2Tiling9RCSTilingE
FNDA:0,_ZN8optiling25AllGatherMatmulTilingBase15GetPlatformInfoEv
FNDA:0,_ZN8optiling25AllGatherMatmulTilingBase25SetTilingArgsGatherStatusEv
FNDA:0,_ZN8optiling25AllGatherMatmulTilingBase16GetWorkspaceSizeEv
FNDA:0,_ZN8optiling25AllGatherMatmulTilingBase5ResetEv
FNDA:0,_ZN8optiling25AllGatherMatmulTilingBase15AllGatherSplitMERN9mc2tiling10TilingArgsEj
FNDA:0,_ZN8optiling25AllGatherMatmulTilingBase17GetShapeAttrsInfoEv
FNDA:0,_ZN8optiling25AllGatherMatmulTilingBase16SetTilingArgsDimEv
FNDA:0,_ZN8optiling25AllGatherMatmulTilingBase11SetCommAlgoEv
FNDA:0,_ZN8optiling25AllGatherMatmulTilingBase21SetTilingArgsDataTypeEv
FNDA:0,_ZN8optiling25AllGatherMatmulTilingBase11GetStorageAERN9Mc2Tiling9RCSTilingE
FNDA:0,_ZN8optiling25AllGatherMatmulTilingBase23SetMC2AllGatherDataInfoERN9Mc2Tiling9RCSTilingERN7AscendC6tiling11TCubeTilingES7_j
FNF:29
FNH:0
DA:47,0
DA:49,0
DA:52,0
DA:54,0
DA:55,0
DA:56,0
DA:58,0
DA:59,0
DA:60,0
DA:61,0
DA:62,0
DA:64,0
DA:66,0
DA:68,0
DA:69,0
DA:71,0
DA:74,0
DA:75,0
DA:76,0
DA:77,0
DA:82,0
DA:84,0
DA:85,0
DA:86,0
DA:87,0
DA:88,0
DA:89,0
DA:90,0
DA:99,0
DA:101,0
DA:102,0
DA:103,0
DA:104,0
DA:105,0
DA:106,0
DA:107,0
DA:112,0
DA:117,0
DA:122,0
DA:124,0
DA:125,0
DA:126,0
DA:127,0
DA:129,0
DA:131,0
DA:132,0
DA:133,0
DA:134,0
DA:136,0
DA:137,0
DA:144,0
DA:152,0
DA:154,0
DA:155,0
DA:156,0
DA:158,0
DA:159,0
DA:160,0
DA:162,0
DA:164,0
DA:173,0
DA:175,0
DA:176,0
DA:177,0
DA:178,0
DA:179,0
DA:180,0
DA:181,0
DA:182,0
DA:184,0
DA:185,0
DA:189,0
DA:190,0
DA:194,0
DA:195,0
DA:206,0
DA:208,0
DA:209,0
DA:210,0
DA:211,0
DA:212,0
DA:214,0
DA:222,0
DA:224,0
DA:225,0
DA:226,0
DA:227,0
DA:228,0
DA:229,0
DA:230,0
DA:231,0
DA:232,0
DA:233,0
DA:241,0
DA:243,0
DA:246,0
DA:249,0
DA:252,0
DA:255,0
DA:258,0
DA:261,0
DA:264,0
DA:265,0
DA:266,0
DA:271,0
DA:273,0
DA:274,0
DA:275,0
DA:276,0
DA:277,0
DA:278,0
DA:280,0
DA:281,0
DA:282,0
DA:283,0
DA:284,0
DA:285,0
DA:286,0
DA:289,0
DA:291,0
DA:292,0
DA:293,0
DA:294,0
DA:295,0
DA:296,0
DA:298,0
DA:302,0
DA:305,0
DA:306,0
DA:308,0
DA:309,0
DA:310,0
DA:311,0
DA:312,0
DA:313,0
DA:314,0
DA:315,0
DA:316,0
DA:317,0
DA:318,0
DA:321,0
DA:323,0
DA:324,0
DA:325,0
DA:327,0
DA:328,0
DA:329,0
DA:332,0
DA:333,0
DA:336,0
DA:338,0
DA:341,0
DA:343,0
DA:347,0
DA:348,0
DA:349,0
DA:350,0
DA:351,0
DA:352,0
DA:355,0
DA:357,0
DA:358,0
DA:360,0
DA:361,0
DA:365,0
DA:371,0
DA:372,0
DA:374,0
DA:375,0
DA:376,0
DA:380,0
DA:382,0
DA:387,0
DA:392,0
DA:393,0
DA:395,0
DA:397,0
DA:400,0
DA:401,0
DA:404,0
DA:406,0
DA:407,0
DA:408,0
DA:409,0
DA:410,0
DA:413,0
DA:414,0
DA:415,0
DA:416,0
DA:417,0
DA:418,0
DA:419,0
DA:422,0
DA:423,0
DA:425,0
DA:426,0
DA:428,0
DA:430,0
DA:431,0
DA:432,0
DA:433,0
DA:438,0
DA:441,0
DA:442,0
DA:445,0
DA:446,0
DA:447,0
DA:450,0
DA:451,0
DA:452,0
DA:453,0
DA:455,0
DA:456,0
DA:458,0
DA:461,0
DA:463,0
DA:464,0
DA:465,0
DA:466,0
DA:469,0
DA:470,0
DA:471,0
DA:472,0
DA:473,0
DA:474,0
DA:475,0
DA:476,0
DA:479,0
DA:480,0
DA:482,0
DA:483,0
DA:484,0
DA:485,0
DA:486,0
DA:487,0
DA:490,0
DA:491,0
DA:492,0
DA:493,0
DA:494,0
DA:495,0
DA:496,0
DA:497,0
DA:498,0
DA:499,0
DA:500,0
DA:501,0
DA:502,0
DA:503,0
DA:506,0
DA:508,0
DA:510,0
DA:511,0
DA:512,0
DA:513,0
DA:514,0
DA:515,0
DA:516,0
DA:517,0
DA:518,0
DA:519,0
DA:520,0
DA:521,0
DA:523,0
DA:525,0
DA:526,0
DA:527,0
DA:528,0
DA:529,0
DA:530,0
DA:531,0
DA:532,0
DA:534,0
DA:539,0
DA:541,0
DA:545,0
DA:546,0
DA:547,0
DA:548,0
DA:549,0
DA:550,0
DA:551,0
DA:554,0
DA:558,0
DA:559,0
DA:561,0
DA:569,0
DA:571,0
DA:572,0
DA:574,0
DA:575,0
DA:576,0
DA:577,0
DA:579,0
DA:582,0
DA:584,0
DA:586,0
DA:588,0
DA:591,0
DA:593,0
DA:594,0
DA:595,0
DA:596,0
DA:599,0
DA:601,0
DA:602,0
DA:603,0
DA:604,0
DA:606,0
DA:607,0
DA:608,0
DA:611,0
DA:612,0
DA:613,0
DA:614,0
DA:615,0
DA:616,0
DA:617,0
DA:619,0
DA:620,0
DA:622,0
DA:625,0
DA:626,0
DA:627,0
DA:629,0
DA:631,0
DA:634,0
DA:636,0
DA:637,0
DA:640,0
DA:641,0
DA:642,0
DA:647,0
DA:649,0
DA:650,0
DA:652,0
DA:654,0
DA:655,0
LF:338
LH:0
end_of_record
TN:
SF:/ascendc-agent/ops-transformer/mc2/all_gather_matmul_v2/op_host/op_tiling/all_gather_matmul_tiling_base.h
FN:64,_ZN8optiling25AllGatherMatmulTilingBase5ResetEPN4gert13TilingContextE
FN:87,_ZN8optiling25AllGatherMatmulTilingBase10CheckInputEv
FNDA:0,_ZN8optiling25AllGatherMatmulTilingBase10CheckInputEv
FNDA:0,_ZN8optiling25AllGatherMatmulTilingBase5ResetEPN4gert13TilingContextE
FNF:2
FNH:0
DA:59,0
DA:62,0
DA:64,0
DA:66,0
DA:67,0
DA:68,0
DA:87,0
DA:89,0
LF:8
LH:0
end_of_record
TN:
SF:/ascendc-agent/ops-transformer/mc2/all_gather_matmul_v2/op_host/op_tiling/arch32/all_gather_matmul_aiv_mode_tiling.cpp
FN:48,_ZN8optiling27AllGatherV2DecodeTilingDataEiR9CoCTiling
FN:72,_ZN8optiling36GetValueFromMKNConditionMapAllGatherEiiiiSt3mapIiSt6vectorIS1_IiSaIiEESaIS3_EESt4lessIiESaISt4pairIKiS5_EEE
FN:88,_ZN8optiling14SetTilingParamER9CoCTilingRKSt3mapIPi11TilingValueSt4lessIS3_ESaISt4pairIKS3_S4_EEE
FN:113,_ZN8optiling25DealTilingParamByBuffSizeER9CoCTiling
FN:129,_ZN8optiling42AllGatherV2MatmulNPU910BFourRankINT8TilingER9CoCTiling
FN:145,_ZN8optiling42AllGatherV2MatmulNPU910BFourRankFP16TilingER9CoCTiling
FN:161,_ZN8optiling43AllGatherV2MatmulNPU910BEightRankINT8TilingER9CoCTiling
FN:177,_ZN8optiling43AllGatherV2MatmulNPU910BEightRankFP16TilingER9CoCTiling
FN:193,_ZN8optiling43AllGatherV2MatmulNPU91093FourRankINT8TilingER9CoCTiling
FN:209,_ZN8optiling44AllGatherV2MatmulNPU91093EightRankINT8TilingER9CoCTiling
FN:225,_ZN8optiling43AllGatherV2MatmulNPU91093FourRankFP16TilingER9CoCTiling
FN:241,_ZN8optiling44AllGatherV2MatmulNPU91093EightRankFP16TilingER9CoCTiling
FN:279,_ZN8optilingL44AllGatherMatmulAIVModeCheckShapeAndSetTilingEPN4gert13TilingContextER26AllGatherMatmulAIVModeInfoR9CoCTiling
FN:351,_ZN8optiling19GetUsrWorkSpaceSizeEjjRmlR26AllGatherMatmulAIVModeInfo
FN:408,_ZN8optiling13SetTilingDataER9CoCTilingR26AllGatherMatmulAIVModeInfol
FN:443,_ZN8optiling32AllGatherMatmulTilingAIVModeFuncEPN4gert13TilingContextE
FNDA:0,_ZN8optiling14SetTilingParamER9CoCTilingRKSt3mapIPi11TilingValueSt4lessIS3_ESaISt4pairIKS3_S4_EEE
FNDA:0,_ZN8optilingL44AllGatherMatmulAIVModeCheckShapeAndSetTilingEPN4gert13TilingContextER26AllGatherMatmulAIVModeInfoR9CoCTiling
FNDA:0,_ZN8optiling43AllGatherV2MatmulNPU910BEightRankFP16TilingER9CoCTiling
FNDA:0,_ZN8optiling44AllGatherV2MatmulNPU91093EightRankFP16TilingER9CoCTiling
FNDA:0,_ZN8optiling25DealTilingParamByBuffSizeER9CoCTiling
FNDA:0,_ZN8optiling43AllGatherV2MatmulNPU91093FourRankFP16TilingER9CoCTiling
FNDA:0,_ZN8optiling42AllGatherV2MatmulNPU910BFourRankINT8TilingER9CoCTiling
FNDA:0,_ZN8optiling27AllGatherV2DecodeTilingDataEiR9CoCTiling
FNDA:0,_ZN8optiling43AllGatherV2MatmulNPU910BEightRankINT8TilingER9CoCTiling
FNDA:0,_ZN8optiling19GetUsrWorkSpaceSizeEjjRmlR26AllGatherMatmulAIVModeInfo
FNDA:0,_ZN8optiling36GetValueFromMKNConditionMapAllGatherEiiiiSt3mapIiSt6vectorIS1_IiSaIiEESaIS3_EESt4lessIiESaISt4pairIKiS5_EEE
FNDA:0,_ZN8optiling42AllGatherV2MatmulNPU910BFourRankFP16TilingER9CoCTiling
FNDA:0,_ZN8optiling32AllGatherMatmulTilingAIVModeFuncEPN4gert13TilingContextE
FNDA:0,_ZN8optiling44AllGatherV2MatmulNPU91093EightRankINT8TilingER9CoCTiling
FNDA:0,_ZN8optiling43AllGatherV2MatmulNPU91093FourRankINT8TilingER9CoCTiling
FNDA:0,_ZN8optiling13SetTilingDataER9CoCTilingR26AllGatherMatmulAIVModeInfol
FNF:16
FNH:0
DA:48,0
DA:50,0
DA:51,0
DA:52,0
DA:53,0
DA:54,0
DA:55,0
DA:56,0
DA:57,0
DA:58,0
DA:59,0
DA:60,0
DA:61,0
DA:62,0
DA:63,0
DA:64,0
DA:65,0
DA:66,0
DA:67,0
DA:68,0
DA:69,0
DA:70,0
DA:72,0
DA:74,0
DA:75,0
DA:76,0
DA:77,0
DA:78,0
DA:79,0
DA:80,0
DA:81,0
DA:85,0
DA:88,0
DA:89,0
DA:90,0
DA:91,0
DA:93,0
DA:94,0
DA:95,0
DA:96,0
DA:97,0
DA:98,0
DA:99,0
DA:103,0
DA:104,0
DA:105,0
DA:106,0
DA:107,0
DA:108,0
DA:109,0
DA:111,0
DA:113,0
DA:114,0
DA:115,0
DA:116,0
DA:117,0
DA:119,0
DA:120,0
DA:121,0
DA:122,0
DA:123,0
DA:124,0
DA:126,0
DA:129,0
DA:131,0
DA:132,0
DA:136,0
DA:137,0
DA:139,0
DA:141,0
DA:142,0
DA:143,0
DA:145,0
DA:147,0
DA:148,0
DA:152,0
DA:153,0
DA:155,0
DA:157,0
DA:158,0
DA:159,0
DA:161,0
DA:163,0
DA:164,0
DA:168,0
DA:169,0
DA:171,0
DA:173,0
DA:174,0
DA:175,0
DA:177,0
DA:179,0
DA:180,0
DA:184,0
DA:185,0
DA:187,0
DA:189,0
DA:190,0
DA:191,0
DA:193,0
DA:195,0
DA:196,0
DA:200,0
DA:201,0
DA:203,0
DA:205,0
DA:206,0
DA:207,0
DA:209,0
DA:211,0
DA:212,0
DA:216,0
DA:217,0
DA:219,0
DA:221,0
DA:222,0
DA:223,0
DA:225,0
DA:227,0
DA:228,0
DA:232,0
DA:233,0
DA:235,0
DA:237,0
DA:238,0
DA:239,0
DA:241,0
DA:243,0
DA:244,0
DA:248,0
DA:249,0
DA:251,0
DA:253,0
DA:254,0
DA:255,0
DA:279,0
DA:282,0
DA:283,0
DA:285,0
DA:286,0
DA:287,0
DA:288,0
DA:289,0
DA:291,0
DA:292,0
DA:294,0
DA:297,0
DA:298,0
DA:299,0
DA:300,0
DA:304,0
DA:305,0
DA:306,0
DA:307,0
DA:308,0
DA:309,0
DA:310,0
DA:311,0
DA:312,0
DA:314,0
DA:351,0
DA:354,0
DA:355,0
DA:356,0
DA:357,0
DA:358,0
DA:360,0
DA:361,0
DA:362,0
DA:363,0
DA:364,0
DA:365,0
DA:366,0
DA:368,0
DA:369,0
DA:370,0
DA:372,0
DA:373,0
DA:375,0
DA:377,0
DA:379,0
DA:380,0
DA:383,0
DA:384,0
DA:390,0
DA:392,0
DA:393,0
DA:396,0
DA:397,0
DA:398,0
DA:401,0
DA:402,0
DA:403,0
DA:408,0
DA:410,0
DA:411,0
DA:412,0
DA:413,0
DA:414,0
DA:415,0
DA:416,0
DA:417,0
DA:418,0
DA:419,0
DA:420,0
DA:421,0
DA:422,0
DA:425,0
DA:426,0
DA:427,0
DA:428,0
DA:429,0
DA:430,0
DA:431,0
DA:432,0
DA:433,0
DA:434,0
DA:435,0
DA:436,0
DA:440,0
DA:443,0
DA:445,0
DA:446,0
DA:449,0
DA:450,0
DA:452,0
DA:453,0
DA:454,0
DA:455,0
DA:456,0
DA:458,0
DA:461,0
DA:464,0
DA:469,0
DA:470,0
DA:471,0
DA:472,0
DA:473,0
DA:474,0
DA:477,0
DA:478,0
DA:479,0
DA:480,0
DA:481,0
DA:482,0
DA:483,0
DA:486,0
DA:487,0
DA:488,0
DA:489,0
DA:490,0
DA:491,0
DA:492,0
DA:493,0
DA:494,0
DA:498,0
DA:499,0
DA:500,0
DA:501,0
DA:504,0
DA:505,0
DA:508,0
DA:509,0
DA:510,0
DA:512,0
DA:513,0
DA:514,0
DA:515,0
DA:519,0
DA:522,0
DA:523,0
DA:524,0
DA:525,0
DA:526,0
DA:529,0
DA:530,0
DA:531,0
DA:532,0
DA:533,0
DA:535,0
DA:538,0
DA:539,0
DA:540,0
DA:541,0
DA:543,0
DA:547,0
DA:548,0
LF:287
LH:0
end_of_record
TN:
SF:/ascendc-agent/ops-transformer/mc2/all_gather_matmul_v2/op_host/op_tiling/arch32/all_gather_matmul_tiling_v2.cpp
FN:41,_ZN8optiling23AllGatherMatmulTilingV29IsCapableEv
FN:52,_ZN8optiling23AllGatherMatmulTilingV216SetRawTilingDataEv
FN:61,_ZN8optiling23AllGatherMatmulTilingV210DoOpTilingEv
FN:77,_ZN8optiling22Mc2PrintMMV3TilingDataERKSsR21Mc2MatMulV3TilingData
FN:91,_ZN8optiling23AllGatherMatmulTilingV218PrintAllTilingDataEv
FN:106,_ZN8optiling23AllGatherMatmulTilingV210PostTilingEv
FN:123,_ZN8optiling23AllGatherMatmulTilingV216DoMatmulV3TilingERN15Mc2MatmulHelper18Mc2MatmulTilingCfgERNS_16Mc2MMRegisterCfgER21Mc2MatMulV3TilingData
FN:137,_ZN8optiling23AllGatherMatmulTilingV216DoVersion2TilingEv
FN:188,_ZN8optiling23AllGatherMatmulTilingV211SetMc2HcommERN9Mc2Tiling9RCSTilingE
FN:209,_ZN8optiling23AllGatherMatmulTilingV210CheckInputEv
FN:222,_ZN8optiling23AllGatherMatmulTilingV2C2EPN4gert13TilingContextE
FNDA:0,_ZN8optiling23AllGatherMatmulTilingV2C2EPN4gert13TilingContextE
FNDA:0,_ZN8optiling23AllGatherMatmulTilingV211SetMc2HcommERN9Mc2Tiling9RCSTilingE
FNDA:0,_ZN8optiling23AllGatherMatmulTilingV29IsCapableEv
FNDA:0,_ZN8optiling23AllGatherMatmulTilingV216SetRawTilingDataEv
FNDA:0,_ZN8optiling23AllGatherMatmulTilingV216DoMatmulV3TilingERN15Mc2MatmulHelper18Mc2MatmulTilingCfgERNS_16Mc2MMRegisterCfgER21Mc2MatMulV3TilingData
FNDA:0,_ZN8optiling22Mc2PrintMMV3TilingDataERKSsR21Mc2MatMulV3TilingData
FNDA:0,_ZN8optiling23AllGatherMatmulTilingV210CheckInputEv
FNDA:0,_ZN8optiling23AllGatherMatmulTilingV210PostTilingEv
FNDA:0,_ZN8optiling23AllGatherMatmulTilingV216DoVersion2TilingEv
FNDA:0,_ZN8optiling23AllGatherMatmulTilingV210DoOpTilingEv
FNDA:0,_ZN8optiling23AllGatherMatmulTilingV218PrintAllTilingDataEv
FNF:11
FNH:0
DA:41,0
DA:43,0
DA:44,0
DA:45,0
DA:48,0
DA:52,0
DA:54,0
DA:55,0
DA:57,0
DA:58,0
DA:61,0
DA:63,0
DA:64,0
DA:65,0
DA:68,0
DA:69,0
DA:70,0
DA:71,0
DA:72,0
DA:73,0
DA:74,0
DA:77,0
DA:79,0
DA:80,0
DA:81,0
DA:82,0
DA:83,0
DA:84,0
DA:85,0
DA:86,0
DA:87,0
DA:88,0
DA:89,0
DA:91,0
DA:93,0
DA:96,0
DA:97,0
DA:98,0
DA:99,0
DA:102,0
DA:103,0
DA:106,0
DA:108,0
DA:110,0
DA:112,0
DA:116,0
DA:117,0
DA:119,0
DA:120,0
DA:123,0
DA:126,0
DA:127,0
DA:128,0
DA:129,0
DA:130,0
DA:131,0
DA:137,0
DA:140,0
DA:141,0
DA:145,0
DA:146,0
DA:150,0
DA:153,0
DA:155,0
DA:156,0
DA:158,0
DA:160,0
DA:163,0
DA:164,0
DA:165,0
DA:168,0
DA:169,0
DA:170,0
DA:171,0
DA:172,0
DA:173,0
DA:175,0
DA:177,0
DA:178,0
DA:179,0
DA:180,0
DA:181,0
DA:182,0
DA:188,0
DA:190,0
DA:191,0
DA:192,0
DA:193,0
DA:195,0
DA:196,0
DA:197,0
DA:200,0
DA:201,0
DA:203,0
DA:209,0
DA:211,0
DA:212,0
DA:215,0
DA:216,0
DA:222,0
DA:223,0
DA:225,0
LF:102
LH:0
end_of_record
TN:
SF:/ascendc-agent/ops-transformer/mc2/all_gather_matmul_v2/op_host/op_tiling/arch32/all_gather_matmul_tiling_v2.h
FN:39,_ZN8optiling23AllGatherMatmulTilingV2D0Ev
FN:39,_ZN8optiling23AllGatherMatmulTilingV2D2Ev
FNDA:0,_ZN8optiling23AllGatherMatmulTilingV2D0Ev
FNDA:0,_ZN8optiling23AllGatherMatmulTilingV2D2Ev
FNF:2
FNH:0
DA:39,0
DA:50,0
DA:52,0
DA:55,0
DA:57,0
DA:59,0
DA:61,0
DA:63,0
DA:65,0
LF:9
LH:0
end_of_record
TN:
SF:/ascendc-agent/ops-transformer/mc2/all_gather_matmul_v2/op_host/op_tiling/arch32/all_gather_matmul_v2_tiling.cpp
FN:32,_ZN8optiling27AllGatherMatmulTilingV2FuncEPN4gert13TilingContextE
FN:53,_ZN8optiling31TilingParseForAllGatherMatmulV2EPN4gert18TilingParseContextE
FNDA:0,_ZN8optiling27AllGatherMatmulTilingV2FuncEPN4gert13TilingContextE
FNDA:0,_ZN8optiling31TilingParseForAllGatherMatmulV2EPN4gert18TilingParseContextE
FNF:2
FNH:0
DA:32,0
DA:34,0
DA:35,0
DA:37,0
DA:38,0
DA:39,0
DA:40,0
DA:41,0
DA:42,0
DA:44,0
DA:45,0
DA:48,0
DA:53,0
DA:55,0
DA:56,0
LF:15
LH:0
end_of_record
TN:
SF:/ascendc-agent/ops-transformer/mc2/all_gather_matmul_v2/op_host/op_tiling/arch32/tiling_func.h
FN:35,_Z10ClampValueiii
FN:37,_Z7CeilDevii
FNDA:0,_Z10ClampValueiii
FNDA:0,_Z7CeilDevii
FNF:2
FNH:0
DA:26,0
DA:32,0
DA:35,0
DA:37,0
DA:38,0
DA:41,0
DA:52,0
DA:53,0
DA:54,0
LF:9
LH:0
end_of_record
TN:
SF:/ascendc-agent/ops-transformer/mc2/all_gather_matmul_v2/op_host/op_tiling/arch35/all_gather_quant_bmm_tiling.cpp
FN:68,_ZN8optiling23AllGatherQuantBmmTiling9IsCapableEv
FN:88,_ZN8optiling23AllGatherQuantBmmTiling14CheckGroupSizeEv
FN:125,_ZN8optiling23AllGatherQuantBmmTiling12CheckX1InputEv
FN:136,_ZN8optiling23AllGatherQuantBmmTiling23CheckPerBlockScaleInputEv
FN:176,_ZN8optiling23AllGatherQuantBmmTiling19CheckMXFPScaleInputEv
FN:231,_ZN8optiling23AllGatherQuantBmmTiling24CheckPerTensorScaleInputEv
FN:246,_ZN8optiling23AllGatherQuantBmmTiling13SetQuantSceneEv
FN:279,_ZN8optiling23AllGatherQuantBmmTiling13GetQuantSceneEv
FN:284,_ZN8optiling23AllGatherQuantBmmTiling18CheckScaleInvShapeEv
FN:309,_ZN8optiling23AllGatherQuantBmmTiling15CheckInputValidEv
FN:352,_ZN8optiling23AllGatherQuantBmmTiling14CheckBiasInputEv
FN:364,_ZN8optiling23AllGatherQuantBmmTiling10CheckInputEv
FN:387,_ZN8optiling23AllGatherQuantBmmTiling11SetMc2HcommEv
FN:406,_ZN8optiling23AllGatherQuantBmmTiling10DoOpTilingEv
FN:420,_ZN8optiling23AllGatherQuantBmmTiling18SetTilingKeyParamsEv
FN:429,_ZN8optiling23AllGatherQuantBmmTiling16GetWorkspaceSizeEv
FN:440,_ZNK8optiling23AllGatherQuantBmmTiling12GetTilingKeyEv
FN:473,_ZN8optiling30Mc2PrintTCubeTilingWindowParamERKSsRN10DequantBmm22Mc2SlidingWindowParamsE
FN:479,_ZN8optiling25Mc2PrintTCubeTilingParamsERKSsRN10DequantBmm31Mc2QuantBatchMatmulV3DataParamsE
FN:515,_ZN8optiling26Mc2PrintTCubeTilingL2cacheERKSsRN10DequantBmm20Mc2L2cacheTileParamsE
FN:525,_ZN8optiling23AllGatherQuantBmmTiling10PostTilingEv
FN:564,_ZN8optiling23AllGatherQuantBmmTiling22MutableRCSTilingDataA5Ev
FN:569,_ZN8optiling23AllGatherQuantBmmTiling27MutableTCubeLocalTilingDataEv
FN:574,_ZN8optiling23AllGatherQuantBmmTiling29MutableTCubeLocalTilingParamsEv
FN:579,_ZN8optiling23AllGatherQuantBmmTiling29MutableTCubeLocalTilingTileL2Ev
FN:584,_ZN8optiling23AllGatherQuantBmmTiling34MutableTCubeLocalTilingWindowParamEv
FN:589,_ZN8optiling23AllGatherQuantBmmTiling26MutableTCubeTileTilingDataEv
FN:594,_ZN8optiling23AllGatherQuantBmmTiling28MutableTCubeTileTilingParamsEv
FN:599,_ZN8optiling23AllGatherQuantBmmTiling28MutableTCubeTileTilingTileL2Ev
FN:604,_ZN8optiling23AllGatherQuantBmmTiling33MutableTCubeTileTilingWindowParamEv
FN:609,_ZN8optiling23AllGatherQuantBmmTiling26MutableTCubeTailTilingDataEv
FN:614,_ZN8optiling23AllGatherQuantBmmTiling28MutableTCubeTailTilingParamsEv
FN:619,_ZN8optiling23AllGatherQuantBmmTiling28MutableTCubeTailTilingTileL2Ev
FN:624,_ZN8optiling23AllGatherQuantBmmTiling33MutableTCubeTailTilingWindowParamEv
FN:629,_ZN8optiling23AllGatherQuantBmmTiling23DoAdaptSlidWindowTilingEv
FN:652,_ZN8optiling23AllGatherQuantBmmTilingC2EPN4gert13TilingContextE
FN:658,_ZN8optiling23AllGatherQuantBmmHelper16AnalyzeBatchInfoERKN4gert5ShapeES4_
FN:682,_ZN8optiling23AllGatherQuantBmmHelper8SetBatchEv
FN:689,_ZN8optiling23AllGatherQuantBmmHelper10GetX1ShapeEm
FN:699,_ZN8optiling23AllGatherQuantBmmHelper10GetX2ShapeEm
FN:708,_ZN8optiling23AllGatherQuantBmmHelper14GetOutputShapeEm
FN:715,_ZN8optiling23AllGatherQuantBmmHelper13GetScaleShapeEm
FN:726,_ZN8optiling23AllGatherQuantBmmHelper16GetPertokenShapeEm
FN:732,_ZN8optiling23AllGatherQuantBmmHelper12GetBiasShapeEm
FN:738,_ZN8optiling23AllGatherQuantBmmHelper14GetOffsetShapeEm
FN:744,_ZN8optiling23AllGatherQuantBmmHelper17GetShapeAttrsInfoEv
FN:793,_ZN8optiling23AllGatherQuantBmmHelper10PostTilingEv
FN:801,_ZN8optiling23AllGatherQuantBmmHelper14DoLibApiTilingEv
FN:808,_ZN8optiling23AllGatherQuantBmmHelper21PrintTilingInputParamERNS_23Mc2QuantBatchMatmulInfoE
FN:834,_ZN8optiling23AllGatherQuantBmmHelperC2ERNS_23AllGatherQuantBmmTilingERN10DequantBmm37Mc2QuantBatchMatmulV3TilingDataParamsE
FNDA:0,_ZNK8optiling23AllGatherQuantBmmTiling12GetTilingKeyEv
FNDA:0,_ZN8optiling23AllGatherQuantBmmHelper8SetBatchEv
FNDA:0,_ZN8optiling23AllGatherQuantBmmHelper13GetScaleShapeEm
FNDA:0,_ZN8optiling23AllGatherQuantBmmTiling11SetMc2HcommEv
FNDA:0,_ZN8optiling25Mc2PrintTCubeTilingParamsERKSsRN10DequantBmm31Mc2QuantBatchMatmulV3DataParamsE
FNDA:0,_ZN8optiling23AllGatherQuantBmmTiling24CheckPerTensorScaleInputEv
FNDA:0,_ZN8optiling30Mc2PrintTCubeTilingWindowParamERKSsRN10DequantBmm22Mc2SlidingWindowParamsE
FNDA:0,_ZN8optiling23AllGatherQuantBmmTiling23DoAdaptSlidWindowTilingEv
FNDA:0,_ZN8optiling23AllGatherQuantBmmTiling23CheckPerBlockScaleInputEv
FNDA:0,_ZN8optiling23AllGatherQuantBmmTiling13GetQuantSceneEv
FNDA:0,_ZN8optiling23AllGatherQuantBmmTiling28MutableTCubeTileTilingTileL2Ev
FNDA:0,_ZN8optiling23AllGatherQuantBmmTiling33MutableTCubeTailTilingWindowParamEv
FNDA:0,_ZN8optiling23AllGatherQuantBmmHelper14DoLibApiTilingEv
FNDA:0,_ZN8optiling23AllGatherQuantBmmTiling34MutableTCubeLocalTilingWindowParamEv
FNDA:0,_ZN8optiling23AllGatherQuantBmmHelper10GetX1ShapeEm
FNDA:0,_ZN8optiling23AllGatherQuantBmmHelper17GetShapeAttrsInfoEv
FNDA:0,_ZN8optiling23AllGatherQuantBmmTiling14CheckGroupSizeEv
FNDA:0,_ZN8optiling23AllGatherQuantBmmTiling28MutableTCubeTileTilingParamsEv
FNDA:0,_ZN8optiling23AllGatherQuantBmmHelper10PostTilingEv
FNDA:0,_ZN8optiling23AllGatherQuantBmmTiling18SetTilingKeyParamsEv
FNDA:0,_ZN8optiling23AllGatherQuantBmmHelper12GetBiasShapeEm
FNDA:0,_ZN8optiling23AllGatherQuantBmmTiling14CheckBiasInputEv
FNDA:0,_ZN8optiling23AllGatherQuantBmmTiling15CheckInputValidEv
FNDA:0,_ZN8optiling23AllGatherQuantBmmTiling10DoOpTilingEv
FNDA:0,_ZN8optiling23AllGatherQuantBmmTiling33MutableTCubeTileTilingWindowParamEv
FNDA:0,_ZN8optiling23AllGatherQuantBmmTiling10PostTilingEv
FNDA:0,_ZN8optiling23AllGatherQuantBmmTiling18CheckScaleInvShapeEv
FNDA:0,_ZN8optiling23AllGatherQuantBmmHelper16AnalyzeBatchInfoERKN4gert5ShapeES4_
FNDA:0,_ZN8optiling23AllGatherQuantBmmTiling13SetQuantSceneEv
FNDA:0,_ZN8optiling23AllGatherQuantBmmHelper10GetX2ShapeEm
FNDA:0,_ZN8optiling23AllGatherQuantBmmTiling26MutableTCubeTailTilingDataEv
FNDA:0,_ZN8optiling26Mc2PrintTCubeTilingL2cacheERKSsRN10DequantBmm20Mc2L2cacheTileParamsE
FNDA:0,_ZN8optiling23AllGatherQuantBmmTiling22MutableRCSTilingDataA5Ev
FNDA:0,_ZN8optiling23AllGatherQuantBmmTiling19CheckMXFPScaleInputEv
FNDA:0,_ZN8optiling23AllGatherQuantBmmTiling29MutableTCubeLocalTilingTileL2Ev
FNDA:0,_ZN8optiling23AllGatherQuantBmmHelperC2ERNS_23AllGatherQuantBmmTilingERN10DequantBmm37Mc2QuantBatchMatmulV3TilingDataParamsE
FNDA:0,_ZN8optiling23AllGatherQuantBmmTiling12CheckX1InputEv
FNDA:0,_ZN8optiling23AllGatherQuantBmmTiling9IsCapableEv
FNDA:0,_ZN8optiling23AllGatherQuantBmmHelper14GetOutputShapeEm
FNDA:0,_ZN8optiling23AllGatherQuantBmmTilingC2EPN4gert13TilingContextE
FNDA:0,_ZN8optiling23AllGatherQuantBmmHelper14GetOffsetShapeEm
FNDA:0,_ZN8optiling23AllGatherQuantBmmTiling28MutableTCubeTailTilingTileL2Ev
FNDA:0,_ZN8optiling23AllGatherQuantBmmTiling10CheckInputEv
FNDA:0,_ZN8optiling23AllGatherQuantBmmTiling27MutableTCubeLocalTilingDataEv
FNDA:0,_ZN8optiling23AllGatherQuantBmmTiling29MutableTCubeLocalTilingParamsEv
FNDA:0,_ZN8optiling23AllGatherQuantBmmTiling26MutableTCubeTileTilingDataEv
FNDA:0,_ZN8optiling23AllGatherQuantBmmHelper16GetPertokenShapeEm
FNDA:0,_ZN8optiling23AllGatherQuantBmmHelper21PrintTilingInputParamERNS_23Mc2QuantBatchMatmulInfoE
FNDA:0,_ZN8optiling23AllGatherQuantBmmTiling28MutableTCubeTailTilingParamsEv
FNDA:0,_ZN8optiling23AllGatherQuantBmmTiling16GetWorkspaceSizeEv
FNF:50
FNH:0
DA:68,0
DA:71,0
DA:72,0
DA:73,0
DA:75,0
DA:79,0
DA:80,0
DA:81,0
DA:82,0
DA:84,0
DA:85,0
DA:88,0
DA:90,0
DA:91,0
DA:92,0
DA:93,0
DA:94,0
DA:95,0
DA:99,0
DA:100,0
DA:102,0
DA:103,0
DA:104,0
DA:105,0
DA:111,0
DA:112,0
DA:113,0
DA:114,0
DA:115,0
DA:125,0
DA:127,0
DA:136,0
DA:138,0
DA:139,0
DA:140,0
DA:141,0
DA:142,0
DA:143,0
DA:144,0
DA:145,0
DA:146,0
DA:147,0
DA:148,0
DA:149,0
DA:150,0
DA:151,0
DA:152,0
DA:153,0
DA:156,0
DA:161,0
DA:162,0
DA:164,0
DA:168,0
DA:176,0
DA:178,0
DA:179,0
DA:180,0
DA:181,0
DA:182,0
DA:183,0
DA:184,0
DA:185,0
DA:186,0
DA:187,0
DA:188,0
DA:189,0
DA:190,0
DA:196,0
DA:203,0
DA:204,0
DA:205,0
DA:206,0
DA:207,0
DA:214,0
DA:215,0
DA:217,0
DA:224,0
DA:225,0
DA:231,0
DA:233,0
DA:234,0
DA:235,0
DA:246,0
DA:248,0
DA:249,0
DA:250,0
DA:251,0
DA:252,0
DA:256,0
DA:257,0
DA:258,0
DA:259,0
DA:260,0
DA:261,0
DA:262,0
DA:263,0
DA:264,0
DA:265,0
DA:266,0
DA:267,0
DA:268,0
DA:269,0
DA:271,0
DA:272,0
DA:276,0
DA:279,0
DA:281,0
DA:284,0
DA:286,0
DA:287,0
DA:288,0
DA:289,0
DA:290,0
DA:292,0
DA:293,0
DA:294,0
DA:295,0
DA:297,0
DA:298,0
DA:299,0
DA:302,0
DA:303,0
DA:309,0
DA:311,0
DA:315,0
DA:316,0
DA:317,0
DA:322,0
DA:330,0
DA:336,0
DA:342,0
DA:343,0
DA:344,0
DA:352,0
DA:354,0
DA:355,0
DA:358,0
DA:359,0
DA:364,0
DA:366,0
DA:369,0
DA:372,0
DA:375,0
DA:378,0
DA:381,0
DA:387,0
DA:389,0
DA:390,0
DA:391,0
DA:392,0
DA:394,0
DA:395,0
DA:396,0
DA:399,0
DA:400,0
DA:402,0
DA:406,0
DA:408,0
DA:409,0
DA:410,0
DA:412,0
DA:413,0
DA:414,0
DA:415,0
DA:416,0
DA:417,0
DA:420,0
DA:422,0
DA:423,0
DA:424,0
DA:425,0
DA:426,0
DA:427,0
DA:429,0
DA:431,0
DA:432,0
DA:433,0
DA:434,0
DA:435,0
DA:437,0
DA:440,0
DA:442,0
DA:443,0
DA:444,0
DA:446,0
DA:449,0
DA:452,0
DA:454,0
DA:455,0
DA:456,0
DA:457,0
DA:463,0
DA:464,0
DA:466,0
DA:469,0
DA:470,0
DA:473,0
DA:475,0
DA:476,0
DA:477,0
DA:479,0
DA:481,0
DA:482,0
DA:483,0
DA:484,0
DA:485,0
DA:486,0
DA:487,0
DA:488,0
DA:489,0
DA:490,0
DA:491,0
DA:492,0
DA:493,0
DA:494,0
DA:495,0
DA:496,0
DA:497,0
DA:498,0
DA:499,0
DA:500,0
DA:501,0
DA:502,0
DA:503,0
DA:504,0
DA:505,0
DA:506,0
DA:507,0
DA:508,0
DA:509,0
DA:510,0
DA:511,0
DA:512,0
DA:513,0
DA:515,0
DA:517,0
DA:518,0
DA:519,0
DA:520,0
DA:521,0
DA:522,0
DA:523,0
DA:525,0
DA:527,0
DA:529,0
DA:531,0
DA:535,0
DA:536,0
DA:537,0
DA:538,0
DA:539,0
DA:540,0
DA:541,0
DA:543,0
DA:544,0
DA:545,0
DA:546,0
DA:547,0
DA:549,0
DA:550,0
DA:551,0
DA:552,0
DA:553,0
DA:554,0
DA:558,0
DA:560,0
DA:561,0
DA:564,0
DA:566,0
DA:569,0
DA:571,0
DA:574,0
DA:576,0
DA:579,0
DA:581,0
DA:584,0
DA:586,0
DA:589,0
DA:591,0
DA:594,0
DA:596,0
DA:599,0
DA:601,0
DA:604,0
DA:606,0
DA:609,0
DA:611,0
DA:614,0
DA:616,0
DA:619,0
DA:621,0
DA:624,0
DA:626,0
DA:629,0
DA:632,0
DA:633,0
DA:634,0
DA:635,0
DA:636,0
DA:637,0
DA:639,0
DA:640,0
DA:641,0
DA:644,0
DA:645,0
DA:646,0
DA:647,0
DA:648,0
DA:649,0
DA:652,0
DA:653,0
DA:655,0
DA:656,0
DA:658,0
DA:660,0
DA:661,0
DA:662,0
DA:663,0
DA:664,0
DA:665,0
DA:666,0
DA:667,0
DA:668,0
DA:669,0
DA:670,0
DA:671,0
DA:672,0
DA:673,0
DA:674,0
DA:675,0
DA:676,0
DA:677,0
DA:678,0
DA:679,0
DA:680,0
DA:682,0
DA:684,0
DA:685,0
DA:687,0
DA:689,0
DA:691,0
DA:692,0
DA:693,0
DA:694,0
DA:696,0
DA:699,0
DA:701,0
DA:702,0
DA:703,0
DA:705,0
DA:708,0
DA:710,0
DA:711,0
DA:712,0
DA:715,0
DA:717,0
DA:718,0
DA:719,0
DA:720,0
DA:722,0
DA:726,0
DA:728,0
DA:729,0
DA:732,0
DA:734,0
DA:735,0
DA:738,0
DA:740,0
DA:741,0
DA:744,0
DA:746,0
DA:747,0
DA:748,0
DA:749,0
DA:750,0
DA:751,0
DA:752,0
DA:753,0
DA:754,0
DA:755,0
DA:756,0
DA:757,0
DA:758,0
DA:759,0
DA:760,0
DA:761,0
DA:764,0
DA:767,0
DA:768,0
DA:770,0
DA:771,0
DA:772,0
DA:773,0
DA:774,0
DA:775,0
DA:776,0
DA:777,0
DA:778,0
DA:779,0
DA:780,0
DA:781,0
DA:782,0
DA:783,0
DA:784,0
DA:785,0
DA:786,0
DA:788,0
DA:789,0
DA:790,0
DA:793,0
DA:796,0
DA:797,0
DA:798,0
DA:801,0
DA:803,0
DA:804,0
DA:805,0
DA:808,0
DA:810,0
DA:812,0
DA:815,0
DA:822,0
DA:829,0
DA:833,0
DA:834,0
DA:835,0
DA:836,0
DA:838,0
LF:428
LH:0
end_of_record
TN:
SF:/ascendc-agent/ops-transformer/mc2/all_gather_matmul_v2/op_host/op_tiling/arch35/all_gather_quant_bmm_tiling.h
FN:36,_ZN8optiling23AllGatherQuantBmmTilingD2Ev
FN:36,_ZN8optiling23AllGatherQuantBmmTilingD0Ev
FNDA:0,_ZN8optiling23AllGatherQuantBmmTilingD0Ev
FNDA:0,_ZN8optiling23AllGatherQuantBmmTilingD2Ev
FNF:2
FNH:0
DA:36,0
DA:85,0
LF:2
LH:0
end_of_record
