TN:
SF:/ascendc-agent/ops-transformer/mc2/all_gather_matmul_v2/op_graph/fallback_all_gather_matmul_v2.cpp
FN:18,_ZN8fallbackL28AllGatherMatmulV2ExecuteFuncEPN4gert16OpExecuteContextE
FN:76,_ZZN8fallbackL28AllGatherMatmulV2ExecuteFuncEPN4gert16OpExecuteContextEENKUlvE_clEv
FNDA:0,_ZN8fallbackL28AllGatherMatmulV2ExecuteFuncEPN4gert16OpExecuteContextE
FNDA:0,_ZZN8fallbackL28AllGatherMatmulV2ExecuteFuncEPN4gert16OpExecuteContextEENKUlvE_clEv
FNF:2
FNH:0
DA:18,0
DA:20,0
DA:21,0
DA:23,0
DA:24,0
DA:26,0
DA:27,0
DA:29,0
DA:31,0
DA:33,0
DA:35,0
DA:37,0
DA:38,0
DA:40,0
DA:41,0
DA:43,0
DA:45,0
DA:46,0
DA:48,0
DA:49,0
DA:51,0
DA:52,0
DA:54,0
DA:55,0
DA:56,0
DA:57,0
DA:59,0
DA:60,0
DA:61,0
DA:62,0
DA:64,0
DA:65,0
DA:67,0
DA:68,0
DA:69,0
DA:71,0
DA:72,0
DA:73,0
DA:74,0
DA:76,0
DA:79,0
LF:41
LH:0
end_of_record
TN:
SF:/ascendc-agent/ops-transformer/mc2/all_gather_matmul_v2/op_host/all_gather_matmul_v2_infershape.cpp
FN:25,_ZN3opsL27InferShapeAllGatherMatmulV2EPN4gert17InferShapeContextE
FN:44,_ZN3opsL30InferDataTypeAllGatherMatmulV2EPN4gert20InferDataTypeContextE
FNDA:3,_ZN3opsL30InferDataTypeAllGatherMatmulV2EPN4gert20InferDataTypeContextE
FNDA:4,_ZN3opsL27InferShapeAllGatherMatmulV2EPN4gert17InferShapeContextE
FNF:2
FNH:2
DA:25,4
DA:27,4
DA:30,6
DA:31,3
DA:32,3
DA:33,3
DA:34,3
DA:35,0
DA:36,0
DA:38,3
DA:39,3
DA:44,3
DA:47,3
DA:48,3
DA:49,3
DA:50,2
DA:52,2
DA:54,3
DA:55,3
DA:56,3
LF:20
LH:18
end_of_record
TN:
SF:/ascendc-agent/ops-transformer/mc2/all_gather_matmul_v2/op_host/op_tiling/all_gather_formulaic_tiling.cpp
FN:19,_ZN17AllGatherPlusMMV229PrintEstimateKernelTimeResultEdd
FN:30,_ZN17AllGatherPlusMMV218EstimateKernelTimeEv
FN:66,_ZN17AllGatherPlusMMV222SetCommTimeFactorForA5Ev
FN:71,_ZN17AllGatherPlusMMV225SetCommTimeFactorForOtherEv
FN:97,_ZN17AllGatherPlusMMV217SetCommTimeFactorEv
FN:106,_ZN17AllGatherPlusMMV218SelectTilingMethodEv
FNDA:51,_ZN17AllGatherPlusMMV218EstimateKernelTimeEv
FNDA:0,_ZN17AllGatherPlusMMV225SetCommTimeFactorForOtherEv
FNDA:51,_ZN17AllGatherPlusMMV229PrintEstimateKernelTimeResultEdd
FNDA:51,_ZN17AllGatherPlusMMV217SetCommTimeFactorEv
FNDA:0,_ZN17AllGatherPlusMMV222SetCommTimeFactorForA5Ev
FNDA:51,_ZN17AllGatherPlusMMV218SelectTilingMethodEv
FNF:6
FNH:4
DA:19,51
DA:21,51
DA:27,51
DA:30,51
DA:32,51
DA:35,51
DA:36,51
DA:37,94
DA:38,51
DA:39,51
DA:40,51
DA:41,43
DA:46,51
DA:48,51
DA:49,35
DA:50,51
DA:51,0
DA:52,51
DA:53,51
DA:54,6
DA:55,0
DA:57,6
DA:59,51
DA:60,51
DA:61,0
DA:63,51
DA:64,51
DA:66,51
DA:68,0
DA:69,51
DA:71,0
DA:74,0
DA:75,0
DA:76,0
DA:77,0
DA:78,0
DA:79,0
DA:80,0
DA:81,0
DA:82,0
DA:84,0
DA:85,0
DA:86,0
DA:87,0
DA:89,0
DA:91,0
DA:92,0
DA:93,0
DA:95,0
DA:97,51
DA:99,51
DA:100,51
DA:102,0
DA:104,51
DA:106,51
DA:108,51
DA:112,17
DA:113,13
DA:114,13
DA:115,13
DA:117,0
DA:120,4
DA:121,4
DA:122,0
DA:127,17
DA:128,0
DA:129,17
DA:130,17
DA:131,17
LF:69
LH:42
end_of_record
TN:
SF:/ascendc-agent/ops-transformer/mc2/all_gather_matmul_v2/op_host/op_tiling/all_gather_formulaic_tiling.h
FN:37,_ZN17AllGatherPlusMMV2C2ERKN9mc2tiling10TilingArgsEj10KernelType10SocVersion
FNDA:51,_ZN17AllGatherPlusMMV2C2ERKN9mc2tiling10TilingArgsEj10KernelType10SocVersion
FNF:1
FNH:1
DA:29,102
DA:37,51
DA:39,51
DA:41,51
DA:42,51
DA:43,51
DA:44,51
DA:46,51
DA:47,0
DA:49,51
DA:51,51
LF:11
LH:10
end_of_record
TN:
SF:/ascendc-agent/ops-transformer/mc2/all_gather_matmul_v2/op_host/op_tiling/all_gather_matmul_tiling_base.cpp
FN:47,_ZN8optilingL17CheckSupportDtypeEN2ge8DataTypeERKSt16initializer_listIS1_E
FN:52,_ZN8optiling25AllGatherMatmulTilingBase26CheckInputParaEmptyPointerEv
FN:82,_ZN8optiling25AllGatherMatmulTilingBase14CheckGroupSizeEv
FN:99,_ZN8optiling25AllGatherMatmulTilingBase15CheckInputScaleEv
FN:122,_ZN8optiling25AllGatherMatmulTilingBase23CheckInputParaArraySizeEv
FN:152,_ZN8optiling25AllGatherMatmulTilingBase29CheckInputAndOutputParaFormatEv
FN:173,_ZN8optiling25AllGatherMatmulTilingBase18CheckGatherOutParaEv
FN:206,_ZN8optiling25AllGatherMatmulTilingBase19CheckOutputParaDim0Ev
FN:222,_ZN8optiling25AllGatherMatmulTilingBase17CheckBiasParaDim0Ev
FN:241,_ZN8optiling25AllGatherMatmulTilingBase16CheckParaInvaildEv
FN:271,_ZN8optiling25AllGatherMatmulTilingBase16SetTilingArgsDimEv
FN:289,_ZN8optiling25AllGatherMatmulTilingBase21SetTilingArgsDataTypeEv
FN:321,_ZN8optiling25AllGatherMatmulTilingBase25SetTilingArgsGatherStatusEv
FN:341,_ZN8optiling25AllGatherMatmulTilingBase13AnalyzeInputsEv
FN:355,_ZN8optiling25AllGatherMatmulTilingBase16AnalyzeShapeAttrEv
FN:365,_ZN8optiling25AllGatherMatmulTilingBase23SetMC2AllGatherDataInfoERN9Mc2Tiling9RCSTilingERN7AscendC6tiling11TCubeTilingES7_j
FN:387,_ZN8optiling25AllGatherMatmulTilingBase17DoAllGatherTilingERN9Mc2Tiling9RCSTilingERN7AscendC6tiling11TCubeTilingES7_RjS8_
FN:404,_ZN8optiling25AllGatherMatmulTilingBase16SetRcsTilingDataERN9Mc2Tiling9RCSTilingE
FN:428,_ZN8optiling25AllGatherMatmulTilingBase11SetCommAlgoEv
FN:438,_ZN8optiling25AllGatherMatmulTilingBase15AllGatherSplitMERN9mc2tiling10TilingArgsEj
FN:461,_ZN8optiling25AllGatherMatmulTilingBase14DoSplitMTilingERN9Mc2Tiling9RCSTilingE
FN:508,_ZN8optiling25AllGatherMatmulTilingBase5ResetEv
FN:523,_ZN8optiling25AllGatherMatmulTilingBase12AnalyzeAttrsEv
FN:569,_ZN8optiling25AllGatherMatmulTilingBase15GetPlatformInfoEv
FN:582,_ZN8optiling25AllGatherMatmulTilingBase17GetShapeAttrsInfoEv
FN:586,_ZN8optiling25AllGatherMatmulTilingBase14DoLibApiTilingEv
FN:591,_ZN8optiling25AllGatherMatmulTilingBase11GetStorageAERN9Mc2Tiling9RCSTilingE
FN:634,_ZN8optiling25AllGatherMatmulTilingBase16GetWorkspaceSizeEv
FN:647,_ZNK8optiling25AllGatherMatmulTilingBase12GetTilingKeyEv
FNDA:50,_ZN8optiling25AllGatherMatmulTilingBase16GetWorkspaceSizeEv
FNDA:51,_ZN8optiling25AllGatherMatmulTilingBase14DoSplitMTilingERN9Mc2Tiling9RCSTilingE
FNDA:74,_ZN8optiling25AllGatherMatmulTilingBase16CheckParaInvaildEv
FNDA:146,_ZN8optiling25AllGatherMatmulTilingBase16SetTilingArgsDimEv
FNDA:73,_ZN8optiling25AllGatherMatmulTilingBase23CheckInputParaArraySizeEv
FNDA:50,_ZN8optiling25AllGatherMatmulTilingBase17DoAllGatherTilingERN9Mc2Tiling9RCSTilingERN7AscendC6tiling11TCubeTilingES7_RjS8_
FNDA:74,_ZN8optiling25AllGatherMatmulTilingBase17GetShapeAttrsInfoEv
FNDA:74,_ZN8optiling25AllGatherMatmulTilingBase26CheckInputParaEmptyPointerEv
FNDA:50,_ZN8optiling25AllGatherMatmulTilingBase11GetStorageAERN9Mc2Tiling9RCSTilingE
FNDA:73,_ZN8optiling25AllGatherMatmulTilingBase15GetPlatformInfoEv
FNDA:73,_ZN8optiling25AllGatherMatmulTilingBase25SetTilingArgsGatherStatusEv
FNDA:73,_ZN8optiling25AllGatherMatmulTilingBase29CheckInputAndOutputParaFormatEv
FNDA:73,_ZN8optilingL17CheckSupportDtypeEN2ge8DataTypeERKSt16initializer_listIS1_E
FNDA:73,_ZN8optiling25AllGatherMatmulTilingBase19CheckOutputParaDim0Ev
FNDA:0,_ZN8optiling25AllGatherMatmulTilingBase15AllGatherSplitMERN9mc2tiling10TilingArgsEj
FNDA:73,_ZN8optiling25AllGatherMatmulTilingBase11SetCommAlgoEv
FNDA:50,_ZN8optiling25AllGatherMatmulTilingBase23SetMC2AllGatherDataInfoERN9Mc2Tiling9RCSTilingERN7AscendC6tiling11TCubeTilingES7_j
FNDA:73,_ZN8optiling25AllGatherMatmulTilingBase21SetTilingArgsDataTypeEv
FNDA:0,_ZN8optiling25AllGatherMatmulTilingBase5ResetEv
FNDA:74,_ZN8optiling25AllGatherMatmulTilingBase12AnalyzeAttrsEv
FNDA:50,_ZN8optiling25AllGatherMatmulTilingBase14DoLibApiTilingEv
FNDA:73,_ZN8optiling25AllGatherMatmulTilingBase18CheckGatherOutParaEv
FNDA:30,_ZNK8optiling25AllGatherMatmulTilingBase12GetTilingKeyEv
FNDA:74,_ZN8optiling25AllGatherMatmulTilingBase13AnalyzeInputsEv
FNDA:74,_ZN8optiling25AllGatherMatmulTilingBase15CheckInputScaleEv
FNDA:74,_ZN8optiling25AllGatherMatmulTilingBase16AnalyzeShapeAttrEv
FNDA:73,_ZN8optiling25AllGatherMatmulTilingBase17CheckBiasParaDim0Ev
FNDA:74,_ZN8optiling25AllGatherMatmulTilingBase14CheckGroupSizeEv
FNDA:51,_ZN8optiling25AllGatherMatmulTilingBase16SetRcsTilingDataERN9Mc2Tiling9RCSTilingE
FNF:29
FNH:27
DA:47,73
DA:49,73
DA:52,74
DA:54,74
DA:55,74
DA:56,74
DA:58,74
DA:59,74
DA:60,74
DA:61,74
DA:62,74
DA:64,74
DA:66,74
DA:68,74
DA:69,0
DA:71,74
DA:74,74
DA:75,0
DA:76,74
DA:77,74
DA:82,74
DA:84,148
DA:85,148
DA:86,74
DA:87,74
DA:88,74
DA:89,32
DA:90,33
DA:99,74
DA:101,148
DA:102,148
DA:103,74
DA:104,74
DA:105,74
DA:106,74
DA:107,32
DA:112,32
DA:117,74
DA:122,73
DA:124,73
DA:125,73
DA:126,73
DA:127,73
DA:129,73
DA:131,73
DA:132,73
DA:133,73
DA:134,73
DA:136,146
DA:137,42
DA:144,73
DA:152,73
DA:154,73
DA:155,73
DA:156,73
DA:158,73
DA:159,73
DA:160,73
DA:162,73
DA:164,73
DA:173,73
DA:175,73
DA:176,73
DA:177,73
DA:178,73
DA:179,73
DA:180,73
DA:181,73
DA:182,73
DA:184,73
DA:185,0
DA:189,0
DA:190,0
DA:194,0
DA:195,0
DA:206,73
DA:208,73
DA:209,73
DA:210,73
DA:211,73
DA:212,73
DA:214,73
DA:222,73
DA:224,73
DA:225,73
DA:226,73
DA:227,73
DA:228,73
DA:229,73
DA:230,73
DA:231,73
DA:232,0
DA:233,0
DA:241,74
DA:243,74
DA:246,74
DA:249,74
DA:252,73
DA:255,73
DA:258,73
DA:261,73
DA:264,73
DA:265,73
DA:266,0
DA:271,146
DA:273,146
DA:274,146
DA:275,146
DA:276,146
DA:277,146
DA:278,146
DA:280,146
DA:281,146
DA:282,146
DA:283,146
DA:284,146
DA:285,146
DA:286,146
DA:289,73
DA:291,73
DA:292,146
DA:293,146
DA:294,73
DA:295,73
DA:296,73
DA:298,73
DA:302,0
DA:305,146
DA:306,146
DA:308,73
DA:309,73
DA:310,73
DA:311,73
DA:312,73
DA:313,146
DA:314,146
DA:315,146
DA:316,146
DA:317,73
DA:318,73
DA:321,73
DA:323,73
DA:324,73
DA:325,73
DA:327,219
DA:328,146
DA:329,146
DA:332,73
DA:333,0
DA:336,0
DA:338,73
DA:341,74
DA:343,74
DA:347,73
DA:348,73
DA:349,73
DA:350,73
DA:351,73
DA:352,73
DA:355,74
DA:357,74
DA:358,75
DA:360,73
DA:361,73
DA:365,50
DA:371,50
DA:372,50
DA:374,50
DA:375,0
DA:376,0
DA:380,0
DA:382,50
DA:387,50
DA:392,50
DA:393,50
DA:395,50
DA:397,100
DA:400,50
DA:401,50
DA:404,51
DA:406,51
DA:407,51
DA:408,51
DA:409,51
DA:410,51
DA:413,51
DA:414,51
DA:415,51
DA:416,51
DA:417,51
DA:418,51
DA:419,51
DA:422,51
DA:423,0
DA:425,51
DA:426,51
DA:428,73
DA:430,73
DA:431,73
DA:432,0
DA:433,0
DA:438,0
DA:441,0
DA:442,0
DA:445,0
DA:446,0
DA:447,0
DA:450,0
DA:451,0
DA:452,0
DA:453,0
DA:455,0
DA:456,0
DA:458,0
DA:461,51
DA:463,51
DA:464,0
DA:465,0
DA:466,0
DA:469,51
DA:470,0
DA:471,0
DA:472,0
DA:473,0
DA:474,51
DA:475,0
DA:476,0
DA:479,0
DA:480,0
DA:482,0
DA:483,0
DA:484,0
DA:485,0
DA:486,0
DA:487,0
DA:490,102
DA:491,51
DA:492,51
DA:493,102
DA:494,51
DA:495,51
DA:496,51
DA:497,51
DA:498,51
DA:499,51
DA:500,51
DA:501,4
DA:502,4
DA:503,4
DA:506,51
DA:508,0
DA:510,0
DA:511,0
DA:512,0
DA:513,0
DA:514,0
DA:515,0
DA:516,0
DA:517,0
DA:518,0
DA:519,0
DA:520,0
DA:521,0
DA:523,74
DA:525,74
DA:526,0
DA:527,74
DA:528,74
DA:529,74
DA:530,74
DA:531,74
DA:532,148
DA:534,148
DA:539,74
DA:541,74
DA:545,74
DA:546,74
DA:547,74
DA:548,74
DA:549,74
DA:550,74
DA:551,74
DA:554,74
DA:558,148
DA:559,74
DA:561,74
DA:569,73
DA:571,73
DA:572,73
DA:574,73
DA:575,73
DA:576,73
DA:577,73
DA:579,73
DA:582,74
DA:584,74
DA:586,50
DA:588,50
DA:591,50
DA:593,50
DA:594,50
DA:595,50
DA:596,50
DA:599,50
DA:601,50
DA:602,50
DA:603,50
DA:604,50
DA:606,0
DA:607,0
DA:608,0
DA:611,50
DA:612,50
DA:613,50
DA:614,50
DA:615,0
DA:616,0
DA:617,0
DA:619,0
DA:620,0
DA:622,0
DA:625,50
DA:626,50
DA:627,50
DA:629,50
DA:631,50
DA:634,50
DA:636,50
DA:637,0
DA:640,50
DA:641,50
DA:642,50
DA:647,30
DA:649,30
DA:650,60
DA:652,30
DA:654,30
DA:655,30
LF:338
LH:265
end_of_record
TN:
SF:/ascendc-agent/ops-transformer/mc2/all_gather_matmul_v2/op_host/op_tiling/all_gather_matmul_tiling_base.h
FN:64,_ZN8optiling25AllGatherMatmulTilingBase5ResetEPN4gert13TilingContextE
FN:87,_ZN8optiling25AllGatherMatmulTilingBase10CheckInputEv
FNDA:0,_ZN8optiling25AllGatherMatmulTilingBase10CheckInputEv
FNDA:0,_ZN8optiling25AllGatherMatmulTilingBase5ResetEPN4gert13TilingContextE
FNF:2
FNH:0
DA:59,74
DA:62,74
DA:64,0
DA:66,0
DA:67,0
DA:68,0
DA:87,0
DA:89,0
LF:8
LH:2
end_of_record
TN:
SF:/ascendc-agent/ops-transformer/mc2/all_gather_matmul_v2/op_host/op_tiling/arch32/all_gather_matmul_aiv_mode_tiling.cpp
FN:48,_ZN8optiling27AllGatherV2DecodeTilingDataEiR9CoCTiling
FN:72,_ZN8optiling36GetValueFromMKNConditionMapAllGatherEiiiiSt3mapIiSt6vectorIS1_IiSaIiEESaIS3_EESt4lessIiESaISt4pairIKiS5_EEE
FN:88,_ZN8optiling14SetTilingParamER9CoCTilingRKSt3mapIPi11TilingValueSt4lessIS3_ESaISt4pairIKS3_S4_EEE
FN:113,_ZN8optiling25DealTilingParamByBuffSizeER9CoCTiling
FN:129,_ZN8optiling42AllGatherV2MatmulNPU910BFourRankINT8TilingER9CoCTiling
FN:145,_ZN8optiling42AllGatherV2MatmulNPU910BFourRankFP16TilingER9CoCTiling
FN:161,_ZN8optiling43AllGatherV2MatmulNPU910BEightRankINT8TilingER9CoCTiling
FN:177,_ZN8optiling43AllGatherV2MatmulNPU910BEightRankFP16TilingER9CoCTiling
FN:193,_ZN8optiling43AllGatherV2MatmulNPU91093FourRankINT8TilingER9CoCTiling
FN:209,_ZN8optiling44AllGatherV2MatmulNPU91093EightRankINT8TilingER9CoCTiling
FN:225,_ZN8optiling43AllGatherV2MatmulNPU91093FourRankFP16TilingER9CoCTiling
FN:241,_ZN8optiling44AllGatherV2MatmulNPU91093EightRankFP16TilingER9CoCTiling
FN:279,_ZN8optilingL44AllGatherMatmulAIVModeCheckShapeAndSetTilingEPN4gert13TilingContextER26AllGatherMatmulAIVModeInfoR9CoCTiling
FN:351,_ZN8optiling19GetUsrWorkSpaceSizeEjjRmlR26AllGatherMatmulAIVModeInfo
FN:408,_ZN8optiling13SetTilingDataER9CoCTilingR26AllGatherMatmulAIVModeInfol
FN:443,_ZN8optiling32AllGatherMatmulTilingAIVModeFuncEPN4gert13TilingContextE
FNDA:4,_ZN8optiling27AllGatherV2DecodeTilingDataEiR9CoCTiling
FNDA:0,_ZN8optiling42AllGatherV2MatmulNPU910BFourRankINT8TilingER9CoCTiling
FNDA:2,_ZN8optiling43AllGatherV2MatmulNPU910BEightRankFP16TilingER9CoCTiling
FNDA:4,_ZN8optiling25DealTilingParamByBuffSizeER9CoCTiling
FNDA:0,_ZN8optiling44AllGatherV2MatmulNPU91093EightRankINT8TilingER9CoCTiling
FNDA:0,_ZN8optiling43AllGatherV2MatmulNPU91093FourRankFP16TilingER9CoCTiling
FNDA:4,_ZN8optiling19GetUsrWorkSpaceSizeEjjRmlR26AllGatherMatmulAIVModeInfo
FNDA:4,_ZN8optiling13SetTilingDataER9CoCTilingR26AllGatherMatmulAIVModeInfol
FNDA:1,_ZN8optiling42AllGatherV2MatmulNPU910BFourRankFP16TilingER9CoCTiling
FNDA:4,_ZN8optiling32AllGatherMatmulTilingAIVModeFuncEPN4gert13TilingContextE
FNDA:4,_ZN8optilingL44AllGatherMatmulAIVModeCheckShapeAndSetTilingEPN4gert13TilingContextER26AllGatherMatmulAIVModeInfoR9CoCTiling
FNDA:0,_ZN8optiling43AllGatherV2MatmulNPU91093FourRankINT8TilingER9CoCTiling
FNDA:0,_ZN8optiling43AllGatherV2MatmulNPU910BEightRankINT8TilingER9CoCTiling
FNDA:4,_ZN8optiling36GetValueFromMKNConditionMapAllGatherEiiiiSt3mapIiSt6vectorIS1_IiSaIiEESaIS3_EESt4lessIiESaISt4pairIKiS5_EEE
FNDA:1,_ZN8optiling44AllGatherV2MatmulNPU91093EightRankFP16TilingER9CoCTiling
FNDA:4,_ZN8optiling14SetTilingParamER9CoCTilingRKSt3mapIPi11TilingValueSt4lessIS3_ESaISt4pairIKS3_S4_EEE
FNF:16
FNH:11
DA:48,4
DA:50,4
DA:51,4
DA:52,4
DA:53,4
DA:54,4
DA:55,4
DA:56,4
DA:57,4
DA:58,4
DA:59,4
DA:60,4
DA:61,4
DA:62,4
DA:63,4
DA:64,4
DA:65,4
DA:66,4
DA:67,4
DA:68,4
DA:69,4
DA:70,4
DA:72,4
DA:74,4
DA:75,58
DA:76,232
DA:77,86
DA:78,37
DA:79,103
DA:80,82
DA:81,4
DA:85,0
DA:88,4
DA:89,4
DA:90,4
DA:91,4
DA:93,16
DA:94,4
DA:95,8
DA:96,4
DA:97,4
DA:98,0
DA:99,0
DA:103,4
DA:104,4
DA:105,0
DA:106,0
DA:107,0
DA:108,0
DA:109,0
DA:111,4
DA:113,4
DA:114,4
DA:115,4
DA:116,4
DA:117,4
DA:119,4
DA:120,1
DA:121,0
DA:122,0
DA:123,0
DA:124,0
DA:126,4
DA:129,0
DA:131,0
DA:132,0
DA:136,0
DA:137,0
DA:139,0
DA:141,0
DA:142,0
DA:143,0
DA:145,1
DA:147,1
DA:148,1
DA:152,5
DA:153,1
DA:155,1
DA:157,1
DA:158,1
DA:159,1
DA:161,0
DA:163,0
DA:164,0
DA:168,0
DA:169,0
DA:171,0
DA:173,0
DA:174,0
DA:175,0
DA:177,2
DA:179,2
DA:180,2
DA:184,10
DA:185,2
DA:187,2
DA:189,2
DA:190,2
DA:191,2
DA:193,0
DA:195,0
DA:196,0
DA:200,0
DA:201,0
DA:203,0
DA:205,0
DA:206,0
DA:207,0
DA:209,0
DA:211,0
DA:212,0
DA:216,0
DA:217,0
DA:219,0
DA:221,0
DA:222,0
DA:223,0
DA:225,0
DA:227,0
DA:228,0
DA:232,0
DA:233,0
DA:235,0
DA:237,0
DA:238,0
DA:239,0
DA:241,1
DA:243,1
DA:244,1
DA:248,5
DA:249,1
DA:251,1
DA:253,1
DA:254,1
DA:255,1
DA:279,4
DA:282,4
DA:283,4
DA:285,4
DA:286,4
DA:287,4
DA:288,4
DA:289,4
DA:291,4
DA:292,1
DA:294,1
DA:297,8
DA:298,4
DA:299,0
DA:300,0
DA:304,4
DA:305,4
DA:306,4
DA:307,4
DA:308,4
DA:309,4
DA:310,4
DA:311,4
DA:312,4
DA:314,4
DA:351,4
DA:354,8
DA:355,4
DA:356,4
DA:357,4
DA:358,4
DA:360,4
DA:361,4
DA:362,4
DA:363,4
DA:364,4
DA:365,0
DA:366,0
DA:368,4
DA:369,0
DA:370,0
DA:372,4
DA:373,0
DA:375,4
DA:377,0
DA:379,4
DA:380,0
DA:383,0
DA:384,0
DA:390,0
DA:392,0
DA:393,0
DA:396,0
DA:397,0
DA:398,0
DA:401,0
DA:402,0
DA:403,0
DA:408,4
DA:410,4
DA:411,1
DA:412,0
DA:413,0
DA:414,1
DA:415,0
DA:416,0
DA:417,1
DA:418,0
DA:419,0
DA:420,1
DA:421,1
DA:422,1
DA:425,3
DA:426,0
DA:427,0
DA:428,3
DA:429,1
DA:430,1
DA:431,2
DA:432,0
DA:433,0
DA:434,2
DA:435,2
DA:436,2
DA:440,0
DA:443,4
DA:445,4
DA:446,4
DA:449,4
DA:450,4
DA:452,4
DA:453,4
DA:454,4
DA:455,4
DA:456,4
DA:458,4
DA:461,4
DA:464,4
DA:469,4
DA:470,4
DA:471,4
DA:472,4
DA:473,8
DA:474,4
DA:477,4
DA:478,8
DA:479,4
DA:480,4
DA:481,4
DA:482,4
DA:483,4
DA:486,8
DA:487,8
DA:488,8
DA:489,4
DA:490,4
DA:491,0
DA:492,0
DA:493,0
DA:494,0
DA:498,4
DA:499,4
DA:500,4
DA:501,4
DA:504,4
DA:505,0
DA:508,4
DA:509,4
DA:510,4
DA:512,8
DA:513,12
DA:514,4
DA:515,1
DA:519,4
DA:522,4
DA:523,4
DA:524,4
DA:525,4
DA:526,4
DA:529,4
DA:530,1
DA:531,2
DA:532,3
DA:533,1
DA:535,1
DA:538,3
DA:539,6
DA:540,9
DA:541,3
DA:543,3
DA:547,4
DA:548,4
LF:287
LH:194
end_of_record
TN:
SF:/ascendc-agent/ops-transformer/mc2/all_gather_matmul_v2/op_host/op_tiling/arch32/all_gather_matmul_tiling_v2.cpp
FN:41,_ZN8optiling23AllGatherMatmulTilingV29IsCapableEv
FN:52,_ZN8optiling23AllGatherMatmulTilingV216SetRawTilingDataEv
FN:61,_ZN8optiling23AllGatherMatmulTilingV210DoOpTilingEv
FN:77,_ZN8optiling22Mc2PrintMMV3TilingDataERKSsR21Mc2MatMulV3TilingData
FN:91,_ZN8optiling23AllGatherMatmulTilingV218PrintAllTilingDataEv
FN:106,_ZN8optiling23AllGatherMatmulTilingV210PostTilingEv
FN:123,_ZN8optiling23AllGatherMatmulTilingV216DoMatmulV3TilingERN15Mc2MatmulHelper18Mc2MatmulTilingCfgERNS_16Mc2MMRegisterCfgER21Mc2MatMulV3TilingData
FN:137,_ZN8optiling23AllGatherMatmulTilingV216DoVersion2TilingEv
FN:188,_ZN8optiling23AllGatherMatmulTilingV211SetMc2HcommERN9Mc2Tiling9RCSTilingE
FN:209,_ZN8optiling23AllGatherMatmulTilingV210CheckInputEv
FN:222,_ZN8optiling23AllGatherMatmulTilingV2C2EPN4gert13TilingContextE
FNDA:64,_ZN8optiling23AllGatherMatmulTilingV216DoMatmulV3TilingERN15Mc2MatmulHelper18Mc2MatmulTilingCfgERNS_16Mc2MMRegisterCfgER21Mc2MatMulV3TilingData
FNDA:31,_ZN8optiling23AllGatherMatmulTilingV210CheckInputEv
FNDA:31,_ZN8optiling23AllGatherMatmulTilingV216SetRawTilingDataEv
FNDA:63,_ZN8optiling22Mc2PrintMMV3TilingDataERKSsR21Mc2MatMulV3TilingData
FNDA:30,_ZN8optiling23AllGatherMatmulTilingV218PrintAllTilingDataEv
FNDA:31,_ZN8optiling23AllGatherMatmulTilingV211SetMc2HcommERN9Mc2Tiling9RCSTilingE
FNDA:53,_ZN8optiling23AllGatherMatmulTilingV2C2EPN4gert13TilingContextE
FNDA:31,_ZN8optiling23AllGatherMatmulTilingV216DoVersion2TilingEv
FNDA:30,_ZN8optiling23AllGatherMatmulTilingV210PostTilingEv
FNDA:31,_ZN8optiling23AllGatherMatmulTilingV210DoOpTilingEv
FNDA:52,_ZN8optiling23AllGatherMatmulTilingV29IsCapableEv
FNF:11
FNH:11
DA:41,52
DA:43,52
DA:44,31
DA:45,31
DA:48,21
DA:52,31
DA:54,31
DA:55,31
DA:57,31
DA:58,31
DA:61,31
DA:63,31
DA:64,31
DA:65,31
DA:68,31
DA:69,31
DA:70,33
DA:71,30
DA:72,30
DA:73,30
DA:74,30
DA:77,63
DA:79,63
DA:80,63
DA:81,63
DA:82,63
DA:83,63
DA:84,63
DA:85,63
DA:86,63
DA:87,63
DA:88,63
DA:89,63
DA:91,30
DA:93,30
DA:96,90
DA:97,90
DA:98,90
DA:99,30
DA:102,3
DA:103,9
DA:106,30
DA:108,30
DA:110,60
DA:112,30
DA:116,30
DA:117,30
DA:119,30
DA:120,30
DA:123,64
DA:126,64
DA:127,64
DA:128,64
DA:129,64
DA:130,1
DA:131,1
DA:137,31
DA:140,31
DA:141,31
DA:145,31
DA:146,0
DA:150,31
DA:153,31
DA:155,62
DA:156,31
DA:158,62
DA:160,31
DA:163,31
DA:164,62
DA:165,33
DA:168,30
DA:169,30
DA:170,61
DA:171,30
DA:172,30
DA:173,30
DA:175,30
DA:177,3
DA:178,3
DA:179,6
DA:180,3
DA:181,3
DA:182,3
DA:188,31
DA:190,31
DA:191,62
DA:192,62
DA:193,31
DA:195,62
DA:196,155
DA:197,31
DA:200,31
DA:201,31
DA:203,31
DA:209,31
DA:211,31
DA:212,0
DA:215,62
DA:216,0
DA:222,53
DA:223,53
DA:225,53
LF:102
LH:99
end_of_record
TN:
SF:/ascendc-agent/ops-transformer/mc2/all_gather_matmul_v2/op_host/op_tiling/arch32/all_gather_matmul_tiling_v2.h
FN:39,_ZN8optiling23AllGatherMatmulTilingV2D0Ev
FN:39,_ZN8optiling23AllGatherMatmulTilingV2D2Ev
FNDA:53,_ZN8optiling23AllGatherMatmulTilingV2D0Ev
FNDA:53,_ZN8optiling23AllGatherMatmulTilingV2D2Ev
FNF:2
FNH:2
DA:39,159
DA:50,279
DA:52,185
DA:55,61
DA:57,61
DA:59,120
DA:61,120
DA:63,39
DA:65,39
LF:9
LH:9
end_of_record
TN:
SF:/ascendc-agent/ops-transformer/mc2/all_gather_matmul_v2/op_host/op_tiling/arch32/all_gather_matmul_v2_tiling.cpp
FN:32,_ZN8optiling27AllGatherMatmulTilingV2FuncEPN4gert13TilingContextE
FN:53,_ZN8optiling31TilingParseForAllGatherMatmulV2EPN4gert18TilingParseContextE
FNDA:60,_ZN8optiling27AllGatherMatmulTilingV2FuncEPN4gert13TilingContextE
FNDA:0,_ZN8optiling31TilingParseForAllGatherMatmulV2EPN4gert18TilingParseContextE
FNF:2
FNH:1
DA:32,60
DA:34,60
DA:35,60
DA:37,120
DA:38,180
DA:39,114
DA:40,7
DA:41,7
DA:42,7
DA:44,4
DA:45,4
DA:48,53
DA:53,0
DA:55,0
DA:56,0
LF:15
LH:12
end_of_record
TN:
SF:/ascendc-agent/ops-transformer/mc2/all_gather_matmul_v2/op_host/op_tiling/arch32/tiling_func.h
FN:35,_Z10ClampValueiii
FN:37,_Z7CeilDevii
FNDA:0,_Z10ClampValueiii
FNDA:0,_Z7CeilDevii
FNF:2
FNH:0
DA:26,20
DA:32,8
DA:35,5
DA:37,4
DA:38,0
DA:41,0
DA:52,4
DA:53,8
DA:54,15
LF:9
LH:7
end_of_record
TN:
SF:/ascendc-agent/ops-transformer/mc2/all_gather_matmul_v2/op_host/op_tiling/arch35/all_gather_quant_bmm_tiling.cpp
FN:68,_ZN8optiling23AllGatherQuantBmmTiling9IsCapableEv
FN:88,_ZN8optiling23AllGatherQuantBmmTiling14CheckGroupSizeEv
FN:125,_ZN8optiling23AllGatherQuantBmmTiling12CheckX1InputEv
FN:136,_ZN8optiling23AllGatherQuantBmmTiling23CheckPerBlockScaleInputEv
FN:176,_ZN8optiling23AllGatherQuantBmmTiling19CheckMXFPScaleInputEv
FN:231,_ZN8optiling23AllGatherQuantBmmTiling24CheckPerTensorScaleInputEv
FN:246,_ZN8optiling23AllGatherQuantBmmTiling13SetQuantSceneEv
FN:279,_ZN8optiling23AllGatherQuantBmmTiling13GetQuantSceneEv
FN:284,_ZN8optiling23AllGatherQuantBmmTiling18CheckScaleInvShapeEv
FN:309,_ZN8optiling23AllGatherQuantBmmTiling15CheckInputValidEv
FN:352,_ZN8optiling23AllGatherQuantBmmTiling14CheckBiasInputEv
FN:364,_ZN8optiling23AllGatherQuantBmmTiling10CheckInputEv
FN:387,_ZN8optiling23AllGatherQuantBmmTiling11SetMc2HcommEv
FN:406,_ZN8optiling23AllGatherQuantBmmTiling10DoOpTilingEv
FN:420,_ZN8optiling23AllGatherQuantBmmTiling18SetTilingKeyParamsEv
FN:429,_ZN8optiling23AllGatherQuantBmmTiling16GetWorkspaceSizeEv
FN:440,_ZNK8optiling23AllGatherQuantBmmTiling12GetTilingKeyEv
FN:473,_ZN8optiling30Mc2PrintTCubeTilingWindowParamERKSsRN10DequantBmm22Mc2SlidingWindowParamsE
FN:479,_ZN8optiling25Mc2PrintTCubeTilingParamsERKSsRN10DequantBmm31Mc2QuantBatchMatmulV3DataParamsE
FN:515,_ZN8optiling26Mc2PrintTCubeTilingL2cacheERKSsRN10DequantBmm20Mc2L2cacheTileParamsE
FN:525,_ZN8optiling23AllGatherQuantBmmTiling10PostTilingEv
FN:564,_ZN8optiling23AllGatherQuantBmmTiling22MutableRCSTilingDataA5Ev
FN:569,_ZN8optiling23AllGatherQuantBmmTiling27MutableTCubeLocalTilingDataEv
FN:574,_ZN8optiling23AllGatherQuantBmmTiling29MutableTCubeLocalTilingParamsEv
FN:579,_ZN8optiling23AllGatherQuantBmmTiling29MutableTCubeLocalTilingTileL2Ev
FN:584,_ZN8optiling23AllGatherQuantBmmTiling34MutableTCubeLocalTilingWindowParamEv
FN:589,_ZN8optiling23AllGatherQuantBmmTiling26MutableTCubeTileTilingDataEv
FN:594,_ZN8optiling23AllGatherQuantBmmTiling28MutableTCubeTileTilingParamsEv
FN:599,_ZN8optiling23AllGatherQuantBmmTiling28MutableTCubeTileTilingTileL2Ev
FN:604,_ZN8optiling23AllGatherQuantBmmTiling33MutableTCubeTileTilingWindowParamEv
FN:609,_ZN8optiling23AllGatherQuantBmmTiling26MutableTCubeTailTilingDataEv
FN:614,_ZN8optiling23AllGatherQuantBmmTiling28MutableTCubeTailTilingParamsEv
FN:619,_ZN8optiling23AllGatherQuantBmmTiling28MutableTCubeTailTilingTileL2Ev
FN:624,_ZN8optiling23AllGatherQuantBmmTiling33MutableTCubeTailTilingWindowParamEv
FN:629,_ZN8optiling23AllGatherQuantBmmTiling23DoAdaptSlidWindowTilingEv
FN:652,_ZN8optiling23AllGatherQuantBmmTilingC2EPN4gert13TilingContextE
FN:658,_ZN8optiling23AllGatherQuantBmmHelper16AnalyzeBatchInfoERKN4gert5ShapeES4_
FN:682,_ZN8optiling23AllGatherQuantBmmHelper8SetBatchEv
FN:689,_ZN8optiling23AllGatherQuantBmmHelper10GetX1ShapeEm
FN:699,_ZN8optiling23AllGatherQuantBmmHelper10GetX2ShapeEm
FN:708,_ZN8optiling23AllGatherQuantBmmHelper14GetOutputShapeEm
FN:715,_ZN8optiling23AllGatherQuantBmmHelper13GetScaleShapeEm
FN:726,_ZN8optiling23AllGatherQuantBmmHelper16GetPertokenShapeEm
FN:732,_ZN8optiling23AllGatherQuantBmmHelper12GetBiasShapeEm
FN:738,_ZN8optiling23AllGatherQuantBmmHelper14GetOffsetShapeEm
FN:744,_ZN8optiling23AllGatherQuantBmmHelper17GetShapeAttrsInfoEv
FN:793,_ZN8optiling23AllGatherQuantBmmHelper10PostTilingEv
FN:801,_ZN8optiling23AllGatherQuantBmmHelper14DoLibApiTilingEv
FN:808,_ZN8optiling23AllGatherQuantBmmHelper21PrintTilingInputParamERNS_23Mc2QuantBatchMatmulInfoE
FN:834,_ZN8optiling23AllGatherQuantBmmHelperC2ERNS_23AllGatherQuantBmmTilingERN10DequantBmm37Mc2QuantBatchMatmulV3TilingDataParamsE
FNDA:41,_ZN8optiling23AllGatherQuantBmmHelper14DoLibApiTilingEv
FNDA:20,_ZN8optiling23AllGatherQuantBmmTiling12CheckX1InputEv
FNDA:41,_ZN8optiling23AllGatherQuantBmmHelper17GetShapeAttrsInfoEv
FNDA:1,_ZN8optiling23AllGatherQuantBmmTiling23CheckPerBlockScaleInputEv
FNDA:41,_ZN8optiling23AllGatherQuantBmmHelper14GetOutputShapeEm
FNDA:0,_ZN8optiling23AllGatherQuantBmmTiling29MutableTCubeLocalTilingTileL2Ev
FNDA:0,_ZN8optiling23AllGatherQuantBmmTiling18SetTilingKeyParamsEv
FNDA:20,_ZN8optiling23AllGatherQuantBmmTiling23DoAdaptSlidWindowTilingEv
FNDA:41,_ZN8optiling23AllGatherQuantBmmHelper21PrintTilingInputParamERNS_23Mc2QuantBatchMatmulInfoE
FNDA:0,_ZN8optiling23AllGatherQuantBmmTiling22MutableRCSTilingDataA5Ev
FNDA:0,_ZN8optiling23AllGatherQuantBmmHelperC2ERNS_23AllGatherQuantBmmTilingERN10DequantBmm37Mc2QuantBatchMatmulV3TilingDataParamsE
FNDA:0,_ZN8optiling23AllGatherQuantBmmTiling13GetQuantSceneEv
FNDA:41,_ZN8optiling23AllGatherQuantBmmHelper16GetPertokenShapeEm
FNDA:0,_ZN8optiling23AllGatherQuantBmmTiling28MutableTCubeTailTilingTileL2Ev
FNDA:0,_ZN8optiling23AllGatherQuantBmmHelper14GetOffsetShapeEm
FNDA:0,_ZN8optiling23AllGatherQuantBmmTiling28MutableTCubeTileTilingParamsEv
FNDA:20,_ZN8optiling23AllGatherQuantBmmTiling16GetWorkspaceSizeEv
FNDA:20,_ZN8optiling23AllGatherQuantBmmTiling24CheckPerTensorScaleInputEv
FNDA:20,_ZN8optiling23AllGatherQuantBmmTiling14CheckGroupSizeEv
FNDA:41,_ZN8optiling23AllGatherQuantBmmHelper12GetBiasShapeEm
FNDA:21,_ZN8optiling23AllGatherQuantBmmTiling14CheckBiasInputEv
FNDA:21,_ZN8optiling23AllGatherQuantBmmTiling10DoOpTilingEv
FNDA:0,_ZN8optiling23AllGatherQuantBmmHelper8SetBatchEv
FNDA:0,_ZN8optiling23AllGatherQuantBmmTiling28MutableTCubeTailTilingParamsEv
FNDA:0,_ZN8optiling23AllGatherQuantBmmTiling33MutableTCubeTailTilingWindowParamEv
FNDA:82,_ZN8optiling23AllGatherQuantBmmHelper10GetX1ShapeEm
FNDA:0,_ZN8optiling23AllGatherQuantBmmTiling33MutableTCubeTileTilingWindowParamEv
FNDA:20,_ZN8optiling23AllGatherQuantBmmTiling10PostTilingEv
FNDA:0,_ZN8optiling23AllGatherQuantBmmTiling26MutableTCubeTailTilingDataEv
FNDA:21,_ZN8optiling23AllGatherQuantBmmTiling9IsCapableEv
FNDA:0,_ZN8optiling23AllGatherQuantBmmTiling34MutableTCubeLocalTilingWindowParamEv
FNDA:41,_ZN8optiling23AllGatherQuantBmmHelper13GetScaleShapeEm
FNDA:41,_ZN8optiling30Mc2PrintTCubeTilingWindowParamERKSsRN10DequantBmm22Mc2SlidingWindowParamsE
FNDA:20,_ZN8optiling23AllGatherQuantBmmTiling11SetMc2HcommEv
FNDA:0,_ZN8optiling23AllGatherQuantBmmTiling28MutableTCubeTileTilingTileL2Ev
FNDA:21,_ZN8optiling23AllGatherQuantBmmTiling15CheckInputValidEv
FNDA:82,_ZN8optiling23AllGatherQuantBmmHelper10GetX2ShapeEm
FNDA:21,_ZN8optiling23AllGatherQuantBmmTiling13SetQuantSceneEv
FNDA:41,_ZN8optiling23AllGatherQuantBmmHelper10PostTilingEv
FNDA:20,_ZNK8optiling23AllGatherQuantBmmTiling12GetTilingKeyEv
FNDA:0,_ZN8optiling23AllGatherQuantBmmTiling27MutableTCubeLocalTilingDataEv
FNDA:21,_ZN8optiling23AllGatherQuantBmmTiling18CheckScaleInvShapeEv
FNDA:0,_ZN8optiling23AllGatherQuantBmmTiling26MutableTCubeTileTilingDataEv
FNDA:41,_ZN8optiling25Mc2PrintTCubeTilingParamsERKSsRN10DequantBmm31Mc2QuantBatchMatmulV3DataParamsE
FNDA:41,_ZN8optiling26Mc2PrintTCubeTilingL2cacheERKSsRN10DequantBmm20Mc2L2cacheTileParamsE
FNDA:0,_ZN8optiling23AllGatherQuantBmmTiling19CheckMXFPScaleInputEv
FNDA:21,_ZN8optiling23AllGatherQuantBmmTiling10CheckInputEv
FNDA:0,_ZN8optiling23AllGatherQuantBmmTiling29MutableTCubeLocalTilingParamsEv
FNDA:41,_ZN8optiling23AllGatherQuantBmmHelper16AnalyzeBatchInfoERKN4gert5ShapeES4_
FNDA:21,_ZN8optiling23AllGatherQuantBmmTilingC2EPN4gert13TilingContextE
FNF:50
FNH:31
DA:68,21
DA:71,21
DA:72,0
DA:73,0
DA:75,21
DA:79,42
DA:80,21
DA:81,21
DA:82,21
DA:84,0
DA:85,0
DA:88,20
DA:90,40
DA:91,20
DA:92,20
DA:93,20
DA:94,20
DA:95,20
DA:99,0
DA:100,0
DA:102,0
DA:103,0
DA:104,0
DA:105,0
DA:111,0
DA:112,0
DA:113,0
DA:114,0
DA:115,0
DA:125,20
DA:127,20
DA:136,1
DA:138,1
DA:139,1
DA:140,1
DA:141,1
DA:142,1
DA:143,1
DA:144,1
DA:145,1
DA:146,1
DA:147,1
DA:148,1
DA:149,1
DA:150,1
DA:151,1
DA:152,0
DA:153,0
DA:156,1
DA:161,1
DA:162,1
DA:164,2
DA:168,0
DA:176,0
DA:178,0
DA:179,0
DA:180,0
DA:181,0
DA:182,0
DA:183,0
DA:184,0
DA:185,0
DA:186,0
DA:187,0
DA:188,0
DA:189,0
DA:190,0
DA:196,0
DA:203,0
DA:204,0
DA:205,0
DA:206,0
DA:207,0
DA:214,0
DA:215,0
DA:217,0
DA:224,0
DA:225,0
DA:231,20
DA:233,20
DA:234,20
DA:235,20
DA:246,21
DA:248,21
DA:249,21
DA:250,21
DA:251,21
DA:252,21
DA:256,21
DA:257,20
DA:258,20
DA:259,20
DA:260,1
DA:261,1
DA:262,0
DA:263,0
DA:264,0
DA:265,1
DA:266,1
DA:267,1
DA:268,1
DA:269,1
DA:271,0
DA:272,0
DA:276,0
DA:279,41
DA:281,41
DA:284,21
DA:286,21
DA:287,21
DA:288,20
DA:289,20
DA:290,20
DA:292,1
DA:293,0
DA:294,0
DA:295,0
DA:297,1
DA:298,1
DA:299,2
DA:302,0
DA:303,0
DA:309,21
DA:311,21
DA:315,21
DA:316,21
DA:317,21
DA:322,21
DA:330,21
DA:336,21
DA:342,21
DA:343,21
DA:344,21
DA:352,21
DA:354,21
DA:355,21
DA:358,21
DA:359,21
DA:364,21
DA:366,21
DA:369,21
DA:372,21
DA:375,22
DA:378,20
DA:381,20
DA:387,20
DA:389,20
DA:390,40
DA:391,40
DA:392,20
DA:394,40
DA:395,100
DA:396,20
DA:399,20
DA:400,20
DA:402,20
DA:406,21
DA:408,23
DA:409,20
DA:410,20
DA:412,20
DA:413,20
DA:414,20
DA:415,20
DA:416,20
DA:417,20
DA:420,20
DA:422,20
DA:423,20
DA:424,20
DA:425,20
DA:426,20
DA:427,0
DA:429,20
DA:431,20
DA:432,20
DA:433,20
DA:434,20
DA:435,20
DA:437,20
DA:440,20
DA:442,20
DA:443,40
DA:444,20
DA:446,0
DA:449,0
DA:452,20
DA:454,20
DA:455,20
DA:456,20
DA:457,0
DA:463,20
DA:464,40
DA:466,20
DA:469,20
DA:470,20
DA:473,41
DA:475,41
DA:476,41
DA:477,41
DA:479,41
DA:481,41
DA:482,41
DA:483,41
DA:484,41
DA:485,41
DA:486,41
DA:487,41
DA:488,41
DA:489,41
DA:490,41
DA:491,41
DA:492,41
DA:493,41
DA:494,41
DA:495,41
DA:496,41
DA:497,41
DA:498,41
DA:499,41
DA:500,41
DA:501,41
DA:502,41
DA:503,41
DA:504,41
DA:505,41
DA:506,41
DA:507,41
DA:508,41
DA:509,41
DA:510,41
DA:511,41
DA:512,41
DA:513,41
DA:515,41
DA:517,41
DA:518,41
DA:519,41
DA:520,41
DA:521,41
DA:522,41
DA:523,41
DA:525,20
DA:527,20
DA:529,40
DA:531,20
DA:535,20
DA:536,60
DA:537,20
DA:538,60
DA:539,60
DA:540,60
DA:541,60
DA:543,20
DA:544,60
DA:545,60
DA:546,60
DA:547,60
DA:549,20
DA:550,1
DA:551,3
DA:552,3
DA:553,3
DA:554,3
DA:558,20
DA:560,20
DA:561,20
DA:564,181
DA:566,100
DA:569,20
DA:571,20
DA:574,20
DA:576,20
DA:579,20
DA:581,20
DA:584,20
DA:586,20
DA:589,60
DA:591,20
DA:594,20
DA:596,20
DA:599,20
DA:601,20
DA:604,20
DA:606,20
DA:609,22
DA:611,21
DA:614,1
DA:616,1
DA:619,1
DA:621,1
DA:624,1
DA:626,1
DA:629,20
DA:632,20
DA:633,40
DA:634,20
DA:635,20
DA:636,20
DA:637,40
DA:639,20
DA:640,20
DA:641,20
DA:644,1
DA:645,1
DA:646,21
DA:647,1
DA:648,1
DA:649,1
DA:652,21
DA:653,21
DA:655,21
DA:656,21
DA:658,41
DA:660,41
DA:661,41
DA:662,41
DA:663,41
DA:664,41
DA:665,41
DA:666,41
DA:667,41
DA:668,82
DA:669,82
DA:670,82
DA:671,82
DA:672,82
DA:673,82
DA:674,82
DA:675,82
DA:676,82
DA:677,82
DA:678,82
DA:679,82
DA:680,41
DA:682,123
DA:684,0
DA:685,0
DA:687,0
DA:689,82
DA:691,82
DA:692,82
DA:693,82
DA:694,0
DA:696,82
DA:699,82
DA:701,82
DA:702,82
DA:703,0
DA:705,82
DA:708,41
DA:710,41
DA:711,41
DA:712,41
DA:715,41
DA:717,41
DA:718,82
DA:719,0
DA:720,0
DA:722,41
DA:726,41
DA:728,41
DA:729,41
DA:732,41
DA:734,41
DA:735,41
DA:738,0
DA:740,0
DA:741,0
DA:744,41
DA:746,41
DA:747,41
DA:748,41
DA:749,41
DA:750,41
DA:751,41
DA:752,41
DA:753,41
DA:754,41
DA:755,41
DA:756,41
DA:757,41
DA:758,82
DA:759,41
DA:760,41
DA:761,41
DA:764,41
DA:767,41
DA:768,41
DA:770,41
DA:771,41
DA:772,41
DA:773,41
DA:774,41
DA:775,41
DA:776,41
DA:777,41
DA:778,0
DA:779,0
DA:780,0
DA:781,41
DA:782,41
DA:783,0
DA:784,0
DA:785,0
DA:786,0
DA:788,41
DA:789,41
DA:790,41
DA:793,41
DA:796,41
DA:797,41
DA:798,41
DA:801,41
DA:803,41
DA:804,41
DA:805,41
DA:808,41
DA:810,41
DA:812,41
DA:815,41
DA:822,41
DA:829,41
DA:833,41
DA:834,41
DA:835,41
DA:836,41
DA:838,0
LF:428
LH:352
end_of_record
TN:
SF:/ascendc-agent/ops-transformer/mc2/all_gather_matmul_v2/op_host/op_tiling/arch35/all_gather_quant_bmm_tiling.h
FN:36,_ZN8optiling23AllGatherQuantBmmTilingD0Ev
FN:36,_ZN8optiling23AllGatherQuantBmmTilingD2Ev
FNDA:21,_ZN8optiling23AllGatherQuantBmmTilingD0Ev
FNDA:0,_ZN8optiling23AllGatherQuantBmmTilingD2Ev
FNF:2
FNH:1
DA:36,21
DA:85,20
LF:2
LH:2
end_of_record
