TN:
SF:/ascendc-agent/ops-transformer/mc2/matmul_all_reduce/op_host/matmul_all_reduce_infershape.cpp
FN:37,_ZN3opsL15CheckScaleShapeEPKN4gert5ShapeElRNS_15MatmulShapeInfoEb
FN:59,_ZN3opsL19InferShapeForMatmulEPKN4gert17InferShapeContextERNS_15MatmulShapeInfoEb
FN:118,_ZN3opsL28InferShapeForMatmulAllReduceEPN4gert17InferShapeContextE
FN:143,_ZN3opsL19InferDataTypeForMC2EPN4gert20InferDataTypeContextE
FNDA:6,_ZN3opsL28InferShapeForMatmulAllReduceEPN4gert17InferShapeContextE
FNDA:4,_ZN3opsL15CheckScaleShapeEPKN4gert5ShapeElRNS_15MatmulShapeInfoEb
FNDA:1,_ZN3opsL19InferDataTypeForMC2EPN4gert20InferDataTypeContextE
FNDA:6,_ZN3opsL19InferShapeForMatmulEPKN4gert17InferShapeContextERNS_15MatmulShapeInfoEb
FNF:4
FNH:4
DA:29,6
DA:37,4
DA:40,4
DA:43,0
DA:44,0
DA:45,0
DA:46,0
DA:48,0
DA:50,0
DA:59,6
DA:61,6
DA:62,6
DA:63,6
DA:64,6
DA:67,6
DA:69,6
DA:70,6
DA:71,6
DA:72,6
DA:75,6
DA:77,6
DA:78,6
DA:79,6
DA:80,6
DA:82,6
DA:83,6
DA:84,6
DA:85,6
DA:86,3
DA:88,6
DA:89,6
DA:90,6
DA:91,6
DA:93,6
DA:94,6
DA:95,11
DA:96,5
DA:97,7
DA:102,4
DA:103,8
DA:104,4
DA:105,4
DA:106,4
DA:107,4
DA:113,5
DA:114,5
DA:118,6
DA:120,6
DA:121,6
DA:122,6
DA:123,6
DA:124,6
DA:125,8
DA:128,5
DA:129,5
DA:130,5
DA:131,3
DA:132,3
DA:133,3
DA:135,2
DA:136,2
DA:138,5
DA:143,1
DA:145,1
DA:146,1
DA:147,1
DA:148,1
DA:149,1
DA:150,1
DA:151,1
DA:152,1
DA:153,1
DA:154,1
DA:156,1
DA:157,1
DA:159,0
DA:160,0
DA:162,0
DA:163,0
DA:166,1
LF:80
LH:70
end_of_record
TN:
SF:/ascendc-agent/ops-transformer/mc2/matmul_all_reduce/op_host/op_tiling/all_reduce_formulaic_tiling.cpp
FN:20,_ZN15MMPlusAllReduce22SetCommTimeFactorForA5Ev
FN:27,_ZN15MMPlusAllReduce25SetCommTimeFactorForOtherEv
FN:33,_ZN15MMPlusAllReduce17SetCommTimeFactorEv
FN:45,_ZN15MMPlusAllReduce18EstimateKernelTimeEv
FN:73,_ZN15MMPlusAllReduce18SelectTilingMethodEv
FN:118,_ZN20MMPlusQuantAllReduce18EstimateKernelTimeEv
FN:145,_ZNK20MMPlusQuantAllReduce15SmallShortCheckEmRmRKm
FN:168,_ZNK20MMPlusQuantAllReduce18UniformCutSetShortEmmRm
FN:181,_ZN20MMPlusQuantAllReduce18SelectTilingMethodEv
FNDA:77,_ZN15MMPlusAllReduce18EstimateKernelTimeEv
FNDA:29,_ZN15MMPlusAllReduce22SetCommTimeFactorForA5Ev
FNDA:0,_ZN15MMPlusAllReduce25SetCommTimeFactorForOtherEv
FNDA:77,_ZN15MMPlusAllReduce18SelectTilingMethodEv
FNDA:2,_ZNK20MMPlusQuantAllReduce15SmallShortCheckEmRmRKm
FNDA:2,_ZNK20MMPlusQuantAllReduce18UniformCutSetShortEmmRm
FNDA:9,_ZN20MMPlusQuantAllReduce18SelectTilingMethodEv
FNDA:77,_ZN15MMPlusAllReduce17SetCommTimeFactorEv
FNDA:9,_ZN20MMPlusQuantAllReduce18EstimateKernelTimeEv
FNF:9
FNH:8
DA:20,29
DA:22,29
DA:23,29
DA:24,29
DA:27,48
DA:29,0
DA:30,48
DA:33,77
DA:35,77
DA:37,29
DA:40,48
DA:42,77
DA:45,77
DA:47,77
DA:50,77
DA:51,77
DA:52,77
DA:53,7
DA:57,84
DA:58,77
DA:59,77
DA:60,77
DA:61,77
DA:62,0
DA:65,77
DA:71,77
DA:73,77
DA:75,77
DA:76,77
DA:78,77
DA:79,77
DA:80,50
DA:81,50
DA:84,27
DA:85,6
DA:87,21
DA:90,27
DA:91,1
DA:92,1
DA:93,27
DA:94,27
DA:99,27
DA:100,27
DA:101,27
DA:102,27
DA:104,7
DA:105,33
DA:106,27
DA:108,0
DA:110,27
DA:118,9
DA:120,9
DA:121,9
DA:124,9
DA:125,9
DA:126,9
DA:127,5
DA:131,13
DA:132,9
DA:133,9
DA:134,0
DA:137,9
DA:143,9
DA:145,2
DA:149,2
DA:150,3
DA:152,2
DA:153,2
DA:154,2
DA:155,0
DA:156,0
DA:157,0
DA:159,0
DA:160,0
DA:163,2
DA:166,2
DA:168,2
DA:172,2
DA:173,1
DA:174,1
DA:175,1
DA:176,0
DA:177,0
DA:179,2
DA:181,9
DA:183,9
DA:184,9
DA:185,9
DA:187,9
DA:188,9
DA:189,5
DA:190,5
DA:192,4
DA:193,0
DA:194,0
DA:195,4
DA:196,4
DA:197,4
DA:199,4
DA:200,1
DA:201,1
DA:202,1
DA:204,1
DA:205,1
DA:206,1
DA:207,3
DA:208,2
DA:209,2
DA:211,2
DA:213,1
DA:214,1
DA:215,1
DA:217,1
DA:218,1
DA:219,1
DA:222,4
DA:223,4
DA:228,4
DA:229,4
DA:230,4
DA:231,4
LF:121
LH:108
end_of_record
TN:
SF:/ascendc-agent/ops-transformer/mc2/matmul_all_reduce/op_host/op_tiling/all_reduce_formulaic_tiling.h
FN:35,_ZN15MMPlusAllReduceC2ERKN9mc2tiling10TilingArgsEj10KernelType10SocVersionb
FN:65,_ZN20MMPlusQuantAllReduceC2ERKN9mc2tiling10TilingArgsEj10KernelType10SocVersion
FNDA:9,_ZN20MMPlusQuantAllReduceC2ERKN9mc2tiling10TilingArgsEj10KernelType10SocVersion
FNDA:77,_ZN15MMPlusAllReduceC2ERKN9mc2tiling10TilingArgsEj10KernelType10SocVersionb
FNF:2
FNH:2
DA:31,154
DA:35,77
DA:38,77
DA:40,77
DA:41,77
DA:42,77
DA:43,77
DA:44,77
DA:46,77
DA:47,77
DA:48,77
DA:61,18
DA:65,9
DA:68,9
DA:70,9
DA:71,9
DA:72,9
DA:73,9
DA:75,9
DA:76,9
DA:77,9
LF:21
LH:21
end_of_record
TN:
SF:/ascendc-agent/ops-transformer/mc2/matmul_all_reduce/op_host/op_tiling/arch31/matmul_all_reduce_tiling_310_general.cpp
FN:19,_ZN8optiling31MatmulAllReduceTiling310General9IsCapableEv
FN:25,_ZN8optiling31MatmulAllReduceTiling310General10DoOpTilingEv
FN:74,_ZNK8optiling31MatmulAllReduceTiling310General12GetTilingKeyEv
FN:115,_ZN8optiling31MatmulAllReduceTiling310General17DoMatmulTiling310ERN13matmul_tiling21MultiCoreMatmulTilingERN7AscendC6tiling11TCubeTilingERN9Mc2Tiling18Mc2L2cacheTileParaE
FN:124,_ZN8optiling31MatmulAllReduceTiling310General23DoWeightAntiQuantTilingEv
FN:151,_ZN8optiling31MatmulAllReduceTiling310General14GetL2CacheParmERmS1_RjS2_b
FN:175,_ZN8optiling31MatmulAllReduceTiling310General14SetTransLengthERN13matmul_tiling21MultiCoreMatmulTilingERN7AscendC6tiling11TCubeTilingE
FNDA:14,_ZN8optiling31MatmulAllReduceTiling310General9IsCapableEv
FNDA:13,_ZN8optiling31MatmulAllReduceTiling310General23DoWeightAntiQuantTilingEv
FNDA:13,_ZNK8optiling31MatmulAllReduceTiling310General12GetTilingKeyEv
FNDA:13,_ZN8optiling31MatmulAllReduceTiling310General14GetL2CacheParmERmS1_RjS2_b
FNDA:13,_ZN8optiling31MatmulAllReduceTiling310General17DoMatmulTiling310ERN13matmul_tiling21MultiCoreMatmulTilingERN7AscendC6tiling11TCubeTilingERN9Mc2Tiling18Mc2L2cacheTileParaE
FNDA:14,_ZN8optiling31MatmulAllReduceTiling310General10DoOpTilingEv
FNDA:0,_ZN8optiling31MatmulAllReduceTiling310General14SetTransLengthERN13matmul_tiling21MultiCoreMatmulTilingERN7AscendC6tiling11TCubeTilingE
FNF:7
FNH:6
DA:19,14
DA:21,14
DA:22,14
DA:25,14
DA:27,14
DA:28,14
DA:30,3
DA:33,11
DA:34,13
DA:36,13
DA:37,13
DA:38,13
DA:39,1
DA:40,1
DA:41,1
DA:42,1
DA:46,12
DA:47,12
DA:50,12
DA:51,12
DA:52,12
DA:53,12
DA:54,0
DA:56,12
DA:57,12
DA:58,12
DA:59,1
DA:60,1
DA:61,1
DA:62,1
DA:63,12
DA:65,12
DA:66,12
DA:67,12
DA:68,1
DA:70,12
DA:71,12
DA:72,14
DA:74,13
DA:76,13
DA:77,2
DA:87,1
DA:88,1
DA:91,12
DA:93,24
DA:109,12
DA:115,13
DA:118,13
DA:119,13
DA:120,13
DA:121,13
DA:122,13
DA:124,13
DA:126,13
DA:127,0
DA:129,13
DA:130,11
DA:131,11
DA:134,2
DA:135,2
DA:136,0
DA:137,0
DA:139,2
DA:140,2
DA:142,2
DA:143,2
DA:145,2
DA:146,2
DA:148,2
DA:151,13
DA:154,13
DA:155,13
DA:156,13
DA:157,13
DA:158,13
DA:159,13
DA:160,0
DA:163,13
DA:164,1
DA:165,1
DA:167,12
DA:168,12
DA:170,13
DA:171,13
DA:172,13
DA:175,13
DA:178,13
DA:180,13
DA:181,13
DA:182,13
DA:183,0
LF:91
LH:85
end_of_record
TN:
SF:/ascendc-agent/ops-transformer/mc2/matmul_all_reduce/op_host/op_tiling/arch31/matmul_all_reduce_tiling_310_general.h
FN:24,_ZN8optiling31MatmulAllReduceTiling310GeneralD2Ev
FN:24,_ZN8optiling31MatmulAllReduceTiling310GeneralD0Ev
FNDA:0,_ZN8optiling31MatmulAllReduceTiling310GeneralD2Ev
FNDA:14,_ZN8optiling31MatmulAllReduceTiling310GeneralD0Ev
FNF:2
FNH:1
DA:22,14
DA:24,14
LF:2
LH:2
end_of_record
TN:
SF:/ascendc-agent/ops-transformer/mc2/matmul_all_reduce/op_host/op_tiling/arch31/quant_matmul_all_reduce_tiling_310_general.cpp
FN:23,_ZN8optiling36QuantMatmulAllReduceTiling310General9IsCapableEv
FN:33,_ZN8optiling36QuantMatmulAllReduceTiling310General10DoOpTilingEv
FN:43,_ZNK8optiling36QuantMatmulAllReduceTiling310General12GetTilingKeyEv
FN:60,_ZN8optiling36QuantMatmulAllReduceTiling310General16GetWorkspaceSizeEv
FN:70,_ZN8optiling36QuantMatmulAllReduceTiling310General10PostTilingEv
FN:103,_ZN8optiling36QuantMatmulAllReduceTiling310General17MutableMc2MsgDataEv
FN:108,_ZN8optiling36QuantMatmulAllReduceTiling310General20MutableRCSTilingDataEv
FN:113,_ZN8optiling36QuantMatmulAllReduceTiling310General26MutableTCubeTileTilingDataEv
FN:118,_ZN8optiling36QuantMatmulAllReduceTiling310General26MutableTCubeTailTilingDataEv
FN:123,_ZN8optiling36QuantMatmulAllReduceTiling310General13DoQuantTilingEv
FNDA:2,_ZN8optiling36QuantMatmulAllReduceTiling310General16GetWorkspaceSizeEv
FNDA:2,_ZN8optiling36QuantMatmulAllReduceTiling310General10PostTilingEv
FNDA:6,_ZN8optiling36QuantMatmulAllReduceTiling310General17MutableMc2MsgDataEv
FNDA:10,_ZN8optiling36QuantMatmulAllReduceTiling310General26MutableTCubeTileTilingDataEv
FNDA:2,_ZNK8optiling36QuantMatmulAllReduceTiling310General12GetTilingKeyEv
FNDA:121,_ZN8optiling36QuantMatmulAllReduceTiling310General20MutableRCSTilingDataEv
FNDA:21,_ZN8optiling36QuantMatmulAllReduceTiling310General9IsCapableEv
FNDA:6,_ZN8optiling36QuantMatmulAllReduceTiling310General13DoQuantTilingEv
FNDA:8,_ZN8optiling36QuantMatmulAllReduceTiling310General26MutableTCubeTailTilingDataEv
FNDA:6,_ZN8optiling36QuantMatmulAllReduceTiling310General10DoOpTilingEv
FNF:10
FNH:10
DA:23,21
DA:25,21
DA:26,6
DA:27,6
DA:29,15
DA:33,6
DA:35,6
DA:36,6
DA:37,6
DA:38,14
DA:39,2
DA:40,2
DA:43,2
DA:45,4
DA:56,2
DA:57,2
DA:60,2
DA:62,2
DA:63,2
DA:64,2
DA:65,2
DA:66,2
DA:67,2
DA:70,2
DA:72,2
DA:73,2
DA:76,2
DA:81,4
DA:83,6
DA:84,2
DA:85,2
DA:86,0
DA:87,0
DA:89,2
DA:90,6
DA:91,6
DA:92,6
DA:93,2
DA:94,0
DA:95,0
DA:99,4
DA:103,6
DA:105,6
DA:108,121
DA:110,121
DA:113,10
DA:115,10
DA:118,8
DA:120,8
DA:123,6
DA:125,6
DA:126,6
DA:127,6
DA:128,0
DA:130,14
DA:131,2
DA:134,0
DA:135,0
DA:136,0
DA:137,6
DA:138,6
LF:61
LH:53
end_of_record
TN:
SF:/ascendc-agent/ops-transformer/mc2/matmul_all_reduce/op_host/op_tiling/arch31/quant_matmul_all_reduce_tiling_310_general.h
FN:32,_ZN8optiling36QuantMatmulAllReduceTiling310General25QuantTilingTransferHelper14CheckInputInfoEv
FN:73,_ZN8optiling36QuantMatmulAllReduceTiling310General25QuantTilingTransferHelper17GetShapeAttrsInfoEv
FN:104,_ZN8optiling36QuantMatmulAllReduceTiling310General25QuantTilingTransferHelper21PrintTilingInputParamERNS_23Mc2QuantBatchMatmulInfoE
FN:117,_ZN8optiling36QuantMatmulAllReduceTiling310General25QuantTilingTransferHelper10PostTilingEv
FN:130,_ZN8optiling36QuantMatmulAllReduceTiling310GeneralC2EPN4gert13TilingContextE
FN:133,_ZN8optiling36QuantMatmulAllReduceTiling310GeneralD2Ev
FN:133,_ZN8optiling36QuantMatmulAllReduceTiling310GeneralD0Ev
FNDA:6,_ZN8optiling36QuantMatmulAllReduceTiling310General25QuantTilingTransferHelper17GetShapeAttrsInfoEv
FNDA:0,_ZN8optiling36QuantMatmulAllReduceTiling310GeneralD2Ev
FNDA:21,_ZN8optiling36QuantMatmulAllReduceTiling310GeneralC2EPN4gert13TilingContextE
FNDA:2,_ZN8optiling36QuantMatmulAllReduceTiling310General25QuantTilingTransferHelper21PrintTilingInputParamERNS_23Mc2QuantBatchMatmulInfoE
FNDA:2,_ZN8optiling36QuantMatmulAllReduceTiling310General25QuantTilingTransferHelper10PostTilingEv
FNDA:21,_ZN8optiling36QuantMatmulAllReduceTiling310GeneralD0Ev
FNDA:6,_ZN8optiling36QuantMatmulAllReduceTiling310General25QuantTilingTransferHelper14CheckInputInfoEv
FNF:7
FNH:6
DA:23,6
DA:26,6
DA:28,6
DA:29,6
DA:32,6
DA:34,6
DA:35,4
DA:40,4
DA:41,4
DA:42,5
DA:48,3
DA:49,3
DA:50,3
DA:56,3
DA:57,0
DA:61,3
DA:62,3
DA:63,4
DA:73,6
DA:75,6
DA:76,6
DA:79,2
DA:80,2
DA:81,2
DA:82,2
DA:83,2
DA:84,2
DA:85,2
DA:86,2
DA:87,2
DA:88,2
DA:89,2
DA:90,2
DA:91,2
DA:92,2
DA:93,2
DA:94,2
DA:95,2
DA:96,2
DA:97,2
DA:99,2
DA:100,2
DA:101,2
DA:104,2
DA:106,2
DA:109,2
DA:112,2
DA:115,2
DA:117,2
DA:119,2
DA:120,2
DA:121,2
DA:122,2
DA:130,21
DA:132,21
DA:133,21
LF:56
LH:55
end_of_record
TN:
SF:/ascendc-agent/ops-transformer/mc2/matmul_all_reduce/op_host/op_tiling/arch31/unquant_matmul_all_reduce_tiling_310.cpp
FN:23,_ZN8optiling31UnQuantMatmulAllReduceTiling3109IsCapableEv
FN:42,_ZN8optiling31UnQuantMatmulAllReduceTiling31010DoOpTilingEv
FN:58,_ZNK8optiling31UnQuantMatmulAllReduceTiling31012GetTilingKeyEv
FN:101,_ZN8optiling31UnQuantMatmulAllReduceTiling31016GetWorkspaceSizeEv
FN:111,_ZN8optiling31UnQuantMatmulAllReduceTiling31010PostTilingEv
FN:144,_ZN8optiling31UnQuantMatmulAllReduceTiling31017MutableMc2MsgDataEv
FN:149,_ZN8optiling31UnQuantMatmulAllReduceTiling31020MutableRCSTilingDataEv
FN:154,_ZN8optiling31UnQuantMatmulAllReduceTiling31026MutableTCubeTileTilingDataEv
FN:159,_ZN8optiling31UnQuantMatmulAllReduceTiling31026MutableTCubeTailTilingDataEv
FN:164,_ZN8optiling31UnQuantMatmulAllReduceTiling31015DoUnQuantTilingEv
FNDA:1,_ZN8optiling31UnQuantMatmulAllReduceTiling31016GetWorkspaceSizeEv
FNDA:15,_ZN8optiling31UnQuantMatmulAllReduceTiling3109IsCapableEv
FNDA:3,_ZN8optiling31UnQuantMatmulAllReduceTiling31017MutableMc2MsgDataEv
FNDA:1,_ZN8optiling31UnQuantMatmulAllReduceTiling31015DoUnQuantTilingEv
FNDA:5,_ZN8optiling31UnQuantMatmulAllReduceTiling31026MutableTCubeTileTilingDataEv
FNDA:4,_ZN8optiling31UnQuantMatmulAllReduceTiling31026MutableTCubeTailTilingDataEv
FNDA:1,_ZNK8optiling31UnQuantMatmulAllReduceTiling31012GetTilingKeyEv
FNDA:1,_ZN8optiling31UnQuantMatmulAllReduceTiling31010DoOpTilingEv
FNDA:41,_ZN8optiling31UnQuantMatmulAllReduceTiling31020MutableRCSTilingDataEv
FNDA:1,_ZN8optiling31UnQuantMatmulAllReduceTiling31010PostTilingEv
FNF:10
FNH:10
DA:23,15
DA:25,15
DA:26,0
DA:29,15
DA:30,15
DA:31,13
DA:32,13
DA:34,2
DA:35,1
DA:36,1
DA:38,1
DA:42,1
DA:44,1
DA:45,1
DA:46,1
DA:47,0
DA:48,0
DA:49,0
DA:50,0
DA:51,0
DA:53,1
DA:54,1
DA:55,1
DA:58,1
DA:60,1
DA:61,0
DA:77,0
DA:78,0
DA:81,2
DA:97,1
DA:101,1
DA:103,1
DA:104,1
DA:105,1
DA:106,1
DA:107,1
DA:108,1
DA:111,1
DA:113,1
DA:114,1
DA:117,1
DA:122,2
DA:124,3
DA:125,1
DA:126,1
DA:127,0
DA:128,0
DA:130,1
DA:131,3
DA:132,3
DA:133,3
DA:134,1
DA:135,0
DA:136,0
DA:140,2
DA:144,3
DA:146,3
DA:149,41
DA:151,41
DA:154,5
DA:156,5
DA:159,4
DA:161,4
DA:164,1
DA:166,1
DA:167,1
DA:168,1
DA:169,0
DA:170,0
DA:173,1
DA:174,1
DA:175,1
DA:179,0
DA:180,0
DA:181,0
DA:182,0
DA:183,0
DA:184,1
DA:185,1
LF:79
LH:59
end_of_record
TN:
SF:/ascendc-agent/ops-transformer/mc2/matmul_all_reduce/op_host/op_tiling/arch31/unquant_matmul_all_reduce_tiling_310.h
FN:42,_ZN8optiling31UnQuantMatmulAllReduceTiling31027UnQuantTilingTransferHelper17GetShapeAttrsInfoEv
FN:71,_ZN8optiling31UnQuantMatmulAllReduceTiling31027UnQuantTilingTransferHelper10PostTilingEv
FN:78,_ZN8optiling31UnQuantMatmulAllReduceTiling31027UnQuantTilingTransferHelper17GetMatmulTPLParamEv
FN:90,_ZN8optiling31UnQuantMatmulAllReduceTiling310C2EPN4gert13TilingContextE
FN:91,_ZN8optiling31UnQuantMatmulAllReduceTiling310D0Ev
FN:91,_ZN8optiling31UnQuantMatmulAllReduceTiling310D2Ev
FNDA:15,_ZN8optiling31UnQuantMatmulAllReduceTiling310D0Ev
FNDA:1,_ZN8optiling31UnQuantMatmulAllReduceTiling31027UnQuantTilingTransferHelper10PostTilingEv
FNDA:1,_ZN8optiling31UnQuantMatmulAllReduceTiling31027UnQuantTilingTransferHelper17GetMatmulTPLParamEv
FNDA:0,_ZN8optiling31UnQuantMatmulAllReduceTiling310D2Ev
FNDA:15,_ZN8optiling31UnQuantMatmulAllReduceTiling310C2EPN4gert13TilingContextE
FNDA:1,_ZN8optiling31UnQuantMatmulAllReduceTiling31027UnQuantTilingTransferHelper17GetShapeAttrsInfoEv
FNF:6
FNH:5
DA:23,15
DA:28,1
DA:31,1
DA:33,1
DA:34,1
DA:42,1
DA:44,1
DA:45,1
DA:49,1
DA:50,1
DA:51,1
DA:52,1
DA:53,1
DA:54,1
DA:55,1
DA:56,1
DA:57,1
DA:58,1
DA:59,1
DA:60,1
DA:61,1
DA:62,1
DA:63,1
DA:64,1
DA:65,1
DA:66,1
DA:67,1
DA:68,1
DA:71,1
DA:73,1
DA:74,1
DA:75,1
DA:78,1
DA:80,1
DA:81,1
DA:83,1
DA:90,15
DA:91,15
LF:38
LH:38
end_of_record
TN:
SF:/ascendc-agent/ops-transformer/mc2/matmul_all_reduce/op_host/op_tiling/arch31/weight_quant_matmul_all_reduce_tiling_310p.cpp
FN:23,_ZN8optiling36WeightQuantMatmulAllReduceTiling310P9IsCapableEv
FN:44,_ZN8optiling36WeightQuantMatmulAllReduceTiling310P16UpdateCommOffsetEv
FN:66,_ZN8optiling36WeightQuantMatmulAllReduceTiling310P10DoOpTilingEv
FN:86,_ZNK8optiling36WeightQuantMatmulAllReduceTiling310P12GetTilingKeyEv
FN:130,_ZN8optiling36WeightQuantMatmulAllReduceTiling310P16GetWorkspaceSizeEv
FN:140,_ZN8optiling36WeightQuantMatmulAllReduceTiling310P10PostTilingEv
FN:182,_ZN8optiling36WeightQuantMatmulAllReduceTiling310P17MutableMc2MsgDataEv
FN:187,_ZN8optiling36WeightQuantMatmulAllReduceTiling310P20MutableRCSTilingDataEv
FN:192,_ZN8optiling36WeightQuantMatmulAllReduceTiling310P26MutableTCubeTileTilingDataEv
FN:197,_ZN8optiling36WeightQuantMatmulAllReduceTiling310P26MutableTCubeTailTilingDataEv
FN:202,_ZN8optiling36WeightQuantMatmulAllReduceTiling310P19DoWeightQuantTilingEv
FNDA:2,_ZN8optiling36WeightQuantMatmulAllReduceTiling310P16UpdateCommOffsetEv
FNDA:2,_ZN8optiling36WeightQuantMatmulAllReduceTiling310P16GetWorkspaceSizeEv
FNDA:3,_ZN8optiling36WeightQuantMatmulAllReduceTiling310P10DoOpTilingEv
FNDA:8,_ZN8optiling36WeightQuantMatmulAllReduceTiling310P17MutableMc2MsgDataEv
FNDA:8,_ZN8optiling36WeightQuantMatmulAllReduceTiling310P26MutableTCubeTailTilingDataEv
FNDA:2,_ZN8optiling36WeightQuantMatmulAllReduceTiling310P10PostTilingEv
FNDA:77,_ZN8optiling36WeightQuantMatmulAllReduceTiling310P20MutableRCSTilingDataEv
FNDA:24,_ZN8optiling36WeightQuantMatmulAllReduceTiling310P9IsCapableEv
FNDA:10,_ZN8optiling36WeightQuantMatmulAllReduceTiling310P26MutableTCubeTileTilingDataEv
FNDA:2,_ZN8optiling36WeightQuantMatmulAllReduceTiling310P19DoWeightQuantTilingEv
FNDA:2,_ZNK8optiling36WeightQuantMatmulAllReduceTiling310P12GetTilingKeyEv
FNF:11
FNH:11
DA:23,24
DA:25,24
DA:26,0
DA:29,24
DA:30,24
DA:31,14
DA:32,14
DA:34,10
DA:35,10
DA:36,5
DA:37,3
DA:38,3
DA:40,7
DA:44,2
DA:46,2
DA:47,2
DA:49,2
DA:50,2
DA:54,2
DA:55,2
DA:56,2
DA:57,2
DA:60,2
DA:61,2
DA:62,2
DA:63,2
DA:64,2
DA:66,3
DA:68,5
DA:69,2
DA:70,2
DA:71,2
DA:72,2
DA:73,2
DA:74,0
DA:75,0
DA:76,0
DA:77,0
DA:78,0
DA:80,2
DA:81,2
DA:82,2
DA:83,2
DA:86,2
DA:88,2
DA:89,0
DA:105,0
DA:106,0
DA:109,4
DA:125,2
DA:130,2
DA:132,2
DA:133,2
DA:134,2
DA:135,2
DA:136,2
DA:137,2
DA:140,2
DA:142,2
DA:143,2
DA:147,2
DA:152,4
DA:154,6
DA:155,2
DA:156,2
DA:157,0
DA:158,0
DA:160,2
DA:161,6
DA:162,6
DA:163,6
DA:164,2
DA:165,0
DA:166,0
DA:170,2
DA:171,2
DA:172,2
DA:173,2
DA:174,2
DA:175,2
DA:178,4
DA:182,8
DA:184,8
DA:187,77
DA:189,77
DA:192,10
DA:194,10
DA:197,8
DA:199,8
DA:202,2
DA:204,2
DA:205,2
DA:206,2
DA:207,2
DA:208,2
DA:209,0
DA:210,0
DA:211,0
DA:213,2
DA:214,2
DA:215,2
DA:216,4
DA:231,2
DA:233,2
DA:236,0
DA:237,0
DA:238,0
DA:239,0
DA:240,0
DA:241,2
DA:242,2
LF:111
LH:90
end_of_record
TN:
SF:/ascendc-agent/ops-transformer/mc2/matmul_all_reduce/op_host/op_tiling/arch31/weight_quant_matmul_all_reduce_tiling_310p.h
FN:39,_ZN8optiling36WeightQuantMatmulAllReduceTiling310P31WeightQuantTilingTransferHelper17GetShapeAttrsInfoEv
FN:61,_ZN8optiling36WeightQuantMatmulAllReduceTiling310P31WeightQuantTilingTransferHelper21PrintTilingInputParamERNS_29Mc2WeightQuantBatchMatmulInfoE
FN:83,_ZN8optiling36WeightQuantMatmulAllReduceTiling310P31WeightQuantTilingTransferHelper15PrintTilingDataEb
FN:107,_ZN8optiling36WeightQuantMatmulAllReduceTiling310P31WeightQuantTilingTransferHelper17PrintMatMulTilingEi
FN:129,_ZN8optiling36WeightQuantMatmulAllReduceTiling310P31WeightQuantTilingTransferHelper10PostTilingEv
FN:152,_ZN8optiling36WeightQuantMatmulAllReduceTiling310PC2EPN4gert13TilingContextE
FN:154,_ZN8optiling36WeightQuantMatmulAllReduceTiling310PD0Ev
FN:154,_ZN8optiling36WeightQuantMatmulAllReduceTiling310PD2Ev
FNDA:2,_ZN8optiling36WeightQuantMatmulAllReduceTiling310P31WeightQuantTilingTransferHelper21PrintTilingInputParamERNS_29Mc2WeightQuantBatchMatmulInfoE
FNDA:2,_ZN8optiling36WeightQuantMatmulAllReduceTiling310P31WeightQuantTilingTransferHelper10PostTilingEv
FNDA:2,_ZN8optiling36WeightQuantMatmulAllReduceTiling310P31WeightQuantTilingTransferHelper15PrintTilingDataEb
FNDA:25,_ZN8optiling36WeightQuantMatmulAllReduceTiling310PD0Ev
FNDA:0,_ZN8optiling36WeightQuantMatmulAllReduceTiling310PD2Ev
FNDA:0,_ZN8optiling36WeightQuantMatmulAllReduceTiling310P31WeightQuantTilingTransferHelper17PrintMatMulTilingEi
FNDA:2,_ZN8optiling36WeightQuantMatmulAllReduceTiling310P31WeightQuantTilingTransferHelper17GetShapeAttrsInfoEv
FNDA:25,_ZN8optiling36WeightQuantMatmulAllReduceTiling310PC2EPN4gert13TilingContextE
FNF:8
FNH:6
DA:21,25
DA:30,2
DA:33,2
DA:36,2
DA:37,2
DA:39,2
DA:41,2
DA:42,2
DA:43,2
DA:44,2
DA:45,2
DA:46,2
DA:47,2
DA:48,2
DA:49,2
DA:50,2
DA:51,2
DA:52,2
DA:53,2
DA:54,2
DA:55,2
DA:56,2
DA:57,2
DA:58,2
DA:59,2
DA:61,2
DA:63,2
DA:67,2
DA:71,2
DA:77,2
DA:81,2
DA:83,2
DA:85,2
DA:86,2
DA:88,0
DA:89,0
DA:90,0
DA:91,0
DA:92,0
DA:93,0
DA:94,0
DA:95,0
DA:96,0
DA:97,0
DA:98,0
DA:99,0
DA:100,0
DA:102,0
DA:103,0
DA:104,0
DA:105,0
DA:107,0
DA:109,0
DA:110,0
DA:111,0
DA:112,0
DA:113,0
DA:114,0
DA:115,0
DA:116,0
DA:117,0
DA:118,0
DA:119,0
DA:120,0
DA:121,0
DA:122,0
DA:123,0
DA:124,0
DA:126,0
DA:127,0
DA:129,2
DA:131,2
DA:132,2
DA:133,2
DA:134,2
DA:137,2
DA:139,2
DA:140,2
DA:141,2
DA:142,2
DA:143,2
DA:144,2
DA:152,25
DA:154,25
LF:84
LH:48
end_of_record
TN:
SF:/ascendc-agent/ops-transformer/mc2/matmul_all_reduce/op_host/op_tiling/arch32/matmul_all_reduce_tiling_910.cpp
FN:20,_ZN8optiling24MatmulAllReduceTiling9109IsCapableEv
FN:26,_ZN8optiling24MatmulAllReduceTiling91019DoEmptyTensorTilingEv
FN:34,_ZN8optiling24MatmulAllReduceTiling91010DoOpTilingEv
FN:49,_ZNK8optiling24MatmulAllReduceTiling91012GetTilingKeyEv
FN:87,_ZN8optiling24MatmulAllReduceTiling91016GetWorkspaceSizeEv
FN:99,_ZN8optiling24MatmulAllReduceTiling91010PostTilingEv
FN:124,_ZN8optiling24MatmulAllReduceTiling91011Do910TilingEv
FN:147,_ZN8optiling24MatmulAllReduceTiling91017MutableMc2MsgDataEv
FN:152,_ZN8optiling24MatmulAllReduceTiling91020MutableRCSTilingDataEv
FN:157,_ZN8optiling24MatmulAllReduceTiling91026MutableTCubeTileTilingDataEv
FN:162,_ZN8optiling24MatmulAllReduceTiling91026MutableTCubeTailTilingDataEv
FN:167,_ZN8optiling24MatmulAllReduceTiling91013CheckAxisSizeEv
FN:188,_ZN8optiling24MatmulAllReduceTiling91015CheckInputDtypeEv
FN:233,_ZN8optiling24MatmulAllReduceTiling91016CheckInputFormatEv
FN:247,_ZN8optiling24MatmulAllReduceTiling91015CheckInputShapeEv
FN:272,_ZN8optiling24MatmulAllReduceTiling91010CheckInputEv
FN:288,_ZN8optiling24MatmulAllReduceTiling910C2EPN4gert13TilingContextE
FN:291,_ZN8optiling24MatmulAllReduceTiling910C2EPN4gert13TilingContextEPNS_10MMRCtxInfoEPN9Mc2Tiling28MatmulAllReduce910TilingDataE
FN:296,_ZN8optiling20TilingTransferHelper17GetShapeAttrsInfoEv
FN:319,_ZN8optiling20TilingTransferHelper10PostTilingEv
FN:326,_ZN8optiling20TilingTransferHelper17GetMatmulTPLParamEv
FN:334,_ZN8optiling20TilingTransferHelperC2ERNS_24MatmulAllReduceTiling910ER21Mc2MatmulV3TilingData
FNDA:13,_ZN8optiling24MatmulAllReduceTiling91010PostTilingEv
FNDA:89,_ZN8optiling24MatmulAllReduceTiling91017MutableMc2MsgDataEv
FNDA:13,_ZNK8optiling24MatmulAllReduceTiling91012GetTilingKeyEv
FNDA:12,_ZN8optiling24MatmulAllReduceTiling91011Do910TilingEv
FNDA:14,_ZN8optiling24MatmulAllReduceTiling91010CheckInputEv
FNDA:60,_ZN8optiling24MatmulAllReduceTiling91026MutableTCubeTailTilingDataEv
FNDA:13,_ZN8optiling24MatmulAllReduceTiling91016GetWorkspaceSizeEv
FNDA:69,_ZN8optiling24MatmulAllReduceTiling91026MutableTCubeTileTilingDataEv
FNDA:16,_ZN8optiling24MatmulAllReduceTiling91010DoOpTilingEv
FNDA:0,_ZN8optiling20TilingTransferHelperC2ERNS_24MatmulAllReduceTiling910ER21Mc2MatmulV3TilingData
FNDA:16,_ZN8optiling24MatmulAllReduceTiling910C2EPN4gert13TilingContextE
FNDA:13,_ZN8optiling24MatmulAllReduceTiling91013CheckAxisSizeEv
FNDA:0,_ZN8optiling24MatmulAllReduceTiling910C2EPN4gert13TilingContextEPNS_10MMRCtxInfoEPN9Mc2Tiling28MatmulAllReduce910TilingDataE
FNDA:392,_ZN8optiling24MatmulAllReduceTiling91020MutableRCSTilingDataEv
FNDA:13,_ZN8optiling24MatmulAllReduceTiling91015CheckInputShapeEv
FNDA:12,_ZN8optiling20TilingTransferHelper17GetMatmulTPLParamEv
FNDA:13,_ZN8optiling24MatmulAllReduceTiling91016CheckInputFormatEv
FNDA:16,_ZN8optiling24MatmulAllReduceTiling9109IsCapableEv
FNDA:20,_ZN8optiling20TilingTransferHelper10PostTilingEv
FNDA:1,_ZN8optiling24MatmulAllReduceTiling91019DoEmptyTensorTilingEv
FNDA:20,_ZN8optiling20TilingTransferHelper17GetShapeAttrsInfoEv
FNDA:14,_ZN8optiling24MatmulAllReduceTiling91015CheckInputDtypeEv
FNF:22
FNH:20
DA:20,16
DA:22,16
DA:23,16
DA:26,1
DA:28,1
DA:29,1
DA:30,1
DA:31,1
DA:32,1
DA:34,16
DA:36,20
DA:37,16
DA:38,13
DA:39,13
DA:40,13
DA:41,12
DA:43,1
DA:45,13
DA:46,13
DA:49,13
DA:51,13
DA:52,2
DA:62,1
DA:64,1
DA:67,36
DA:68,12
DA:72,24
DA:82,12
DA:87,13
DA:89,13
DA:90,13
DA:93,13
DA:94,13
DA:95,13
DA:96,13
DA:99,13
DA:101,13
DA:102,13
DA:105,13
DA:110,26
DA:112,39
DA:113,13
DA:114,13
DA:115,0
DA:116,0
DA:118,13
DA:120,13
DA:124,12
DA:126,12
DA:127,12
DA:128,12
DA:129,0
DA:130,0
DA:131,0
DA:134,12
DA:135,12
DA:136,4
DA:139,8
DA:140,8
DA:141,16
DA:142,8
DA:143,8
DA:144,12
DA:145,12
DA:147,89
DA:149,89
DA:152,392
DA:154,392
DA:157,69
DA:159,69
DA:162,60
DA:164,60
DA:167,13
DA:169,13
DA:170,13
DA:174,13
DA:175,13
DA:179,13
DA:180,13
DA:185,13
DA:188,14
DA:191,14
DA:192,14
DA:200,14
DA:202,14
DA:210,14
DA:211,15
DA:219,13
DA:220,2
DA:221,2
DA:229,13
DA:233,13
DA:236,13
DA:243,13
DA:247,13
DA:249,13
DA:250,13
DA:251,3
DA:252,3
DA:258,9
DA:259,18
DA:268,13
DA:272,14
DA:274,14
DA:275,14
DA:276,16
DA:279,13
DA:280,13
DA:283,13
DA:285,13
DA:288,16
DA:289,16
DA:291,0
DA:292,0
DA:293,0
DA:294,0
DA:296,20
DA:298,20
DA:299,20
DA:300,20
DA:301,20
DA:302,20
DA:303,20
DA:304,20
DA:305,20
DA:306,20
DA:308,20
DA:309,20
DA:310,20
DA:312,20
DA:313,20
DA:314,20
DA:316,20
DA:319,20
DA:321,20
DA:322,20
DA:323,20
DA:326,12
DA:328,12
DA:329,12
DA:331,12
DA:334,20
DA:335,20
DA:336,0
LF:144
LH:134
end_of_record
TN:
SF:/ascendc-agent/ops-transformer/mc2/matmul_all_reduce/op_host/op_tiling/arch32/matmul_all_reduce_tiling_910.h
FN:37,_ZN8optiling24MatmulAllReduceTiling910D0Ev
FN:37,_ZN8optiling24MatmulAllReduceTiling910D2Ev
FNDA:0,_ZN8optiling24MatmulAllReduceTiling910D2Ev
FNDA:16,_ZN8optiling24MatmulAllReduceTiling910D0Ev
FNF:2
FNH:1
DA:24,16
DA:37,16
DA:75,20
LF:3
LH:3
end_of_record
TN:
SF:/ascendc-agent/ops-transformer/mc2/matmul_all_reduce/op_host/op_tiling/arch32/quant_matmul_all_reduce_tiling.cpp
FN:26,_ZN8optiling26QuantMatmulAllReduceTiling9IsCapableEv
FN:35,_ZN8optiling26QuantMatmulAllReduceTiling10DoOpTilingEv
FN:48,_ZNK8optiling26QuantMatmulAllReduceTiling12GetTilingKeyEv
FN:64,_ZN8optiling26QuantMatmulAllReduceTiling16GetWorkspaceSizeEv
FN:90,_ZN8optiling26QuantMatmulAllReduceTiling10PostTilingEv
FN:114,_ZN8optiling26QuantMatmulAllReduceTiling17MutableMc2MsgDataEv
FN:118,_ZN8optiling26QuantMatmulAllReduceTiling20MutableRCSTilingDataEv
FN:122,_ZN8optiling26QuantMatmulAllReduceTiling26MutableTCubeTileTilingDataEv
FN:126,_ZN8optiling26QuantMatmulAllReduceTiling26MutableTCubeTailTilingDataEv
FN:130,_ZN8optiling26QuantMatmulAllReduceTiling13DoQuantTilingEv
FN:152,_ZN8optiling26QuantMatmulAllReduceTiling13CheckAxisSizeEv
FN:187,_ZN8optiling26QuantMatmulAllReduceTiling21CheckDequantScaleTypeEv
FN:224,_ZN8optiling26QuantMatmulAllReduceTiling10CheckInputEv
FN:274,_ZN8optiling26QuantMatmulAllReduceTilingC2EPN4gert13TilingContextE
FN:276,_ZN8optiling25QuantTilingTransferHelper10GetX1ShapeEm
FN:286,_ZN8optiling25QuantTilingTransferHelper10GetX2ShapeEm
FN:297,_ZN8optiling26QuantMatmulAllReduceTilingC2EPN4gert13TilingContextEPNS_10MMRCtxInfoEPN9Mc2Tiling30QuantMatmulAllReduceTilingDataE
FN:301,_ZN8optiling25QuantTilingTransferHelper13GetScaleShapeEm
FN:311,_ZN8optiling25QuantTilingTransferHelper16GetPertokenShapeEm
FN:320,_ZN8optiling25QuantTilingTransferHelper12GetBiasShapeEm
FN:325,_ZN8optiling25QuantTilingTransferHelper17GetShapeAttrsInfoEv
FN:347,_ZN8optiling25QuantTilingTransferHelper10PostTilingEv
FN:355,_ZN8optiling25QuantTilingTransferHelper21PrintTilingInputParamENS_23Mc2QuantBatchMatmulInfoE
FN:379,_ZN8optiling25QuantTilingTransferHelper22GetQuantMatmulTPLParamEv
FN:387,_ZN8optiling25QuantTilingTransferHelperC2ERNS_26QuantMatmulAllReduceTilingER31Mc2QuantBatchMatmulV3TilingData
FNDA:58,_ZN8optiling26QuantMatmulAllReduceTiling26MutableTCubeTailTilingDataEv
FNDA:0,_ZN8optiling25QuantTilingTransferHelperC2ERNS_26QuantMatmulAllReduceTilingER31Mc2QuantBatchMatmulV3TilingData
FNDA:9,_ZN8optiling26QuantMatmulAllReduceTiling10PostTilingEv
FNDA:9,_ZN8optiling26QuantMatmulAllReduceTiling10CheckInputEv
FNDA:9,_ZN8optiling26QuantMatmulAllReduceTiling16GetWorkspaceSizeEv
FNDA:11,_ZN8optiling25QuantTilingTransferHelper13GetScaleShapeEm
FNDA:9,_ZN8optiling26QuantMatmulAllReduceTiling13CheckAxisSizeEv
FNDA:33,_ZN8optiling26QuantMatmulAllReduceTilingC2EPN4gert13TilingContextE
FNDA:11,_ZN8optiling25QuantTilingTransferHelper10GetX2ShapeEm
FNDA:332,_ZN8optiling26QuantMatmulAllReduceTiling20MutableRCSTilingDataEv
FNDA:11,_ZN8optiling25QuantTilingTransferHelper16GetPertokenShapeEm
FNDA:11,_ZN8optiling25QuantTilingTransferHelper10PostTilingEv
FNDA:11,_ZN8optiling25QuantTilingTransferHelper12GetBiasShapeEm
FNDA:65,_ZN8optiling26QuantMatmulAllReduceTiling26MutableTCubeTileTilingDataEv
FNDA:9,_ZNK8optiling26QuantMatmulAllReduceTiling12GetTilingKeyEv
FNDA:11,_ZN8optiling25QuantTilingTransferHelper17GetShapeAttrsInfoEv
FNDA:9,_ZN8optiling26QuantMatmulAllReduceTiling13DoQuantTilingEv
FNDA:11,_ZN8optiling25QuantTilingTransferHelper21PrintTilingInputParamENS_23Mc2QuantBatchMatmulInfoE
FNDA:9,_ZN8optiling26QuantMatmulAllReduceTiling21CheckDequantScaleTypeEv
FNDA:9,_ZN8optiling25QuantTilingTransferHelper22GetQuantMatmulTPLParamEv
FNDA:32,_ZN8optiling26QuantMatmulAllReduceTiling9IsCapableEv
FNDA:0,_ZN8optiling26QuantMatmulAllReduceTilingC2EPN4gert13TilingContextEPNS_10MMRCtxInfoEPN9Mc2Tiling30QuantMatmulAllReduceTilingDataE
FNDA:9,_ZN8optiling26QuantMatmulAllReduceTiling10DoOpTilingEv
FNDA:11,_ZN8optiling25QuantTilingTransferHelper10GetX1ShapeEm
FNDA:63,_ZN8optiling26QuantMatmulAllReduceTiling17MutableMc2MsgDataEv
FNF:25
FNH:23
DA:26,32
DA:28,32
DA:29,9
DA:30,9
DA:32,23
DA:35,9
DA:37,9
DA:38,9
DA:39,9
DA:40,9
DA:41,9
DA:42,9
DA:43,5
DA:45,9
DA:46,9
DA:48,9
DA:50,18
DA:61,9
DA:62,9
DA:64,9
DA:66,9
DA:67,9
DA:68,9
DA:69,5
DA:70,5
DA:71,5
DA:72,0
DA:74,5
DA:75,5
DA:76,0
DA:78,5
DA:79,10
DA:80,5
DA:81,5
DA:83,9
DA:84,9
DA:85,9
DA:86,9
DA:87,9
DA:88,9
DA:90,9
DA:92,9
DA:93,9
DA:96,9
DA:101,18
DA:103,27
DA:104,9
DA:105,9
DA:106,0
DA:107,0
DA:109,9
DA:111,9
DA:114,63
DA:116,63
DA:118,332
DA:120,332
DA:122,65
DA:124,65
DA:126,58
DA:128,58
DA:130,9
DA:132,9
DA:133,9
DA:134,9
DA:135,0
DA:136,0
DA:137,0
DA:138,0
DA:140,9
DA:141,9
DA:142,7
DA:143,7
DA:145,2
DA:146,2
DA:147,4
DA:148,2
DA:149,2
DA:150,9
DA:151,9
DA:152,9
DA:154,9
DA:155,9
DA:163,9
DA:164,9
DA:172,9
DA:173,9
DA:174,9
DA:175,9
DA:184,9
DA:187,9
DA:189,9
DA:190,9
DA:191,9
DA:192,9
DA:196,9
DA:197,1
DA:204,8
DA:205,6
DA:213,2
DA:224,9
DA:226,9
DA:228,9
DA:229,9
DA:238,9
DA:239,9
DA:240,9
DA:246,9
DA:247,0
DA:248,0
DA:255,9
DA:257,9
DA:258,5
DA:259,5
DA:260,5
DA:261,5
DA:272,9
DA:274,33
DA:275,33
DA:276,11
DA:278,11
DA:279,11
DA:280,0
DA:281,0
DA:283,11
DA:284,11
DA:286,11
DA:288,11
DA:289,11
DA:290,0
DA:291,0
DA:293,11
DA:294,11
DA:297,0
DA:298,0
DA:299,0
DA:300,0
DA:301,11
DA:303,11
DA:304,11
DA:305,0
DA:306,0
DA:308,11
DA:311,11
DA:313,11
DA:314,11
DA:315,2
DA:320,11
DA:322,11
DA:323,11
DA:325,11
DA:327,11
DA:328,11
DA:329,11
DA:330,11
DA:331,11
DA:332,11
DA:333,11
DA:334,11
DA:335,11
DA:336,11
DA:337,11
DA:338,11
DA:339,11
DA:341,11
DA:342,11
DA:343,11
DA:344,11
DA:347,11
DA:349,11
DA:350,11
DA:351,11
DA:352,11
DA:355,11
DA:357,11
DA:360,11
DA:363,11
DA:368,11
DA:376,11
DA:377,11
DA:379,9
DA:381,9
DA:382,9
DA:383,9
DA:384,9
DA:387,11
DA:388,11
DA:389,11
DA:390,0
LF:188
LH:167
end_of_record
TN:
SF:/ascendc-agent/ops-transformer/mc2/matmul_all_reduce/op_host/op_tiling/arch32/quant_matmul_all_reduce_tiling.h
FN:36,_ZN8optiling26QuantMatmulAllReduceTilingD2Ev
FN:36,_ZN8optiling26QuantMatmulAllReduceTilingD0Ev
FNDA:33,_ZN8optiling26QuantMatmulAllReduceTilingD0Ev
FNDA:0,_ZN8optiling26QuantMatmulAllReduceTilingD2Ev
FNF:2
FNH:1
DA:23,33
DA:36,33
DA:72,11
LF:3
LH:3
end_of_record
TN:
SF:/ascendc-agent/ops-transformer/mc2/matmul_all_reduce/op_host/op_tiling/arch32/weight_quant_matmul_all_reduce_tiling.cpp
FN:23,_ZN8optiling31WeightQuantTilingTransferHelper17GetShapeAttrsInfoEv
FN:56,_ZN8optiling31WeightQuantTilingTransferHelper21PrintTilingInputParamERNS_29Mc2WeightQuantBatchMatmulInfoE
FN:77,_ZN8optiling31WeightQuantTilingTransferHelper10PostTilingEv
FN:84,_ZN8optiling31WeightQuantTilingTransferHelper28GetWeightQuantMatmulTPLParamEv
FN:98,_ZN8optiling32WeightQuantMatmulAllReduceTiling9IsCapableEv
FN:108,_ZN8optiling32WeightQuantMatmulAllReduceTiling19DoEmptyTensorTilingEv
FN:115,_ZN8optiling32WeightQuantMatmulAllReduceTiling10DoOpTilingEv
FN:130,_ZNK8optiling32WeightQuantMatmulAllReduceTiling12GetTilingKeyEv
FN:163,_ZN8optiling32WeightQuantMatmulAllReduceTiling16GetWorkspaceSizeEv
FN:176,_ZN8optiling32WeightQuantMatmulAllReduceTiling10PostTilingEv
FN:200,_ZN8optiling32WeightQuantMatmulAllReduceTiling19DoWeightQuantTilingEv
FN:222,_ZN8optiling32WeightQuantMatmulAllReduceTiling13CheckAxisSizeEv
FN:255,_ZN8optiling32WeightQuantMatmulAllReduceTiling10CheckInputEv
FN:336,_ZN8optiling32WeightQuantMatmulAllReduceTilingC2EPN4gert13TilingContextE
FN:339,_ZN8optiling32WeightQuantMatmulAllReduceTilingC2EPN4gert13TilingContextEPNS_10MMRCtxInfoEPN9Mc2Tiling36WeightQuantMatmulAllReduceTilingDataE
FNDA:7,_ZN8optiling32WeightQuantMatmulAllReduceTiling10DoOpTilingEv
FNDA:6,_ZN8optiling31WeightQuantTilingTransferHelper28GetWeightQuantMatmulTPLParamEv
FNDA:7,_ZN8optiling32WeightQuantMatmulAllReduceTiling10CheckInputEv
FNDA:23,_ZN8optiling32WeightQuantMatmulAllReduceTiling9IsCapableEv
FNDA:0,_ZN8optiling32WeightQuantMatmulAllReduceTilingC2EPN4gert13TilingContextEPNS_10MMRCtxInfoEPN9Mc2Tiling36WeightQuantMatmulAllReduceTilingDataE
FNDA:23,_ZN8optiling32WeightQuantMatmulAllReduceTilingC2EPN4gert13TilingContextE
FNDA:0,_ZN8optiling32WeightQuantMatmulAllReduceTiling19DoEmptyTensorTilingEv
FNDA:6,_ZN8optiling31WeightQuantTilingTransferHelper21PrintTilingInputParamERNS_29Mc2WeightQuantBatchMatmulInfoE
FNDA:6,_ZN8optiling31WeightQuantTilingTransferHelper17GetShapeAttrsInfoEv
FNDA:6,_ZN8optiling32WeightQuantMatmulAllReduceTiling10PostTilingEv
FNDA:6,_ZN8optiling32WeightQuantMatmulAllReduceTiling13CheckAxisSizeEv
FNDA:6,_ZN8optiling31WeightQuantTilingTransferHelper10PostTilingEv
FNDA:6,_ZNK8optiling32WeightQuantMatmulAllReduceTiling12GetTilingKeyEv
FNDA:6,_ZN8optiling32WeightQuantMatmulAllReduceTiling16GetWorkspaceSizeEv
FNDA:6,_ZN8optiling32WeightQuantMatmulAllReduceTiling19DoWeightQuantTilingEv
FNF:15
FNH:13
DA:23,6
DA:25,6
DA:26,6
DA:27,6
DA:28,6
DA:29,6
DA:30,6
DA:31,6
DA:32,6
DA:33,6
DA:34,6
DA:35,6
DA:36,6
DA:37,6
DA:38,6
DA:39,6
DA:40,6
DA:41,6
DA:42,6
DA:43,6
DA:44,6
DA:45,6
DA:53,6
DA:54,6
DA:56,6
DA:58,6
DA:62,6
DA:65,6
DA:71,6
DA:76,6
DA:77,6
DA:79,6
DA:80,6
DA:81,6
DA:84,6
DA:86,6
DA:88,6
DA:89,6
DA:90,6
DA:91,6
DA:92,6
DA:93,6
DA:94,6
DA:95,6
DA:98,23
DA:100,23
DA:101,7
DA:102,7
DA:104,16
DA:108,0
DA:110,0
DA:111,0
DA:112,0
DA:113,0
DA:115,7
DA:117,7
DA:118,9
DA:119,6
DA:120,6
DA:121,6
DA:122,0
DA:123,0
DA:124,0
DA:126,6
DA:127,6
DA:128,6
DA:130,6
DA:132,6
DA:133,6
DA:134,0
DA:145,12
DA:160,6
DA:161,6
DA:163,6
DA:165,6
DA:166,6
DA:167,6
DA:168,0
DA:169,0
DA:171,6
DA:172,6
DA:173,6
DA:174,6
DA:176,6
DA:178,6
DA:179,6
DA:182,6
DA:187,12
DA:189,18
DA:190,6
DA:191,6
DA:192,0
DA:193,0
DA:195,6
DA:197,6
DA:200,6
DA:202,6
DA:203,6
DA:204,6
DA:205,0
DA:206,0
DA:207,0
DA:209,6
DA:210,6
DA:211,6
DA:212,6
DA:214,0
DA:215,0
DA:216,0
DA:217,0
DA:218,0
DA:219,6
DA:220,6
DA:222,6
DA:224,6
DA:225,6
DA:233,6
DA:234,6
DA:242,6
DA:243,6
DA:252,6
DA:255,7
DA:257,7
DA:258,7
DA:259,7
DA:260,7
DA:262,7
DA:263,7
DA:264,7
DA:272,6
DA:273,6
DA:280,6
DA:281,6
DA:288,6
DA:289,1
DA:298,6
DA:299,6
DA:307,6
DA:308,6
DA:309,6
DA:318,6
DA:319,6
DA:320,6
DA:321,6
DA:333,6
DA:336,23
DA:338,23
DA:339,0
DA:340,0
DA:341,0
DA:342,0
LF:151
LH:126
end_of_record
TN:
SF:/ascendc-agent/ops-transformer/mc2/matmul_all_reduce/op_host/op_tiling/arch32/weight_quant_matmul_all_reduce_tiling.h
FN:43,_ZN8optiling32WeightQuantMatmulAllReduceTilingD0Ev
FN:43,_ZN8optiling32WeightQuantMatmulAllReduceTilingD2Ev
FN:56,_ZN8optiling32WeightQuantMatmulAllReduceTiling17MutableMc2MsgDataEv
FN:61,_ZN8optiling32WeightQuantMatmulAllReduceTiling20MutableRCSTilingDataEv
FN:66,_ZN8optiling32WeightQuantMatmulAllReduceTiling26MutableTCubeTileTilingDataEv
FN:71,_ZN8optiling32WeightQuantMatmulAllReduceTiling26MutableTCubeTailTilingDataEv
FNDA:24,_ZN8optiling32WeightQuantMatmulAllReduceTiling26MutableTCubeTailTilingDataEv
FNDA:23,_ZN8optiling32WeightQuantMatmulAllReduceTilingD0Ev
FNDA:42,_ZN8optiling32WeightQuantMatmulAllReduceTiling17MutableMc2MsgDataEv
FNDA:203,_ZN8optiling32WeightQuantMatmulAllReduceTiling20MutableRCSTilingDataEv
FNDA:0,_ZN8optiling32WeightQuantMatmulAllReduceTilingD2Ev
FNDA:30,_ZN8optiling32WeightQuantMatmulAllReduceTiling26MutableTCubeTileTilingDataEv
FNF:6
FNH:5
DA:24,23
DA:43,23
DA:56,42
DA:58,42
DA:61,203
DA:63,203
DA:66,30
DA:68,30
DA:71,24
DA:73,24
DA:90,6
DA:93,6
DA:95,6
DA:96,6
LF:14
LH:14
end_of_record
TN:
SF:/ascendc-agent/ops-transformer/mc2/matmul_all_reduce/op_host/op_tiling/arch35/matmul_all_reduce_tiling_950.cpp
FN:22,_ZN8optiling23MatmulAllReduceTilingA59IsCapableEv
FN:28,_ZN8optiling23MatmulAllReduceTilingA511SetMc2HcommEv
FN:46,_ZN8optiling23MatmulAllReduceTilingA519DoEmptyTensorTilingEv
FN:54,_ZN8optiling23MatmulAllReduceTilingA510DoOpTilingEv
FN:70,_ZNK8optiling23MatmulAllReduceTilingA512GetTilingKeyEv
FN:98,_ZN8optiling23MatmulAllReduceTilingA523PrintExtendMatmulTilingEb
FN:116,_ZN8optiling23MatmulAllReduceTilingA516GetWorkspaceSizeEv
FN:128,_ZN8optiling23MatmulAllReduceTilingA510PostTilingEv
FN:155,_ZN8optiling23MatmulAllReduceTilingA511Do910TilingEv
FN:190,_ZN8optiling23MatmulAllReduceTilingA516DoMatmulV3TilingERN15Mc2MatmulHelper18Mc2MatmulTilingCfgERNS_16Mc2MMRegisterCfgER21Mc2MatMulV3TilingData
FN:203,_ZN8optiling23MatmulAllReduceTilingA517MutableMc2MsgDataEv
FN:208,_ZN8optiling23MatmulAllReduceTilingA520MutableRCSTilingDataEv
FN:213,_ZN8optiling23MatmulAllReduceTilingA513CheckAxisSizeEv
FN:234,_ZN8optiling23MatmulAllReduceTilingA59CheckX1X2Ev
FN:281,_ZN8optiling23MatmulAllReduceTilingA510CheckInputEv
FN:315,_ZN8optiling23MatmulAllReduceTilingA5C2EPN4gert13TilingContextE
FN:319,_ZN8optiling23MatmulAllReduceTilingA5C2EPN4gert13TilingContextEPNS_10MMRCtxInfoEPN9Mc2Tiling30MatmulAllReduce910TilingDataA5E
FNDA:13,_ZN8optiling23MatmulAllReduceTilingA511SetMc2HcommEv
FNDA:15,_ZN8optiling23MatmulAllReduceTilingA5C2EPN4gert13TilingContextE
FNDA:12,_ZN8optiling23MatmulAllReduceTilingA511Do910TilingEv
FNDA:89,_ZN8optiling23MatmulAllReduceTilingA517MutableMc2MsgDataEv
FNDA:13,_ZN8optiling23MatmulAllReduceTilingA513CheckAxisSizeEv
FNDA:1,_ZN8optiling23MatmulAllReduceTilingA519DoEmptyTensorTilingEv
FNDA:0,_ZN8optiling23MatmulAllReduceTilingA5C2EPN4gert13TilingContextEPNS_10MMRCtxInfoEPN9Mc2Tiling30MatmulAllReduce910TilingDataA5E
FNDA:405,_ZN8optiling23MatmulAllReduceTilingA520MutableRCSTilingDataEv
FNDA:19,_ZN8optiling23MatmulAllReduceTilingA516DoMatmulV3TilingERN15Mc2MatmulHelper18Mc2MatmulTilingCfgERNS_16Mc2MMRegisterCfgER21Mc2MatMulV3TilingData
FNDA:20,_ZN8optiling23MatmulAllReduceTilingA523PrintExtendMatmulTilingEb
FNDA:13,_ZN8optiling23MatmulAllReduceTilingA510PostTilingEv
FNDA:15,_ZN8optiling23MatmulAllReduceTilingA59IsCapableEv
FNDA:13,_ZNK8optiling23MatmulAllReduceTilingA512GetTilingKeyEv
FNDA:13,_ZN8optiling23MatmulAllReduceTilingA516GetWorkspaceSizeEv
FNDA:14,_ZN8optiling23MatmulAllReduceTilingA59CheckX1X2Ev
FNDA:14,_ZN8optiling23MatmulAllReduceTilingA510CheckInputEv
FNDA:15,_ZN8optiling23MatmulAllReduceTilingA510DoOpTilingEv
FNF:17
FNH:16
DA:22,15
DA:24,15
DA:25,15
DA:28,13
DA:30,26
DA:35,13
DA:37,13
DA:38,26
DA:39,13
DA:40,26
DA:42,13
DA:43,13
DA:46,1
DA:48,1
DA:49,1
DA:50,1
DA:51,1
DA:52,1
DA:54,15
DA:56,17
DA:57,16
DA:58,13
DA:59,13
DA:60,13
DA:61,13
DA:62,12
DA:64,1
DA:66,13
DA:67,13
DA:70,13
DA:72,13
DA:73,1
DA:80,1
DA:82,12
DA:83,12
DA:84,9
DA:86,24
DA:93,12
DA:94,12
DA:98,20
DA:100,20
DA:101,20
DA:102,7
DA:105,20
DA:106,20
DA:107,20
DA:108,20
DA:109,20
DA:110,20
DA:111,20
DA:112,20
DA:113,20
DA:114,20
DA:116,13
DA:118,13
DA:119,13
DA:122,13
DA:123,13
DA:124,13
DA:125,13
DA:128,13
DA:130,13
DA:133,26
DA:135,13
DA:141,39
DA:142,13
DA:143,13
DA:144,0
DA:145,0
DA:148,13
DA:149,13
DA:151,13
DA:155,12
DA:157,12
DA:159,12
DA:160,12
DA:163,12
DA:167,12
DA:168,12
DA:171,12
DA:172,12
DA:175,12
DA:176,12
DA:177,12
DA:178,12
DA:179,12
DA:180,12
DA:181,7
DA:182,7
DA:183,7
DA:184,7
DA:185,7
DA:186,7
DA:188,36
DA:190,19
DA:193,19
DA:194,19
DA:195,19
DA:196,0
DA:197,0
DA:203,89
DA:205,89
DA:208,405
DA:210,405
DA:213,13
DA:215,13
DA:216,13
DA:220,13
DA:221,13
DA:225,13
DA:226,13
DA:231,13
DA:234,14
DA:237,14
DA:238,14
DA:246,14
DA:248,14
DA:257,14
DA:258,15
DA:267,13
DA:268,2
DA:269,2
DA:281,14
DA:283,14
DA:284,15
DA:287,13
DA:288,13
DA:289,3
DA:290,3
DA:298,9
DA:299,6
DA:300,6
DA:301,6
DA:312,13
DA:315,15
DA:316,15
DA:317,15
DA:319,0
DA:320,0
DA:321,0
DA:322,0
LF:141
LH:133
end_of_record
TN:
SF:/ascendc-agent/ops-transformer/mc2/matmul_all_reduce/op_host/op_tiling/arch35/matmul_all_reduce_tiling_950.h
FN:36,_ZN8optiling23MatmulAllReduceTilingA5D2Ev
FN:36,_ZN8optiling23MatmulAllReduceTilingA5D0Ev
FN:57,_ZN8optiling23MatmulAllReduceTilingA526MutableTCubeTileTilingDataEv
FN:62,_ZN8optiling23MatmulAllReduceTilingA526MutableTCubeTailTilingDataEv
FNDA:69,_ZN8optiling23MatmulAllReduceTilingA526MutableTCubeTileTilingDataEv
FNDA:59,_ZN8optiling23MatmulAllReduceTilingA526MutableTCubeTailTilingDataEv
FNDA:15,_ZN8optiling23MatmulAllReduceTilingA5D2Ev
FNDA:15,_ZN8optiling23MatmulAllReduceTilingA5D0Ev
FNF:4
FNH:4
DA:36,45
DA:57,69
DA:59,69
DA:62,59
DA:64,59
DA:67,12
DA:69,12
DA:72,7
DA:74,7
LF:9
LH:9
end_of_record
TN:
SF:/ascendc-agent/ops-transformer/mc2/matmul_all_reduce/op_host/op_tiling/arch35/quant_matmul_all_reduce_tiling_950.cpp
FN:48,_ZN8optiling28QuantMatmulAllReduceTilingA59IsCapableEv
FN:59,_ZN8optiling28QuantMatmulAllReduceTilingA511SetMc2HcommEv
FN:106,_ZN8optiling28QuantMatmulAllReduceTilingA510DoOpTilingEv
FN:125,_ZN8optiling28QuantMatmulAllReduceTilingA527GetDynamicQuantTempBuffSizeEv
FN:172,_ZNK8optiling28QuantMatmulAllReduceTilingA512GetTilingKeyEv
FN:198,_ZN8optiling28QuantMatmulAllReduceTilingA523PrintExtendMatmulTilingEb
FN:249,_ZN8optiling28QuantMatmulAllReduceTilingA516GetWorkspaceSizeEv
FN:300,_ZN8optiling28QuantMatmulAllReduceTilingA510PostTilingEv
FN:327,_ZN8optiling28QuantMatmulAllReduceTilingA517MutableMc2MsgDataEv
FN:331,_ZN8optiling28QuantMatmulAllReduceTilingA520MutableRCSTilingDataEv
FN:335,_ZN8optiling28QuantMatmulAllReduceTilingA526MutableTCubeTileTilingDataEv
FN:339,_ZN8optiling28QuantMatmulAllReduceTilingA526MutableTCubeTailTilingDataEv
FN:344,_ZN8optiling28QuantMatmulAllReduceTilingA513DoQuantTilingEv
FN:371,_ZN8optiling28QuantMatmulAllReduceTilingA513CheckAxisSizeEv
FN:398,_ZN8optiling28QuantMatmulAllReduceTilingA526CheckA8W8ScenarioScaleTypeEv
FN:438,_ZN8optiling28QuantMatmulAllReduceTilingA521CheckDequantScaleTypeEv
FN:490,_ZN8optiling28QuantMatmulAllReduceTilingA526CheckMXFPScenarioScaleTypeEv
FN:515,_ZN8optiling28QuantMatmulAllReduceTilingA59CheckBiasEv
FN:546,_ZN8optiling28QuantMatmulAllReduceTilingA519CheckCommQuantScaleEv
FN:566,_ZN8optiling19CheckGroupSizeVaildESt5tupleIJiiiEESt16initializer_listIS1_E
FN:573,_ZN8optiling28QuantMatmulAllReduceTilingA519CheckQuantGroupSizeEv
FN:606,_ZN8optiling28QuantMatmulAllReduceTilingA59CheckX1X2Ev
FN:656,_ZN8optiling28QuantMatmulAllReduceTilingA510CheckInputEv
FN:680,_ZN8optiling28QuantMatmulAllReduceTilingA5C2EPN4gert13TilingContextE
FN:685,_ZN8optiling28QuantMatmulAllReduceTilingA5C2EPN4gert13TilingContextEPNS_10MMRCtxInfoEPN9Mc2Tiling32QuantMatmulAllReduceTilingDataA5E
FN:690,_ZN8optiling27QuantTilingTransferHelperA510GetX1ShapeEm
FN:710,_ZN8optiling27QuantTilingTransferHelperA510GetX2ShapeEm
FN:721,_ZN8optiling27QuantTilingTransferHelperA513GetScaleShapeEm
FN:732,_ZN8optiling27QuantTilingTransferHelperA514GetOffsetShapeEm
FN:738,_ZN8optiling27QuantTilingTransferHelperA516GetPertokenShapeEm
FN:754,_ZN8optiling27QuantTilingTransferHelperA512GetBiasShapeEm
FN:760,_ZN8optiling27QuantTilingTransferHelperA517GetShapeAttrsInfoEv
FN:796,_ZN8optiling27QuantTilingTransferHelperA527GetQuantMMAllReduceTPLParamEm
FN:804,_ZN8optiling27QuantTilingTransferHelperA510PostTilingEv
FN:811,_ZN8optiling27QuantTilingTransferHelperA521PrintTilingInputParamENS_23Mc2QuantBatchMatmulInfoE
FNDA:0,_ZN8optiling27QuantTilingTransferHelperA514GetOffsetShapeEm
FNDA:0,_ZN8optiling28QuantMatmulAllReduceTilingA5C2EPN4gert13TilingContextEPNS_10MMRCtxInfoEPN9Mc2Tiling32QuantMatmulAllReduceTilingDataA5E
FNDA:7,_ZN8optiling28QuantMatmulAllReduceTilingA516GetWorkspaceSizeEv
FNDA:9,_ZN8optiling27QuantTilingTransferHelperA513GetScaleShapeEm
FNDA:7,_ZN8optiling28QuantMatmulAllReduceTilingA526CheckMXFPScenarioScaleTypeEv
FNDA:7,_ZN8optiling28QuantMatmulAllReduceTilingA510CheckInputEv
FNDA:7,_ZN8optiling28QuantMatmulAllReduceTilingA526CheckA8W8ScenarioScaleTypeEv
FNDA:9,_ZN8optiling27QuantTilingTransferHelperA521PrintTilingInputParamENS_23Mc2QuantBatchMatmulInfoE
FNDA:49,_ZN8optiling28QuantMatmulAllReduceTilingA517MutableMc2MsgDataEv
FNDA:51,_ZN8optiling28QuantMatmulAllReduceTilingA526MutableTCubeTileTilingDataEv
FNDA:7,_ZN8optiling28QuantMatmulAllReduceTilingA513CheckAxisSizeEv
FNDA:9,_ZN8optiling27QuantTilingTransferHelperA510PostTilingEv
FNDA:9,_ZN8optiling28QuantMatmulAllReduceTilingA523PrintExtendMatmulTilingEb
FNDA:46,_ZN8optiling28QuantMatmulAllReduceTilingA526MutableTCubeTailTilingDataEv
FNDA:7,_ZN8optiling28QuantMatmulAllReduceTilingA511SetMc2HcommEv
FNDA:34,_ZN8optiling28QuantMatmulAllReduceTilingA59IsCapableEv
FNDA:9,_ZN8optiling27QuantTilingTransferHelperA510GetX2ShapeEm
FNDA:9,_ZN8optiling27QuantTilingTransferHelperA517GetShapeAttrsInfoEv
FNDA:35,_ZN8optiling28QuantMatmulAllReduceTilingA5C2EPN4gert13TilingContextE
FNDA:7,_ZN8optiling28QuantMatmulAllReduceTilingA59CheckBiasEv
FNDA:7,_ZN8optiling28QuantMatmulAllReduceTilingA513DoQuantTilingEv
FNDA:7,_ZN8optiling28QuantMatmulAllReduceTilingA521CheckDequantScaleTypeEv
FNDA:7,_ZNK8optiling28QuantMatmulAllReduceTilingA512GetTilingKeyEv
FNDA:9,_ZN8optiling27QuantTilingTransferHelperA510GetX1ShapeEm
FNDA:0,_ZN8optiling28QuantMatmulAllReduceTilingA527GetDynamicQuantTempBuffSizeEv
FNDA:0,_ZN8optiling19CheckGroupSizeVaildESt5tupleIJiiiEESt16initializer_listIS1_E
FNDA:7,_ZN8optiling28QuantMatmulAllReduceTilingA510PostTilingEv
FNDA:321,_ZN8optiling28QuantMatmulAllReduceTilingA520MutableRCSTilingDataEv
FNDA:9,_ZN8optiling27QuantTilingTransferHelperA516GetPertokenShapeEm
FNDA:7,_ZN8optiling28QuantMatmulAllReduceTilingA59CheckX1X2Ev
FNDA:7,_ZN8optiling28QuantMatmulAllReduceTilingA510DoOpTilingEv
FNDA:7,_ZN8optiling28QuantMatmulAllReduceTilingA519CheckCommQuantScaleEv
FNDA:9,_ZN8optiling27QuantTilingTransferHelperA512GetBiasShapeEm
FNDA:0,_ZN8optiling27QuantTilingTransferHelperA527GetQuantMMAllReduceTPLParamEm
FNDA:7,_ZN8optiling28QuantMatmulAllReduceTilingA519CheckQuantGroupSizeEv
FNF:35
FNH:30
DA:48,34
DA:50,34
DA:52,7
DA:53,7
DA:55,27
DA:59,7
DA:61,14
DA:66,7
DA:67,7
DA:68,4
DA:70,4
DA:71,8
DA:72,4
DA:73,8
DA:74,4
DA:76,4
DA:77,8
DA:78,4
DA:79,8
DA:80,4
DA:81,3
DA:82,0
DA:84,0
DA:85,0
DA:86,0
DA:87,0
DA:88,0
DA:90,0
DA:91,0
DA:92,0
DA:93,0
DA:94,0
DA:96,3
DA:98,3
DA:99,6
DA:100,3
DA:101,6
DA:102,3
DA:106,7
DA:108,7
DA:109,7
DA:110,7
DA:111,7
DA:112,7
DA:113,7
DA:114,4
DA:116,7
DA:117,7
DA:118,7
DA:119,0
DA:120,0
DA:125,0
DA:127,0
DA:128,0
DA:131,0
DA:132,0
DA:133,0
DA:134,0
DA:135,0
DA:136,0
DA:137,0
DA:139,0
DA:140,0
DA:141,0
DA:142,0
DA:144,0
DA:145,0
DA:146,0
DA:147,0
DA:148,0
DA:149,0
DA:150,0
DA:152,0
DA:153,0
DA:154,0
DA:155,0
DA:156,0
DA:157,0
DA:158,0
DA:160,0
DA:161,0
DA:162,0
DA:163,0
DA:164,0
DA:166,0
DA:167,0
DA:168,0
DA:169,0
DA:170,0
DA:172,7
DA:174,7
DA:175,7
DA:177,3
DA:178,0
DA:180,7
DA:181,14
DA:190,7
DA:194,7
DA:195,7
DA:198,9
DA:200,9
DA:201,9
DA:202,2
DA:205,9
DA:206,9
DA:207,9
DA:208,9
DA:209,9
DA:210,9
DA:211,9
DA:212,9
DA:213,9
DA:214,9
DA:215,9
DA:216,9
DA:217,9
DA:218,9
DA:219,9
DA:220,9
DA:221,9
DA:222,9
DA:223,9
DA:224,9
DA:225,9
DA:226,9
DA:227,9
DA:228,9
DA:229,9
DA:230,9
DA:231,9
DA:232,9
DA:233,9
DA:234,9
DA:235,9
DA:236,9
DA:238,9
DA:239,9
DA:240,9
DA:241,9
DA:242,9
DA:243,9
DA:245,9
DA:246,9
DA:247,9
DA:249,7
DA:251,7
DA:252,7
DA:253,7
DA:254,7
DA:255,7
DA:256,7
DA:257,7
DA:258,7
DA:259,4
DA:260,4
DA:261,4
DA:262,0
DA:264,4
DA:265,4
DA:266,0
DA:268,4
DA:269,4
DA:270,4
DA:271,4
DA:272,0
DA:273,0
DA:274,0
DA:275,0
DA:276,0
DA:277,0
DA:279,8
DA:280,4
DA:281,4
DA:282,4
DA:285,7
DA:286,7
DA:287,7
DA:288,7
DA:290,0
DA:291,0
DA:293,7
DA:295,7
DA:296,7
DA:297,7
DA:300,7
DA:302,7
DA:305,14
DA:307,7
DA:313,21
DA:314,7
DA:315,7
DA:316,0
DA:317,0
DA:320,7
DA:321,7
DA:323,7
DA:327,49
DA:329,49
DA:331,321
DA:333,321
DA:335,51
DA:337,51
DA:339,46
DA:341,46
DA:344,7
DA:346,7
DA:347,7
DA:348,7
DA:349,0
DA:350,0
DA:351,0
DA:352,0
DA:353,0
DA:355,7
DA:356,7
DA:357,5
DA:358,5
DA:359,5
DA:361,2
DA:362,2
DA:363,2
DA:365,2
DA:366,2
DA:367,2
DA:368,7
DA:369,7
DA:371,7
DA:373,7
DA:374,7
DA:379,7
DA:380,7
DA:386,7
DA:387,7
DA:388,7
DA:395,7
DA:398,7
DA:400,7
DA:401,7
DA:402,7
DA:403,7
DA:404,7
DA:408,7
DA:409,1
DA:416,6
DA:417,5
DA:425,1
DA:438,7
DA:441,7
DA:442,7
DA:452,7
DA:453,0
DA:455,0
DA:462,0
DA:463,0
DA:473,0
DA:484,7
DA:487,7
DA:490,7
DA:492,7
DA:493,7
DA:494,0
DA:499,0
DA:500,0
DA:515,7
DA:518,7
DA:519,0
DA:520,0
DA:521,0
DA:529,0
DA:530,0
DA:532,0
DA:546,7
DA:549,7
DA:550,4
DA:551,4
DA:552,4
DA:553,4
DA:566,0
DA:569,0
DA:570,0
DA:573,7
DA:575,7
DA:578,7
DA:579,7
DA:580,7
DA:581,7
DA:582,7
DA:583,7
DA:584,0
DA:592,7
DA:593,0
DA:606,7
DA:609,7
DA:610,7
DA:619,7
DA:620,7
DA:621,7
DA:629,7
DA:639,7
DA:640,0
DA:645,7
DA:646,0
DA:647,0
DA:656,7
DA:658,7
DA:659,7
DA:663,7
DA:667,7
DA:669,7
DA:673,7
DA:677,7
DA:680,35
DA:681,35
DA:682,35
DA:685,0
DA:686,0
DA:687,0
DA:688,0
DA:690,9
DA:692,9
DA:694,9
DA:695,9
DA:698,9
DA:699,9
DA:700,0
DA:701,0
DA:702,0
DA:703,0
DA:704,0
DA:706,9
DA:707,9
DA:710,9
DA:712,9
DA:713,9
DA:714,0
DA:715,0
DA:717,9
DA:718,9
DA:721,9
DA:723,9
DA:724,9
DA:729,9
DA:732,0
DA:734,0
DA:735,0
DA:738,9
DA:740,9
DA:741,9
DA:745,1
DA:749,3
DA:750,2
DA:751,1
DA:754,9
DA:756,9
DA:757,9
DA:760,9
DA:762,9
DA:763,9
DA:764,9
DA:765,9
DA:766,9
DA:767,9
DA:768,9
DA:769,9
DA:770,9
DA:771,9
DA:772,9
DA:773,9
DA:774,9
DA:775,9
DA:776,1
DA:779,9
DA:781,0
DA:784,9
DA:785,0
DA:786,0
DA:787,0
DA:790,9
DA:791,9
DA:792,9
DA:793,9
DA:796,7
DA:798,7
DA:799,7
DA:800,7
DA:801,7
DA:804,9
DA:806,9
DA:807,9
DA:808,9
DA:811,9
DA:813,9
DA:816,9
DA:820,9
DA:825,9
DA:833,9
DA:834,9
LF:397
LH:288
end_of_record
TN:
SF:/ascendc-agent/ops-transformer/mc2/matmul_all_reduce/op_host/op_tiling/arch35/quant_matmul_all_reduce_tiling_950.h
FN:37,_ZN8optiling28QuantMatmulAllReduceTilingA5D2Ev
FN:37,_ZN8optiling28QuantMatmulAllReduceTilingA5D0Ev
FNDA:0,_ZN8optiling28QuantMatmulAllReduceTilingA5D2Ev
FNDA:35,_ZN8optiling28QuantMatmulAllReduceTilingA5D0Ev
FNF:2
FNH:1
DA:23,35
DA:37,35
DA:85,9
DA:88,9
DA:90,9
DA:91,9
LF:6
LH:6
end_of_record
TN:
SF:/ascendc-agent/ops-transformer/mc2/matmul_all_reduce/op_host/op_tiling/arch35/weight_quant_matmul_all_reduce_tiling_950.cpp
FN:26,_ZN8optiling34WeightQuantMatmulAllReduceTilingA59IsCapableEv
FN:36,_ZN8optiling33WeightQuantTilingTransferHelperA517GetShapeAttrsInfoEv
FN:74,_ZN8optiling33WeightQuantTilingTransferHelperA533GetWeightQuantMMAllReduceTPLParamEv
FN:83,_ZN8optiling33WeightQuantAsTilingTransferHelper17GetShapeAttrsInfoEv
FN:120,_ZN8optiling33WeightQuantAsTilingTransferHelper35GetWeightQuantASMMAllReduceTPLParamEv
FN:136,_ZN8optiling33WeightQuantAsTilingTransferHelper21PrintTilingInputParamERSt10unique_ptrINS_29Mc2WeightQuantBatchMatmulInfoESt14default_deleteIS2_EE
FN:154,_ZN8optiling33WeightQuantTilingTransferHelperA510PostTilingEv
FN:162,_ZN8optiling33WeightQuantAsTilingTransferHelper10PostTilingEv
FN:171,_ZN8optiling34WeightQuantMatmulAllReduceTilingA519DoEmptyTensorTilingEv
FN:178,_ZN8optiling34WeightQuantMatmulAllReduceTilingA510DoOpTilingEv
FN:201,_ZNK8optiling34WeightQuantMatmulAllReduceTilingA512GetTilingKeyEv
FN:236,_ZN8optiling34WeightQuantMatmulAllReduceTilingA516GetWorkspaceSizeEv
FN:254,_ZN8optiling34WeightQuantMatmulAllReduceTilingA519PrintMatmulAsTilingEb
FN:279,_ZN8optiling34WeightQuantMatmulAllReduceTilingA523PrintExtendMatmulTilingEb
FN:306,_ZN8optiling34WeightQuantMatmulAllReduceTilingA510PostTilingEv
FN:348,_ZN8optiling34WeightQuantMatmulAllReduceTilingA511SetMc2HcommEv
FN:378,_ZN8optiling34WeightQuantMatmulAllReduceTilingA519DoWeightQuantTilingEv
FN:400,_ZN8optiling34WeightQuantMatmulAllReduceTilingA513CheckAxisSizeEv
FN:437,_ZN8optiling34WeightQuantMatmulAllReduceTilingA521DoWeightQuantAsTilingEv
FN:453,_ZN8optiling34WeightQuantMatmulAllReduceTilingA514CheckBiasInputEv
FN:470,_ZN8optiling34WeightQuantMatmulAllReduceTilingA510CheckInputEv
FN:577,_ZN8optiling34WeightQuantMatmulAllReduceTilingA5C2EPN4gert13TilingContextE
FNDA:8,_ZN8optiling33WeightQuantAsTilingTransferHelper17GetShapeAttrsInfoEv
FNDA:10,_ZN8optiling34WeightQuantMatmulAllReduceTilingA523PrintExtendMatmulTilingEb
FNDA:10,_ZN8optiling34WeightQuantMatmulAllReduceTilingA516GetWorkspaceSizeEv
FNDA:8,_ZN8optiling34WeightQuantMatmulAllReduceTilingA519PrintMatmulAsTilingEb
FNDA:12,_ZN8optiling34WeightQuantMatmulAllReduceTilingA510DoOpTilingEv
FNDA:10,_ZN8optiling34WeightQuantMatmulAllReduceTilingA514CheckBiasInputEv
FNDA:10,_ZN8optiling34WeightQuantMatmulAllReduceTilingA510PostTilingEv
FNDA:10,_ZN8optiling34WeightQuantMatmulAllReduceTilingA513CheckAxisSizeEv
FNDA:27,_ZN8optiling34WeightQuantMatmulAllReduceTilingA59IsCapableEv
FNDA:8,_ZN8optiling33WeightQuantAsTilingTransferHelper35GetWeightQuantASMMAllReduceTPLParamEv
FNDA:27,_ZN8optiling34WeightQuantMatmulAllReduceTilingA5C2EPN4gert13TilingContextE
FNDA:8,_ZN8optiling33WeightQuantAsTilingTransferHelper21PrintTilingInputParamERSt10unique_ptrINS_29Mc2WeightQuantBatchMatmulInfoESt14default_deleteIS2_EE
FNDA:12,_ZN8optiling34WeightQuantMatmulAllReduceTilingA510CheckInputEv
FNDA:2,_ZN8optiling33WeightQuantTilingTransferHelperA510PostTilingEv
FNDA:2,_ZN8optiling33WeightQuantTilingTransferHelperA517GetShapeAttrsInfoEv
FNDA:10,_ZNK8optiling34WeightQuantMatmulAllReduceTilingA512GetTilingKeyEv
FNDA:0,_ZN8optiling34WeightQuantMatmulAllReduceTilingA519DoEmptyTensorTilingEv
FNDA:8,_ZN8optiling34WeightQuantMatmulAllReduceTilingA521DoWeightQuantAsTilingEv
FNDA:8,_ZN8optiling33WeightQuantAsTilingTransferHelper10PostTilingEv
FNDA:2,_ZN8optiling33WeightQuantTilingTransferHelperA533GetWeightQuantMMAllReduceTPLParamEv
FNDA:10,_ZN8optiling34WeightQuantMatmulAllReduceTilingA511SetMc2HcommEv
FNDA:2,_ZN8optiling34WeightQuantMatmulAllReduceTilingA519DoWeightQuantTilingEv
FNF:22
FNH:21
DA:26,27
DA:28,27
DA:29,12
DA:30,12
DA:32,15
DA:36,2
DA:38,2
DA:39,2
DA:40,2
DA:41,2
DA:42,2
DA:43,0
DA:44,0
DA:45,0
DA:46,0
DA:47,2
DA:48,2
DA:49,2
DA:50,2
DA:51,2
DA:52,2
DA:53,2
DA:54,2
DA:55,2
DA:56,2
DA:57,2
DA:58,2
DA:59,2
DA:60,2
DA:61,2
DA:62,2
DA:63,2
DA:74,2
DA:76,2
DA:77,2
DA:78,2
DA:79,2
DA:80,2
DA:83,8
DA:85,8
DA:86,8
DA:87,8
DA:88,8
DA:89,8
DA:90,0
DA:91,0
DA:92,0
DA:93,0
DA:94,8
DA:95,8
DA:96,8
DA:97,8
DA:98,8
DA:99,8
DA:100,8
DA:101,8
DA:102,8
DA:103,8
DA:104,8
DA:105,8
DA:106,8
DA:107,8
DA:108,8
DA:109,8
DA:110,8
DA:111,8
DA:112,8
DA:120,8
DA:122,8
DA:123,8
DA:124,8
DA:125,8
DA:126,8
DA:127,8
DA:128,8
DA:129,0
DA:130,0
DA:132,8
DA:133,8
DA:136,8
DA:138,8
DA:141,8
DA:144,8
DA:148,8
DA:152,8
DA:154,2
DA:156,2
DA:157,2
DA:158,2
DA:159,2
DA:162,8
DA:164,8
DA:165,8
DA:168,8
DA:171,0
DA:173,0
DA:174,0
DA:175,0
DA:176,0
DA:178,12
DA:180,12
DA:181,16
DA:182,10
DA:183,10
DA:184,10
DA:185,10
DA:186,0
DA:187,0
DA:188,0
DA:191,10
DA:192,8
DA:194,2
DA:197,10
DA:198,10
DA:201,10
DA:203,10
DA:204,0
DA:211,0
DA:213,20
DA:225,10
DA:227,10
DA:232,10
DA:236,10
DA:238,10
DA:239,10
DA:240,0
DA:241,0
DA:242,0
DA:243,0
DA:246,10
DA:248,10
DA:249,10
DA:250,10
DA:251,10
DA:254,8
DA:256,8
DA:257,8
DA:258,0
DA:261,8
DA:262,8
DA:263,8
DA:264,8
DA:265,8
DA:266,8
DA:268,8
DA:269,8
DA:270,8
DA:271,8
DA:272,8
DA:273,8
DA:274,8
DA:275,8
DA:276,8
DA:277,8
DA:279,10
DA:281,10
DA:282,8
DA:283,8
DA:286,2
DA:287,2
DA:288,0
DA:291,2
DA:292,2
DA:293,2
DA:294,2
DA:295,2
DA:296,2
DA:298,2
DA:299,2
DA:300,2
DA:301,2
DA:302,2
DA:303,2
DA:306,10
DA:308,10
DA:309,10
DA:312,2
DA:314,10
DA:318,10
DA:323,20
DA:325,10
DA:326,24
DA:327,8
DA:328,8
DA:329,0
DA:330,0
DA:333,6
DA:334,2
DA:335,2
DA:336,0
DA:337,0
DA:341,10
DA:342,10
DA:344,10
DA:348,10
DA:350,20
DA:355,10
DA:356,8
DA:359,8
DA:360,16
DA:361,8
DA:362,16
DA:363,8
DA:364,8
DA:366,2
DA:369,2
DA:370,4
DA:371,2
DA:372,4
DA:373,2
DA:374,2
DA:378,2
DA:380,2
DA:381,2
DA:382,2
DA:383,0
DA:384,0
DA:385,0
DA:387,2
DA:388,2
DA:389,2
DA:390,2
DA:392,0
DA:393,0
DA:394,0
DA:395,0
DA:396,0
DA:397,2
DA:398,2
DA:400,10
DA:402,10
DA:403,10
DA:404,0
DA:406,10
DA:407,10
DA:412,10
DA:413,10
DA:418,10
DA:419,10
DA:424,10
DA:429,10
DA:434,10
DA:437,8
DA:439,8
DA:440,8
DA:441,8
DA:442,8
DA:443,8
DA:444,8
DA:446,0
DA:447,0
DA:448,0
DA:449,0
DA:450,0
DA:451,8
DA:453,10
DA:455,10
DA:456,10
DA:457,1
DA:458,1
DA:470,12
DA:472,14
DA:473,11
DA:474,11
DA:475,11
DA:476,11
DA:477,12
DA:485,10
DA:486,10
DA:494,10
DA:495,10
DA:505,10
DA:506,0
DA:507,0
DA:514,10
DA:518,10
DA:519,10
DA:528,10
DA:529,10
DA:530,10
DA:541,10
DA:542,10
DA:543,10
DA:544,10
DA:556,10
DA:566,10
DA:575,10
DA:577,27
DA:579,27
DA:580,27
LF:290
LH:244
end_of_record
TN:
SF:/ascendc-agent/ops-transformer/mc2/matmul_all_reduce/op_host/op_tiling/arch35/weight_quant_matmul_all_reduce_tiling_950.h
FN:41,_ZN8optiling34WeightQuantMatmulAllReduceTilingA5D0Ev
FN:41,_ZN8optiling34WeightQuantMatmulAllReduceTilingA5D2Ev
FN:54,_ZN8optiling34WeightQuantMatmulAllReduceTilingA517MutableMc2MsgDataEv
FN:62,_ZN8optiling34WeightQuantMatmulAllReduceTilingA520MutableRCSTilingDataEv
FN:70,_ZN8optiling34WeightQuantMatmulAllReduceTilingA526MutableTCubeTileTilingDataEv
FN:78,_ZN8optiling34WeightQuantMatmulAllReduceTilingA526MutableTCubeTailTilingDataEv
FN:114,_ZN8optiling33WeightQuantTilingTransferHelperA5C2ERNS_34WeightQuantMatmulAllReduceTilingA5ER44Mc2WeightQuantBatchMatmulV2RegBaseTilingData
FN:126,_ZN8optiling33WeightQuantTilingTransferHelperA59IsCapableEv
FN:131,_ZN8optiling33WeightQuantTilingTransferHelperA514MatmulDoTilingEv
FN:184,_ZN8optiling33WeightQuantAsTilingTransferHelperC2ERNS_34WeightQuantMatmulAllReduceTilingA5ER39Mc2WeightQuantBatchMatmulV2ASTilingData
FN:197,_ZN8optiling33WeightQuantAsTilingTransferHelper9IsCapableEv
FN:202,_ZN8optiling33WeightQuantAsTilingTransferHelper14MatmulDoTilingEv
FNDA:2,_ZN8optiling33WeightQuantTilingTransferHelperA5C2ERNS_34WeightQuantMatmulAllReduceTilingA5ER44Mc2WeightQuantBatchMatmulV2RegBaseTilingData
FNDA:8,_ZN8optiling33WeightQuantAsTilingTransferHelperC2ERNS_34WeightQuantMatmulAllReduceTilingA5ER39Mc2WeightQuantBatchMatmulV2ASTilingData
FNDA:40,_ZN8optiling34WeightQuantMatmulAllReduceTilingA526MutableTCubeTailTilingDataEv
FNDA:8,_ZN8optiling33WeightQuantAsTilingTransferHelper14MatmulDoTilingEv
FNDA:2,_ZN8optiling33WeightQuantTilingTransferHelperA59IsCapableEv
FNDA:27,_ZN8optiling34WeightQuantMatmulAllReduceTilingA5D0Ev
FNDA:2,_ZN8optiling33WeightQuantTilingTransferHelperA514MatmulDoTilingEv
FNDA:338,_ZN8optiling34WeightQuantMatmulAllReduceTilingA520MutableRCSTilingDataEv
FNDA:0,_ZN8optiling34WeightQuantMatmulAllReduceTilingA5D2Ev
FNDA:50,_ZN8optiling34WeightQuantMatmulAllReduceTilingA526MutableTCubeTileTilingDataEv
FNDA:70,_ZN8optiling34WeightQuantMatmulAllReduceTilingA517MutableMc2MsgDataEv
FNDA:8,_ZN8optiling33WeightQuantAsTilingTransferHelper9IsCapableEv
FNF:12
FNH:11
DA:22,27
DA:41,27
DA:54,70
DA:56,70
DA:57,56
DA:59,14
DA:62,338
DA:64,338
DA:65,274
DA:67,64
DA:70,50
DA:72,50
DA:73,40
DA:75,10
DA:78,40
DA:80,40
DA:81,32
DA:83,8
DA:111,2
DA:114,2
DA:117,2
DA:118,2
DA:119,2
DA:121,2
DA:122,2
DA:126,2
DA:128,2
DA:131,2
DA:133,2
DA:136,2
DA:137,2
DA:138,2
DA:139,2
DA:140,2
DA:141,2
DA:142,2
DA:143,2
DA:144,2
DA:145,2
DA:146,2
DA:147,2
DA:149,2
DA:150,2
DA:151,2
DA:152,2
DA:153,2
DA:154,2
DA:155,2
DA:156,2
DA:157,2
DA:158,2
DA:159,2
DA:160,2
DA:161,2
DA:162,2
DA:163,2
DA:164,2
DA:165,2
DA:166,2
DA:167,2
DA:168,2
DA:169,2
DA:170,2
DA:171,2
DA:172,2
DA:173,2
DA:181,8
DA:184,8
DA:187,8
DA:188,8
DA:189,8
DA:191,8
DA:192,8
DA:197,8
DA:199,8
DA:202,8
DA:204,8
DA:208,8
DA:209,8
DA:210,8
DA:211,8
DA:212,8
DA:213,8
DA:214,8
DA:215,8
DA:216,8
DA:217,8
DA:218,8
DA:219,8
DA:220,8
DA:221,8
DA:222,8
DA:224,8
DA:225,8
DA:226,8
DA:227,8
DA:228,8
DA:229,8
DA:230,8
DA:231,8
DA:232,8
DA:233,8
DA:234,8
DA:235,8
DA:236,8
DA:237,8
DA:238,8
DA:239,8
DA:240,8
DA:241,8
DA:242,8
DA:243,8
DA:244,8
DA:245,8
DA:246,8
DA:247,8
DA:248,8
DA:249,8
LF:118
LH:118
end_of_record
TN:
SF:/ascendc-agent/ops-transformer/mc2/matmul_all_reduce/op_host/op_tiling/matmul_all_reduce_tiling.cpp
FN:29,_ZN8optiling25MatmulAllReduceTilingFuncEPN4gert13TilingContextE
FN:37,_ZN8optiling29TilingParseForMatmulAllReduceEPN4gert18TilingParseContextE
FNDA:0,_ZN8optiling29TilingParseForMatmulAllReduceEPN4gert18TilingParseContextE
FNDA:93,_ZN8optiling25MatmulAllReduceTilingFuncEPN4gert13TilingContextE
FNF:2
FNH:1
DA:29,93
DA:31,93
DA:37,0
DA:39,0
DA:40,0
LF:5
LH:2
end_of_record
TN:
SF:/ascendc-agent/ops-transformer/mc2/matmul_all_reduce/op_host/op_tiling/matmul_all_reduce_tiling_base.cpp
FN:92,_ZN8optiling25MatmulAllReduceTilingBase5ResetEv
FN:116,_ZN8optiling25MatmulAllReduceTilingBase17DoAllReduceTilingEb
FN:183,_ZN8optiling25MatmulAllReduceTilingBase16setUseBufferTypeEv
FN:244,_ZN8optiling25MatmulAllReduceTilingBase11DoRCSTilingEv
FN:270,_ZN8optiling25MatmulAllReduceTilingBase17SetMCutSocVersionER10SocVersion
FN:295,_ZN8optiling25MatmulAllReduceTilingBase14DoSplitMTilingEv
FN:347,_ZN8optiling25MatmulAllReduceTilingBase17SetCommQuantScaleEv
FN:367,_ZN8optiling25MatmulAllReduceTilingBase14DoMatmulTilingERN13matmul_tiling21MultiCoreMatmulTilingERN7AscendC6tiling11TCubeTilingE
FN:409,_ZN8optiling25MatmulAllReduceTilingBase15DoL2CacheTilingERN9Mc2Tiling18Mc2L2cacheTileParaE
FN:428,_ZN8optiling25MatmulAllReduceTilingBase17GetShapeAttrsInfoEv
FN:434,_ZN8optiling25MatmulAllReduceTilingBase15GetPlatformInfoEv
FN:463,_ZN8optiling25MatmulAllReduceTilingBase14DoLibApiTilingEv
FN:468,_ZN8optiling25MatmulAllReduceTilingBase16GetWorkspaceSizeEv
FN:505,_ZN8optiling25MatmulAllReduceTilingBase10PostTilingEv
FN:527,_ZNK8optiling25MatmulAllReduceTilingBase30CheckRanksizePlatformSupportedEv
FN:543,_ZN8optiling25MatmulAllReduceTilingBase12AnalyzeAttrsEv
FN:572,_ZN8optiling25MatmulAllReduceTilingBase12SetQuantDataEv
FN:596,_ZN8optiling25MatmulAllReduceTilingBase16SetAntiQuantDataEv
FN:602,_ZN8optiling25MatmulAllReduceTilingBase16GetAtomicAddDataEv
FN:613,_ZNK8optiling25MatmulAllReduceTilingBase9GetNValueEv
FN:623,_ZNK8optiling25MatmulAllReduceTilingBase9GetKValueEv
FN:630,_ZNK8optiling25MatmulAllReduceTilingBase9GetMValueEv
FN:641,_ZNK8optiling25MatmulAllReduceTilingBase13GetBatchValueEv
FN:652,_ZN8optiling25MatmulAllReduceTilingBase10CheckInputEv
FN:711,_ZN8optiling25MatmulAllReduceTilingBase11CheckA16W16Ev
FN:734,_ZNK8optiling25MatmulAllReduceTilingBase14CheckBiasShapeEm
FN:758,_ZN8optiling25MatmulAllReduceTilingBase9CheckA8W8Ev
FN:800,_ZN8optiling25MatmulAllReduceTilingBase16CheckEmptyTensorEv
FN:818,_ZN8optiling25MatmulAllReduceTilingBase21CheckQuantEmptyTensorEv
FN:856,_ZN8optiling25MatmulAllReduceTilingBase27CheckWeightQuantEmptyTensorEv
FN:883,_ZN8optiling25MatmulAllReduceTilingBase10CheckA16W8Ev
FN:912,_ZNK8optiling25MatmulAllReduceTilingBase15IsA16W8ScenarioEN2ge8DataTypeES2_PKN4gert12StorageShapeE
FN:927,_ZN8optilingL17GetFP8FP4ScenarioEN2ge8DataTypeES1_PKN4gert21CompileTimeTensorDescES5_
FN:950,_ZNK8optiling25MatmulAllReduceTilingBase20GetAllReduceScenarioEN2ge8DataTypeES2_PKN4gert12StorageShapeES6_
FN:973,_ZN8optiling25MatmulAllReduceTilingBase7SetArgsEN2ge8DataTypeES2_S2_S2_b
FN:1019,_ZN8optiling25MatmulAllReduceTilingBase13AnalyzeInputsEv
FN:1064,_ZN8optiling25MatmulAllReduceTilingBase11GetDataTypeEN2ge8DataTypeE
FN:1072,_ZN8optiling25MatmulAllReduceTilingBase13CalL2TileParaERNS_10L2TileParaEmmmj
FN:1135,_ZNK8optiling25MatmulAllReduceTilingBase18HasAntiQuantOffsetEv
FN:1139,_ZNK8optiling25MatmulAllReduceTilingBase25CheckMXScenarioScaleShapeEmmPKN4gert12StorageShapeEbb
FN:1204,_ZNK8optiling25MatmulAllReduceTilingBase22CheckDequantScaleShapeEm
FN:1267,_ZNK8optiling25MatmulAllReduceTilingBase18CheckPerblockShapeEmm
FN:1295,_ZNK8optiling25MatmulAllReduceTilingBase23CheckPertokenScaleShapeEmm
FN:1343,_ZNK8optiling25MatmulAllReduceTilingBase24CheckCommQuantScaleShapeEm
FN:1384,_ZN8optiling25MatmulAllReduceTilingBase24CheckAntiQuantScaleShapeEmm
FN:1430,_ZNK8optiling25MatmulAllReduceTilingBase25CheckAntiQuantOffsetValidEv
FN:1479,_ZN8optiling25MatmulAllReduceTilingBase15CheckA16W4ShapeEmm
FN:1491,_ZNK8optiling25MatmulAllReduceTilingBase17CheckPlatformInfoEv
FN:1506,_ZN8optiling25MatmulAllReduceTilingBase16GetAntiQuantTypeEv
FN:1527,_ZN8optiling25MatmulAllReduceTilingBase12CalcUbTilingEv
FN:1548,_ZN8optiling25MatmulAllReduceTilingBase16AnalyzeShapeAttrEv
FN:1556,_ZN8optiling25MatmulAllReduceTilingBase15PrintTilingDataEv
FNDA:13,_ZN8optiling25MatmulAllReduceTilingBase14DoMatmulTilingERN13matmul_tiling21MultiCoreMatmulTilingERN7AscendC6tiling11TCubeTilingE
FNDA:224,_ZN8optiling25MatmulAllReduceTilingBase12AnalyzeAttrsEv
FNDA:224,_ZN8optiling25MatmulAllReduceTilingBase5ResetEv
FNDA:76,_ZN8optiling25MatmulAllReduceTilingBase14DoLibApiTilingEv
FNDA:77,_ZN8optiling25MatmulAllReduceTilingBase17SetMCutSocVersionER10SocVersion
FNDA:196,_ZNK8optiling25MatmulAllReduceTilingBase15IsA16W8ScenarioEN2ge8DataTypeES2_PKN4gert12StorageShapeE
FNDA:13,_ZN8optiling25MatmulAllReduceTilingBase10PostTilingEv
FNDA:80,_ZN8optiling25MatmulAllReduceTilingBase14DoSplitMTilingEv
FNDA:20,_ZNK8optiling25MatmulAllReduceTilingBase18HasAntiQuantOffsetEv
FNDA:0,_ZNK8optiling25MatmulAllReduceTilingBase13GetBatchValueEv
FNDA:224,_ZN8optiling25MatmulAllReduceTilingBase7SetArgsEN2ge8DataTypeES2_S2_S2_b
FNDA:51,_ZNK8optiling25MatmulAllReduceTilingBase9GetNValueEv
FNDA:76,_ZN8optiling25MatmulAllReduceTilingBase17DoAllReduceTilingEb
FNDA:26,_ZN8optiling25MatmulAllReduceTilingBase16CheckEmptyTensorEv
FNDA:24,_ZNK8optiling25MatmulAllReduceTilingBase25CheckAntiQuantOffsetValidEv
FNDA:224,_ZN8optiling25MatmulAllReduceTilingBase16GetAtomicAddDataEv
FNDA:0,_ZNK8optiling25MatmulAllReduceTilingBase18CheckPerblockShapeEmm
FNDA:25,_ZN8optiling25MatmulAllReduceTilingBase24CheckAntiQuantScaleShapeEmm
FNDA:71,_ZN8optiling25MatmulAllReduceTilingBase15PrintTilingDataEv
FNDA:0,_ZN8optiling25MatmulAllReduceTilingBase15CheckA16W4ShapeEmm
FNDA:76,_ZN8optiling25MatmulAllReduceTilingBase16setUseBufferTypeEv
FNDA:224,_ZN8optiling25MatmulAllReduceTilingBase15GetPlatformInfoEv
FNDA:221,_ZNK8optiling25MatmulAllReduceTilingBase17CheckPlatformInfoEv
FNDA:22,_ZNK8optiling25MatmulAllReduceTilingBase22CheckDequantScaleShapeEm
FNDA:224,_ZN8optiling25MatmulAllReduceTilingBase16SetAntiQuantDataEv
FNDA:16,_ZN8optiling25MatmulAllReduceTilingBase21CheckQuantEmptyTensorEv
FNDA:13,_ZN8optiling25MatmulAllReduceTilingBase13CalL2TileParaERNS_10L2TileParaEmmmj
FNDA:60,_ZN8optiling25MatmulAllReduceTilingBase16GetWorkspaceSizeEv
FNDA:42,_ZN8optiling25MatmulAllReduceTilingBase11CheckA16W16Ev
FNDA:16,_ZNK8optiling25MatmulAllReduceTilingBase24CheckCommQuantScaleShapeEm
FNDA:226,_ZN8optiling25MatmulAllReduceTilingBase16GetAntiQuantTypeEv
FNDA:7,_ZN8optiling25MatmulAllReduceTilingBase12CalcUbTilingEv
FNDA:224,_ZN8optiling25MatmulAllReduceTilingBase13AnalyzeInputsEv
FNDA:0,_ZN8optilingL17GetFP8FP4ScenarioEN2ge8DataTypeES1_PKN4gert21CompileTimeTensorDescES5_
FNDA:76,_ZN8optiling25MatmulAllReduceTilingBase11GetDataTypeEN2ge8DataTypeE
FNDA:224,_ZN8optiling25MatmulAllReduceTilingBase12SetQuantDataEv
FNDA:22,_ZNK8optiling25MatmulAllReduceTilingBase23CheckPertokenScaleShapeEmm
FNDA:22,_ZN8optiling25MatmulAllReduceTilingBase9CheckA8W8Ev
FNDA:224,_ZN8optiling25MatmulAllReduceTilingBase17GetShapeAttrsInfoEv
FNDA:80,_ZN8optiling25MatmulAllReduceTilingBase17SetCommQuantScaleEv
FNDA:224,_ZNK8optiling25MatmulAllReduceTilingBase20GetAllReduceScenarioEN2ge8DataTypeES2_PKN4gert12StorageShapeES6_
FNDA:63,_ZN8optiling25MatmulAllReduceTilingBase10CheckInputEv
FNDA:74,_ZNK8optiling25MatmulAllReduceTilingBase9GetKValueEv
FNDA:224,_ZNK8optiling25MatmulAllReduceTilingBase30CheckRanksizePlatformSupportedEv
FNDA:16,_ZN8optiling25MatmulAllReduceTilingBase27CheckWeightQuantEmptyTensorEv
FNDA:224,_ZN8optiling25MatmulAllReduceTilingBase16AnalyzeShapeAttrEv
FNDA:13,_ZN8optiling25MatmulAllReduceTilingBase15DoL2CacheTilingERN9Mc2Tiling18Mc2L2cacheTileParaE
FNDA:80,_ZN8optiling25MatmulAllReduceTilingBase11DoRCSTilingEv
FNDA:25,_ZN8optiling25MatmulAllReduceTilingBase10CheckA16W8Ev
FNDA:0,_ZNK8optiling25MatmulAllReduceTilingBase25CheckMXScenarioScaleShapeEmmPKN4gert12StorageShapeEbb
FNDA:89,_ZNK8optiling25MatmulAllReduceTilingBase14CheckBiasShapeEm
FNDA:58,_ZNK8optiling25MatmulAllReduceTilingBase9GetMValueEv
FNF:52
FNH:47
DA:92,224
DA:94,224
DA:95,224
DA:96,224
DA:97,224
DA:98,224
DA:99,224
DA:100,224
DA:101,224
DA:102,224
DA:103,224
DA:104,224
DA:105,224
DA:106,224
DA:107,224
DA:108,224
DA:109,224
DA:110,224
DA:111,224
DA:112,224
DA:113,224
DA:114,224
DA:116,76
DA:118,76
DA:119,76
DA:120,76
DA:121,76
DA:122,76
DA:124,76
DA:125,76
DA:126,76
DA:127,76
DA:128,76
DA:130,76
DA:131,76
DA:134,76
DA:135,76
DA:140,76
DA:141,76
DA:142,76
DA:143,76
DA:146,76
DA:147,76
DA:148,76
DA:149,76
DA:152,76
DA:153,76
DA:154,76
DA:155,76
DA:158,76
DA:159,76
DA:162,76
DA:163,76
DA:164,76
DA:166,76
DA:167,76
DA:168,76
DA:169,76
DA:170,76
DA:171,76
DA:172,76
DA:175,76
DA:176,48
DA:177,48
DA:179,28
DA:181,76
DA:183,76
DA:185,76
DA:186,76
DA:187,18
DA:188,18
DA:189,58
DA:190,0
DA:191,0
DA:192,58
DA:193,0
DA:194,0
DA:195,58
DA:196,2
DA:197,2
DA:200,56
DA:201,56
DA:202,56
DA:204,0
DA:205,0
DA:206,0
DA:207,0
DA:208,0
DA:209,0
DA:212,56
DA:213,56
DA:214,56
DA:215,56
DA:216,56
DA:217,56
DA:219,9
DA:220,9
DA:221,9
DA:222,0
DA:224,9
DA:225,9
DA:226,9
DA:227,0
DA:229,9
DA:230,9
DA:232,56
DA:235,52
DA:237,56
DA:241,76
DA:242,76
DA:244,80
DA:246,80
DA:247,80
DA:248,80
DA:249,80
DA:250,80
DA:251,80
DA:252,80
DA:254,0
DA:255,0
DA:257,80
DA:260,80
DA:261,80
DA:262,80
DA:263,80
DA:264,80
DA:265,7
DA:267,80
DA:268,80
DA:270,77
DA:272,77
DA:273,21
DA:274,21
DA:275,50
DA:278,56
DA:279,29
DA:280,29
DA:281,29
DA:284,27
DA:285,27
DA:286,27
DA:287,27
DA:288,27
DA:289,27
DA:290,0
DA:291,0
DA:295,80
DA:297,80
DA:298,80
DA:299,80
DA:300,80
DA:301,77
DA:302,0
DA:303,3
DA:304,3
DA:305,3
DA:306,3
DA:308,77
DA:309,77
DA:310,77
DA:311,77
DA:312,77
DA:313,77
DA:314,77
DA:315,77
DA:316,77
DA:317,9
DA:318,9
DA:319,9
DA:320,9
DA:321,9
DA:322,9
DA:323,77
DA:324,65
DA:325,65
DA:326,65
DA:327,65
DA:328,8
DA:329,8
DA:331,57
DA:334,12
DA:335,12
DA:336,12
DA:337,12
DA:338,12
DA:339,12
DA:341,0
DA:344,77
DA:345,80
DA:347,80
DA:349,80
DA:350,80
DA:351,80
DA:352,80
DA:353,9
DA:356,80
DA:357,80
DA:359,80
DA:360,80
DA:361,80
DA:362,2
DA:365,80
DA:367,13
DA:370,13
DA:371,13
DA:372,13
DA:373,13
DA:374,13
DA:376,1
DA:377,1
DA:379,13
DA:380,13
DA:381,13
DA:382,13
DA:383,1
DA:384,1
DA:386,12
DA:388,13
DA:390,13
DA:391,13
DA:392,13
DA:393,13
DA:394,13
DA:395,13
DA:396,13
DA:397,13
DA:398,0
DA:402,26
DA:403,13
DA:404,13
DA:405,13
DA:406,13
DA:407,13
DA:409,13
DA:411,13
DA:412,13
DA:413,13
DA:414,13
DA:415,13
DA:416,3
DA:417,3
DA:418,3
DA:419,3
DA:420,3
DA:424,13
DA:428,224
DA:430,224
DA:431,224
DA:434,224
DA:436,224
DA:437,224
DA:440,224
DA:441,224
DA:442,672
DA:443,224
DA:444,224
DA:445,224
DA:446,227
DA:450,221
DA:451,221
DA:452,221
DA:453,221
DA:454,221
DA:455,221
DA:457,221
DA:461,448
DA:463,76
DA:465,76
DA:468,60
DA:470,60
DA:471,60
DA:475,60
DA:476,60
DA:477,0
DA:478,0
DA:480,60
DA:481,60
DA:485,60
DA:486,23
DA:487,23
DA:488,23
DA:492,60
DA:493,60
DA:494,0
DA:495,0
DA:497,60
DA:498,60
DA:499,60
DA:500,60
DA:505,13
DA:507,13
DA:508,13
DA:509,13
DA:513,26
DA:515,39
DA:516,13
DA:517,13
DA:518,0
DA:519,0
DA:521,13
DA:523,13
DA:527,224
DA:529,224
DA:530,227
DA:543,224
DA:545,224
DA:546,224
DA:547,224
DA:548,224
DA:549,224
DA:550,224
DA:551,222
DA:553,224
DA:554,224
DA:555,224
DA:557,224
DA:559,224
DA:564,224
DA:565,224
DA:566,224
DA:567,224
DA:568,224
DA:569,224
DA:572,224
DA:575,224
DA:576,224
DA:577,224
DA:578,28
DA:579,28
DA:580,28
DA:581,28
DA:584,28
DA:585,3
DA:586,0
DA:587,0
DA:591,224
DA:594,224
DA:596,224
DA:598,224
DA:599,224
DA:600,224
DA:602,224
DA:605,224
DA:606,224
DA:607,224
DA:608,32
DA:610,224
DA:611,224
DA:613,394
DA:615,394
DA:616,394
DA:617,394
DA:618,394
DA:619,394
DA:620,382
DA:623,361
DA:625,361
DA:626,74
DA:627,361
DA:630,304
DA:632,304
DA:633,58
DA:634,304
DA:635,304
DA:636,8
DA:638,304
DA:641,224
DA:643,224
DA:644,0
DA:645,224
DA:646,224
DA:647,6
DA:649,224
DA:652,63
DA:655,63
DA:656,63
DA:658,0
DA:660,63
DA:663,252
DA:671,63
DA:672,63
DA:678,63
DA:679,6
DA:680,6
DA:688,6
DA:689,6
DA:690,6
DA:700,63
DA:705,64
DA:709,63
DA:711,42
DA:713,42
DA:714,46
DA:717,38
DA:725,38
DA:734,89
DA:736,89
DA:737,89
DA:738,12
DA:741,12
DA:742,12
DA:743,24
DA:752,77
DA:758,22
DA:760,22
DA:761,22
DA:762,22
DA:763,22
DA:766,22
DA:770,22
DA:774,22
DA:781,22
DA:783,16
DA:787,6
DA:788,6
DA:794,0
DA:795,0
DA:800,26
DA:803,30
DA:807,32
DA:811,52
DA:818,16
DA:820,16
DA:824,16
DA:827,32
DA:832,19
DA:837,25
DA:842,25
DA:848,32
DA:856,16
DA:858,16
DA:861,18
DA:865,32
DA:870,32
DA:876,32
DA:883,25
DA:885,25
DA:886,25
DA:887,25
DA:890,25
DA:891,0
DA:895,0
DA:897,26
DA:901,24
DA:902,0
DA:903,0
DA:905,24
DA:912,196
DA:915,196
DA:917,149
DA:918,149
DA:919,149
DA:921,4
DA:927,0
DA:932,0
DA:933,0
DA:934,0
DA:937,0
DA:938,0
DA:940,0
DA:941,0
DA:942,0
DA:950,224
DA:954,224
DA:958,196
DA:962,145
DA:965,144
DA:968,0
DA:969,0
DA:970,0
DA:973,224
DA:976,224
DA:977,224
DA:978,224
DA:979,224
DA:981,224
DA:982,224
DA:984,224
DA:985,224
DA:986,224
DA:987,224
DA:988,224
DA:989,224
DA:990,224
DA:991,224
DA:992,224
DA:993,224
DA:994,224
DA:995,224
DA:996,224
DA:997,224
DA:998,224
DA:999,224
DA:1000,224
DA:1001,224
DA:1002,224
DA:1003,224
DA:1004,224
DA:1005,224
DA:1006,0
DA:1007,0
DA:1010,0
DA:1011,0
DA:1013,224
DA:1019,224
DA:1021,224
DA:1022,224
DA:1024,224
DA:1025,224
DA:1026,224
DA:1027,224
DA:1028,224
DA:1030,224
DA:1031,224
DA:1032,224
DA:1033,224
DA:1034,224
DA:1036,224
DA:1037,224
DA:1038,224
DA:1039,224
DA:1040,224
DA:1044,35
DA:1047,224
DA:1048,224
DA:1049,224
DA:1051,224
DA:1052,224
DA:1053,224
DA:1061,224
DA:1064,76
DA:1066,152
DA:1067,76
DA:1072,13
DA:1075,13
DA:1076,13
DA:1077,13
DA:1078,13
DA:1079,13
DA:1081,13
DA:1082,13
DA:1083,13
DA:1084,13
DA:1085,13
DA:1086,13
DA:1088,13
DA:1089,13
DA:1090,13
DA:1091,13
DA:1092,13
DA:1093,13
DA:1095,13
DA:1100,13
DA:1103,5
DA:1104,5
DA:1106,5
DA:1107,5
DA:1109,5
DA:1110,3
DA:1111,3
DA:1113,5
DA:1114,0
DA:1115,0
DA:1117,5
DA:1118,5
DA:1119,5
DA:1120,0
DA:1122,5
DA:1123,0
DA:1125,5
DA:1128,3
DA:1129,3
DA:1135,20
DA:1137,20
DA:1139,0
DA:1142,0
DA:1143,0
DA:1144,0
DA:1145,0
DA:1146,0
DA:1147,0
DA:1148,0
DA:1149,0
DA:1150,0
DA:1155,0
DA:1156,0
DA:1161,0
DA:1165,0
DA:1166,0
DA:1167,0
DA:1168,0
DA:1169,0
DA:1170,0
DA:1171,0
DA:1174,0
DA:1175,0
DA:1178,0
DA:1187,0
DA:1188,0
DA:1194,0
DA:1202,0
DA:1204,22
DA:1206,22
DA:1207,22
DA:1212,22
DA:1214,22
DA:1215,0
DA:1216,0
DA:1217,0
DA:1218,0
DA:1219,0
DA:1230,22
DA:1231,0
DA:1232,22
DA:1233,0
DA:1236,22
DA:1237,22
DA:1238,22
DA:1246,22
DA:1248,22
DA:1249,0
DA:1250,22
DA:1251,0
DA:1254,22
DA:1267,0
DA:1269,0
DA:1270,0
DA:1271,0
DA:1275,0
DA:1276,0
DA:1280,0
DA:1281,0
DA:1282,0
DA:1283,0
DA:1284,0
DA:1295,22
DA:1297,22
DA:1298,22
DA:1302,3
DA:1304,3
DA:1305,0
DA:1308,3
DA:1311,3
DA:1312,0
DA:1313,0
DA:1314,0
DA:1315,3
DA:1316,0
DA:1317,0
DA:1318,0
DA:1321,3
DA:1330,3
DA:1331,3
DA:1343,16
DA:1345,16
DA:1346,16
DA:1347,16
DA:1350,9
DA:1355,9
DA:1356,9
DA:1357,9
DA:1360,9
DA:1369,9
DA:1370,9
DA:1371,9
DA:1384,25
DA:1386,25
DA:1387,25
DA:1388,1
DA:1389,1
DA:1392,24
DA:1393,24
DA:1394,24
DA:1399,24
DA:1400,24
DA:1401,24
DA:1402,0
DA:1408,24
DA:1409,3
DA:1416,21
DA:1430,24
DA:1432,24
DA:1433,24
DA:1434,0
DA:1435,0
DA:1438,24
DA:1439,24
DA:1440,24
DA:1441,24
DA:1442,2
DA:1443,2
DA:1449,2
DA:1456,24
DA:1457,24
DA:1458,24
DA:1459,24
DA:1460,24
DA:1466,48
DA:1467,24
DA:1468,24
DA:1469,24
DA:1479,0
DA:1481,0
DA:1482,0
DA:1491,221
DA:1493,221
DA:1494,52
DA:1506,226
DA:1508,226
DA:1509,226
DA:1510,172
DA:1511,172
DA:1514,54
DA:1515,54
DA:1516,54
DA:1517,54
DA:1519,54
DA:1522,48
DA:1527,7
DA:1531,7
DA:1532,7
DA:1533,7
DA:1534,7
DA:1536,14
DA:1537,7
DA:1540,7
DA:1541,7
DA:1542,7
DA:1543,7
DA:1546,7
DA:1547,7
DA:1548,224
DA:1550,224
DA:1551,224
DA:1556,71
DA:1558,71
DA:1561,213
DA:1562,71
DA:1563,213
DA:1564,213
DA:1565,71
DA:1568,20
DA:1569,20
DA:1570,60
LF:744
LH:629
end_of_record
TN:
SF:/ascendc-agent/ops-transformer/mc2/matmul_all_reduce/op_host/op_tiling/matmul_all_reduce_tiling_base.h
FN:126,_ZN8optiling25MatmulAllReduceTilingBaseC2EPN4gert13TilingContextE
FN:137,_ZN8optiling25MatmulAllReduceTilingBaseC2EPN4gert13TilingContextEPNS_10MMRCtxInfoE
FN:150,_ZN8optiling25MatmulAllReduceTilingBase5ResetEPN4gert13TilingContextE
FN:163,_ZN8optiling25MatmulAllReduceTilingBase20MutableRCSTilingDataEv
FN:167,_ZN8optiling25MatmulAllReduceTilingBase17MutableMc2MsgDataEv
FN:171,_ZN8optiling25MatmulAllReduceTilingBase26MutableTCubeTileTilingDataEv
FN:175,_ZN8optiling25MatmulAllReduceTilingBase26MutableTCubeTailTilingDataEv
FN:181,_ZN8optiling25MatmulAllReduceTilingBase23PrintExtendMatmulTilingEb
FN:227,_ZN8optiling25MatmulAllReduceTilingBase19DoEmptyTensorTilingEv
FN:228,_ZN8optiling25MatmulAllReduceTilingBase14GetL2CacheParmERmS1_RjS2_b
FNDA:77,_ZN8optiling25MatmulAllReduceTilingBase26MutableTCubeTileTilingDataEv
FNDA:353,_ZN8optiling25MatmulAllReduceTilingBase20MutableRCSTilingDataEv
FNDA:54,_ZN8optiling25MatmulAllReduceTilingBase26MutableTCubeTailTilingDataEv
FNDA:0,_ZN8optiling25MatmulAllReduceTilingBaseC2EPN4gert13TilingContextEPNS_10MMRCtxInfoE
FNDA:0,_ZN8optiling25MatmulAllReduceTilingBase5ResetEPN4gert13TilingContextE
FNDA:39,_ZN8optiling25MatmulAllReduceTilingBase17MutableMc2MsgDataEv
FNDA:52,_ZN8optiling25MatmulAllReduceTilingBase23PrintExtendMatmulTilingEb
FNDA:0,_ZN8optiling25MatmulAllReduceTilingBase14GetL2CacheParmERmS1_RjS2_b
FNDA:224,_ZN8optiling25MatmulAllReduceTilingBaseC2EPN4gert13TilingContextE
FNDA:0,_ZN8optiling25MatmulAllReduceTilingBase19DoEmptyTensorTilingEv
FNF:10
FNH:6
DA:126,224
DA:127,224
DA:129,224
DA:132,896
DA:136,0
DA:137,0
DA:138,0
DA:140,0
DA:141,0
DA:148,224
DA:150,0
DA:152,0
DA:153,0
DA:154,0
DA:163,353
DA:165,353
DA:167,39
DA:169,39
DA:171,77
DA:173,77
DA:175,54
DA:177,54
DA:181,52
DA:227,0
DA:228,0
DA:231,0
DA:232,0
DA:233,0
DA:234,0
DA:235,0
DA:236,0
LF:31
LH:14
end_of_record
